#
# There is insufficient memory for the Java Runtime Environment to continue.
# Native memory allocation (malloc) failed to allocate 2767648 bytes for Chunk::new
# Possible reasons:
#   The system is out of physical RAM or swap space
#   The process is running with CompressedOops enabled, and the Java Heap may be blocking the growth of the native heap
# Possible solutions:
#   Reduce memory load on the system
#   Increase physical memory or swap space
#   Check if swap backing store is full
#   Decrease Java heap size (-Xmx/-Xms)
#   Decrease number of Java threads
#   Decrease Java thread stack sizes (-Xss)
#   Set larger code cache with -XX:ReservedCodeCacheSize=
#   JVM is running with Unscaled Compressed Oops mode in which the Java heap is
#     placed in the first 4GB address space. The Java Heap base address is the
#     maximum limit for the native heap growth. Please use -XX:HeapBaseMinAddress
#     to set the Java Heap base and to place the Java Heap above 4GB virtual address.
# This output file may be truncated or incomplete.
#
#  Out of Memory Error (t:/workspace/open/src/hotspot/share/memory/arena.cpp:196), pid=5624, tid=12760
#
# JRE version: Java(TM) SE Runtime Environment (13.0.2+8) (build 13.0.2+8)
# Java VM: Java HotSpot(TM) 64-Bit Server VM (13.0.2+8, mixed mode, sharing, tiered, compressed oops, g1 gc, windows-amd64)
# No core dump will be written. Minidumps are not enabled by default on client versions of Windows
#

---------------  S U M M A R Y ------------

Command Line: -javaagent:C:\Program Files\JetBrains\IntelliJ IDEA Community Edition 2019.3.1\lib\idea_rt.jar=51916:C:\Program Files\JetBrains\IntelliJ IDEA Community Edition 2019.3.1\bin -Dfile.encoding=UTF-8 com.example.employees.EmployeesApplication

Host: Intel(R) Core(TM) i5-7500 CPU @ 3.40GHz, 4 cores, 7G,  Windows 10 , 64 bit Build 17134 (10.0.17134.1425)
Time: Fri Jun 12 12:59:17 2020 Srednja Europa - ljet. vrij. elapsed time: 7 seconds (0d 0h 0m 7s)

---------------  T H R E A D  ---------------

Current thread (0x00000277d010a800):  JavaThread "C2 CompilerThread0" daemon [_thread_in_native, id=12760, stack(0x000000ff12600000,0x000000ff12700000)]


Current CompileTask:
C2:   7645 5008       4       org.springframework.core.annotation.AnnotationsScanner::processClass (123 bytes)

Stack: [0x000000ff12600000,0x000000ff12700000]
Native frames: (J=compiled Java code, j=interpreted, Vv=VM code, C=native code)
V  [jvm.dll+0x624f9a]
V  [jvm.dll+0x770cfa]
V  [jvm.dll+0x7724af]
V  [jvm.dll+0x772ab3]
V  [jvm.dll+0x24bf08]
V  [jvm.dll+0xc1e47]
V  [jvm.dll+0xc23cc]
V  [jvm.dll+0x35c0c5]
V  [jvm.dll+0x19f2f0]
V  [jvm.dll+0x205d36]
V  [jvm.dll+0x204e3f]
V  [jvm.dll+0x189c2c]
V  [jvm.dll+0x213e6d]
V  [jvm.dll+0x2120bb]
V  [jvm.dll+0x736bb6]
V  [jvm.dll+0x72fcaa]
V  [jvm.dll+0x623ea6]
C  [ucrtbase.dll+0x1e3fe]
C  [KERNEL32.DLL+0x14034]
C  [ntdll.dll+0x73691]


---------------  P R O C E S S  ---------------

Threads class SMR info:
_java_thread_list=0x00000277d53a6eb0, length=24, elements={
0x00000277b1cc1000, 0x00000277d00d5800, 0x00000277d00db000, 0x00000277d0108000,
0x00000277d0109000, 0x00000277d010a800, 0x00000277d0a64800, 0x00000277d0a65800,
0x00000277d00b5000, 0x00000277d0e1b000, 0x00000277d0e1c000, 0x00000277d151d000,
0x00000277d151d800, 0x00000277d250d800, 0x00000277d4c7d800, 0x00000277d4d2a800,
0x00000277d2307000, 0x00000277d337f000, 0x00000277d481c800, 0x00000277d60dc000,
0x00000277d6748800, 0x00000277d6746000, 0x00000277d6747800, 0x00000277d6746800
}

Java Threads: ( => current thread )
  0x00000277b1cc1000 JavaThread "main" [_thread_blocked, id=10892, stack(0x000000ff11a00000,0x000000ff11b00000)]
  0x00000277d00d5800 JavaThread "Reference Handler" daemon [_thread_blocked, id=9040, stack(0x000000ff12200000,0x000000ff12300000)]
  0x00000277d00db000 JavaThread "Finalizer" daemon [_thread_blocked, id=10244, stack(0x000000ff12300000,0x000000ff12400000)]
  0x00000277d0108000 JavaThread "Signal Dispatcher" daemon [_thread_blocked, id=1500, stack(0x000000ff12400000,0x000000ff12500000)]
  0x00000277d0109000 JavaThread "Attach Listener" daemon [_thread_blocked, id=3600, stack(0x000000ff12500000,0x000000ff12600000)]
=>0x00000277d010a800 JavaThread "C2 CompilerThread0" daemon [_thread_in_native, id=12760, stack(0x000000ff12600000,0x000000ff12700000)]
  0x00000277d0a64800 JavaThread "C1 CompilerThread0" daemon [_thread_blocked, id=12540, stack(0x000000ff12700000,0x000000ff12800000)]
  0x00000277d0a65800 JavaThread "Sweeper thread" daemon [_thread_blocked, id=7068, stack(0x000000ff12800000,0x000000ff12900000)]
  0x00000277d00b5000 JavaThread "Common-Cleaner" daemon [_thread_blocked, id=10380, stack(0x000000ff12900000,0x000000ff12a00000)]
  0x00000277d0e1b000 JavaThread "Monitor Ctrl-Break" daemon [_thread_in_native, id=10324, stack(0x000000ff12a00000,0x000000ff12b00000)]
  0x00000277d0e1c000 JavaThread "Service Thread" daemon [_thread_blocked, id=9684, stack(0x000000ff12b00000,0x000000ff12c00000)]
  0x00000277d151d000 JavaThread "Thread-0" [_thread_blocked, id=13272, stack(0x000000ff13000000,0x000000ff13100000)]
  0x00000277d151d800 JavaThread "restartedMain" [_thread_in_native, id=9228, stack(0x000000ff13100000,0x000000ff13200000)]
  0x00000277d250d800 JavaThread "C2 CompilerThread1" daemon [_thread_blocked, id=10968, stack(0x000000ff12f00000,0x000000ff13000000)]
  0x00000277d4c7d800 JavaThread "Catalina-utility-1" [_thread_blocked, id=6184, stack(0x000000ff13200000,0x000000ff13300000)]
  0x00000277d4d2a800 JavaThread "Catalina-utility-2" [_thread_blocked, id=4920, stack(0x000000ff13300000,0x000000ff13400000)]
  0x00000277d2307000 JavaThread "container-0" [_thread_blocked, id=4852, stack(0x000000ff13600000,0x000000ff13700000)]
  0x00000277d337f000 JavaThread "mysql-cj-abandoned-connection-cleanup" daemon [_thread_blocked, id=4928, stack(0x000000ff13700000,0x000000ff13800000)]
  0x00000277d481c800 JavaThread "task-1" [_thread_blocked, id=4804, stack(0x000000ff13800000,0x000000ff13900000)]
  0x00000277d60dc000 JavaThread "HikariPool-1 housekeeper" daemon [_thread_blocked, id=2096, stack(0x000000ff13a00000,0x000000ff13b00000)]
  0x00000277d6748800 JavaThread "HikariPool-1 connection adder" daemon [_thread_blocked, id=5060, stack(0x000000ff13b00000,0x000000ff13c00000)]
  0x00000277d6746000 JavaThread "task-2" [_thread_blocked, id=10964, stack(0x000000ff13c00000,0x000000ff13d00000)]
  0x00000277d6747800 JavaThread "Live Reload Server" daemon [_thread_in_native, id=2812, stack(0x000000ff13e00000,0x000000ff13f00000)]
  0x00000277d6746800 JavaThread "File Watcher" daemon [_thread_blocked, id=2832, stack(0x000000ff13d00000,0x000000ff13e00000)]

Other Threads:
  0x00000277d00cb000 VMThread "VM Thread" [stack: 0x000000ff12100000,0x000000ff12200000] [id=11356]
  0x00000277d0f02000 WatcherThread [stack: 0x000000ff12c00000,0x000000ff12d00000] [id=13176]
  0x00000277b1cfe800 GCTaskThread "GC Thread#0" [stack: 0x000000ff11c00000,0x000000ff11d00000] [id=7656]
  0x00000277d14fc000 GCTaskThread "GC Thread#1" [stack: 0x000000ff12d00000,0x000000ff12e00000] [id=8956]
  0x00000277d1dbe800 GCTaskThread "GC Thread#2" [stack: 0x000000ff13400000,0x000000ff13500000] [id=9732]
  0x00000277d1718000 GCTaskThread "GC Thread#3" [stack: 0x000000ff13500000,0x000000ff13600000] [id=12736]
  0x00000277b1d10800 ConcurrentGCThread "G1 Main Marker" [stack: 0x000000ff11d00000,0x000000ff11e00000] [id=5680]
  0x00000277b1d12000 ConcurrentGCThread "G1 Conc#0" [stack: 0x000000ff11e00000,0x000000ff11f00000] [id=5400]
  0x00000277cff51800 ConcurrentGCThread "G1 Refine#0" [stack: 0x000000ff11f00000,0x000000ff12000000] [id=11520]
  0x00000277d0cdc000 ConcurrentGCThread "G1 Refine#1" [stack: 0x000000ff12e00000,0x000000ff12f00000] [id=2528]
  0x00000277cff52800 ConcurrentGCThread "G1 Young RemSet Sampling" [stack: 0x000000ff12000000,0x000000ff12100000] [id=12232]

Threads with active compile tasks:
C2 CompilerThread0     7704 5008       4       org.springframework.core.annotation.AnnotationsScanner::processClass (123 bytes)

VM state:not at safepoint (normal execution)

VM Mutex/Monitor currently owned by a thread: None

Heap address: 0x0000000084c00000, size: 1972 MB, Compressed Oops mode: 32-bit
Narrow klass base: 0x0000000800000000, Narrow klass shift: 3
Compressed class space size: 1073741824 Address: 0x0000000800b40000

Heap:
 garbage-first heap   total 54272K, used 35212K [0x0000000084c00000, 0x0000000100000000)
  region size 1024K, 15 young (15360K), 3 survivors (3072K)
 Metaspace       used 52404K, capacity 53803K, committed 54092K, reserved 1095680K
  class space    used 6957K, capacity 7492K, committed 7552K, reserved 1048576K
Heap Regions: E=young(eden), S=young(survivor), O=old, HS=humongous(starts), HC=humongous(continues), CS=collection set, F=free, A=archive, TAMS=top-at-mark-start (previous, next)
|   0|0x0000000084c00000, 0x0000000084d00000, 0x0000000084d00000|100%|HS|  |TAMS 0x0000000084d00000, 0x0000000084c00000| Complete 
|   1|0x0000000084d00000, 0x0000000084e00000, 0x0000000084e00000|100%| O|  |TAMS 0x0000000084e00000, 0x0000000084d00000| Untracked 
|   2|0x0000000084e00000, 0x0000000084f00000, 0x0000000084f00000|100%| O|  |TAMS 0x0000000084f00000, 0x0000000084e00000| Untracked 
|   3|0x0000000084f00000, 0x0000000085000000, 0x0000000085000000|100%| O|  |TAMS 0x0000000085000000, 0x0000000084f00000| Untracked 
|   4|0x0000000085000000, 0x0000000085100000, 0x0000000085100000|100%| O|  |TAMS 0x0000000085100000, 0x0000000085000000| Untracked 
|   5|0x0000000085100000, 0x00000000851fc800, 0x0000000085200000| 98%| O|  |TAMS 0x00000000851fc800, 0x0000000085100000| Untracked 
|   6|0x0000000085200000, 0x0000000085300000, 0x0000000085300000|100%| O|  |TAMS 0x0000000085300000, 0x0000000085200000| Untracked 
|   7|0x0000000085300000, 0x0000000085400000, 0x0000000085400000|100%| O|  |TAMS 0x0000000085400000, 0x0000000085300000| Untracked 
|   8|0x0000000085400000, 0x0000000085500000, 0x0000000085500000|100%| O|  |TAMS 0x0000000085500000, 0x0000000085400000| Untracked 
|   9|0x0000000085500000, 0x0000000085600000, 0x0000000085600000|100%| O|  |TAMS 0x0000000085600000, 0x0000000085500000| Untracked 
|  10|0x0000000085600000, 0x0000000085700000, 0x0000000085700000|100%| O|  |TAMS 0x0000000085700000, 0x0000000085600000| Untracked 
|  11|0x0000000085700000, 0x0000000085800000, 0x0000000085800000|100%| O|  |TAMS 0x0000000085800000, 0x0000000085700000| Untracked 
|  12|0x0000000085800000, 0x0000000085900000, 0x0000000085900000|100%| O|  |TAMS 0x0000000085900000, 0x0000000085800000| Untracked 
|  13|0x0000000085900000, 0x0000000085a00000, 0x0000000085a00000|100%| O|  |TAMS 0x0000000085a00000, 0x0000000085900000| Untracked 
|  14|0x0000000085a00000, 0x0000000085b00000, 0x0000000085b00000|100%| O|  |TAMS 0x0000000085b00000, 0x0000000085a00000| Untracked 
|  15|0x0000000085b00000, 0x0000000085c00000, 0x0000000085c00000|100%| O|  |TAMS 0x0000000085c00000, 0x0000000085b00000| Untracked 
|  16|0x0000000085c00000, 0x0000000085d00000, 0x0000000085d00000|100%| O|  |TAMS 0x0000000085d00000, 0x0000000085c00000| Untracked 
|  17|0x0000000085d00000, 0x0000000085e00000, 0x0000000085e00000|100%| O|  |TAMS 0x0000000085e00000, 0x0000000085d00000| Untracked 
|  18|0x0000000085e00000, 0x0000000085f00000, 0x0000000085f00000|100%| O|  |TAMS 0x0000000085f00000, 0x0000000085e00000| Untracked 
|  19|0x0000000085f00000, 0x0000000086000000, 0x0000000086000000|100%| O|  |TAMS 0x0000000086000000, 0x0000000085f00000| Untracked 
|  20|0x0000000086000000, 0x00000000860b2400, 0x0000000086100000| 69%| O|  |TAMS 0x00000000860b2400, 0x0000000086000000| Untracked 
|  21|0x0000000086100000, 0x0000000086100000, 0x0000000086200000|  0%| F|  |TAMS 0x0000000086100000, 0x0000000086100000| Untracked 
|  22|0x0000000086200000, 0x0000000086200000, 0x0000000086300000|  0%| F|  |TAMS 0x0000000086200000, 0x0000000086200000| Untracked 
|  23|0x0000000086300000, 0x0000000086300000, 0x0000000086400000|  0%| F|  |TAMS 0x0000000086300000, 0x0000000086300000| Untracked 
|  24|0x0000000086400000, 0x0000000086400000, 0x0000000086500000|  0%| F|  |TAMS 0x0000000086400000, 0x0000000086400000| Untracked 
|  25|0x0000000086500000, 0x0000000086500000, 0x0000000086600000|  0%| F|  |TAMS 0x0000000086500000, 0x0000000086500000| Untracked 
|  26|0x0000000086600000, 0x0000000086600000, 0x0000000086700000|  0%| F|  |TAMS 0x0000000086600000, 0x0000000086600000| Untracked 
|  27|0x0000000086700000, 0x0000000086700000, 0x0000000086800000|  0%| F|  |TAMS 0x0000000086700000, 0x0000000086700000| Untracked 
|  28|0x0000000086800000, 0x0000000086800000, 0x0000000086900000|  0%| F|  |TAMS 0x0000000086800000, 0x0000000086800000| Untracked 
|  29|0x0000000086900000, 0x0000000086900000, 0x0000000086a00000|  0%| F|  |TAMS 0x0000000086900000, 0x0000000086900000| Untracked 
|  30|0x0000000086a00000, 0x0000000086a00000, 0x0000000086b00000|  0%| F|  |TAMS 0x0000000086a00000, 0x0000000086a00000| Untracked 
|  31|0x0000000086b00000, 0x0000000086b00000, 0x0000000086c00000|  0%| F|  |TAMS 0x0000000086b00000, 0x0000000086b00000| Untracked 
|  32|0x0000000086c00000, 0x0000000086cb4728, 0x0000000086d00000| 70%| S|CS|TAMS 0x0000000086c00000, 0x0000000086c00000| Complete 
|  33|0x0000000086d00000, 0x0000000086e00000, 0x0000000086e00000|100%| S|CS|TAMS 0x0000000086d00000, 0x0000000086d00000| Complete 
|  34|0x0000000086e00000, 0x0000000086f00000, 0x0000000086f00000|100%| S|CS|TAMS 0x0000000086e00000, 0x0000000086e00000| Complete 
|  35|0x0000000086f00000, 0x0000000086f00000, 0x0000000087000000|  0%| F|  |TAMS 0x0000000086f00000, 0x0000000086f00000| Untracked 
|  36|0x0000000087000000, 0x0000000087000000, 0x0000000087100000|  0%| F|  |TAMS 0x0000000087000000, 0x0000000087000000| Untracked 
|  37|0x0000000087100000, 0x0000000087100000, 0x0000000087200000|  0%| F|  |TAMS 0x0000000087100000, 0x0000000087100000| Untracked 
|  38|0x0000000087200000, 0x0000000087200000, 0x0000000087300000|  0%| F|  |TAMS 0x0000000087200000, 0x0000000087200000| Untracked 
|  39|0x0000000087300000, 0x0000000087300000, 0x0000000087400000|  0%| F|  |TAMS 0x0000000087300000, 0x0000000087300000| Untracked 
|  40|0x0000000087400000, 0x0000000087400000, 0x0000000087500000|  0%| F|  |TAMS 0x0000000087400000, 0x0000000087400000| Untracked 
|  41|0x0000000087500000, 0x0000000087570c50, 0x0000000087600000| 44%| E|  |TAMS 0x0000000087500000, 0x0000000087500000| Complete 
|  42|0x0000000087600000, 0x0000000087700000, 0x0000000087700000|100%| E|CS|TAMS 0x0000000087600000, 0x0000000087600000| Complete 
|  43|0x0000000087700000, 0x0000000087800000, 0x0000000087800000|100%| E|CS|TAMS 0x0000000087700000, 0x0000000087700000| Complete 
|  44|0x0000000087800000, 0x0000000087900000, 0x0000000087900000|100%| E|CS|TAMS 0x0000000087800000, 0x0000000087800000| Complete 
|  45|0x0000000087900000, 0x0000000087a00000, 0x0000000087a00000|100%| E|CS|TAMS 0x0000000087900000, 0x0000000087900000| Complete 
|  76|0x0000000089800000, 0x0000000089900000, 0x0000000089900000|100%| E|CS|TAMS 0x0000000089800000, 0x0000000089800000| Complete 
|  77|0x0000000089900000, 0x0000000089a00000, 0x0000000089a00000|100%| E|CS|TAMS 0x0000000089900000, 0x0000000089900000| Complete 
|  78|0x0000000089a00000, 0x0000000089b00000, 0x0000000089b00000|100%| E|CS|TAMS 0x0000000089a00000, 0x0000000089a00000| Complete 
|  79|0x0000000089b00000, 0x0000000089c00000, 0x0000000089c00000|100%| E|CS|TAMS 0x0000000089b00000, 0x0000000089b00000| Complete 
|  80|0x0000000089c00000, 0x0000000089d00000, 0x0000000089d00000|100%| E|CS|TAMS 0x0000000089c00000, 0x0000000089c00000| Complete 
|  81|0x0000000089d00000, 0x0000000089e00000, 0x0000000089e00000|100%| E|CS|TAMS 0x0000000089d00000, 0x0000000089d00000| Complete 
| 148|0x000000008e000000, 0x000000008e100000, 0x000000008e100000|100%| E|CS|TAMS 0x000000008e000000, 0x000000008e000000| Complete 

Card table byte_map: [0x00000277c9590000,0x00000277c9970000] _byte_map_base: 0x00000277c916a000

Marking Bits (Prev, Next): (CMBitMap*) 0x00000277b1cff648, (CMBitMap*) 0x00000277b1cff608
 Prev Bits: [0x00000277cbc20000, 0x00000277cdaf0000)
 Next Bits: [0x00000277c9d50000, 0x00000277cbc20000)

Polling page: 0x00000277afca0000

Metaspace:

Usage:
  Non-class:     45.23 MB capacity,    44.38 MB ( 98%) used,   701.05 KB (  2%) free+waste,   163.69 KB ( <1%) overhead. 
      Class:      7.32 MB capacity,     6.79 MB ( 93%) used,   457.09 KB (  6%) free+waste,    77.13 KB (  1%) overhead. 
       Both:     52.54 MB capacity,    51.18 MB ( 97%) used,     1.13 MB (  2%) free+waste,   240.81 KB ( <1%) overhead. 

Virtual space:
  Non-class space:       46.00 MB reserved,      45.45 MB ( 99%) committed 
      Class space:        1.00 GB reserved,       7.38 MB ( <1%) committed 
             Both:        1.04 GB reserved,      52.82 MB (  5%) committed 

Chunk freelists:
   Non-Class:  37.00 KB
       Class:  28.00 KB
        Both:  65.00 KB

MaxMetaspaceSize: 17179869184.00 GB
CompressedClassSpaceSize: 1.00 GB

CodeHeap 'non-profiled nmethods': size=120000Kb used=2787Kb max_used=2833Kb free=117212Kb
 bounds [0x00000277c1c80000, 0x00000277c1f80000, 0x00000277c91b0000]
CodeHeap 'profiled nmethods': size=120000Kb used=9834Kb max_used=10954Kb free=110165Kb
 bounds [0x00000277ba750000, 0x00000277bb210000, 0x00000277c1c80000]
CodeHeap 'non-nmethods': size=5760Kb used=1315Kb max_used=1386Kb free=4444Kb
 bounds [0x00000277ba1b0000, 0x00000277ba420000, 0x00000277ba750000]
 total_blobs=7183 nmethods=4471 adapters=507
 compilation: enabled
              stopped_count=0, restarted_count=0
 full_count=0

Compilation events (20 events):
Event: 7.309 Thread 0x00000277d010a800 nmethod 5130 0x00000277c1da7710 code [0x00000277c1da7880, 0x00000277c1da78d8]
Event: 7.309 Thread 0x00000277d010a800 5019       4       org.springframework.core.annotation.AnnotationsScanner::isKnownEmpty (60 bytes)
Event: 7.315 Thread 0x00000277d0a64800 5139       1       java.security.Provider$Service::getType (5 bytes)
Event: 7.315 Thread 0x00000277d0a64800 nmethod 5139 0x00000277c1d9cc90 code [0x00000277c1d9ce20, 0x00000277c1d9cf58]
Event: 7.326 Thread 0x00000277d010a800 nmethod 5019 0x00000277c1da9e90 code [0x00000277c1daa120, 0x00000277c1daad20]
Event: 7.327 Thread 0x00000277d010a800 5010       4       java.lang.Class::getInterfaces (6 bytes)
Event: 7.330 Thread 0x00000277d010a800 nmethod 5010 0x00000277c1d5dd90 code [0x00000277c1d5df40, 0x00000277c1d5e1d8]
Event: 7.330 Thread 0x00000277d010a800 5013       4       java.lang.Class::getDeclaredAnnotations (11 bytes)
Event: 7.351 Thread 0x00000277d010a800 nmethod 5013 0x00000277c1d57490 code [0x00000277c1d57720, 0x00000277c1d58650]
Event: 7.352 Thread 0x00000277d010a800 5018       4       org.springframework.core.annotation.MergedAnnotation::missing (4 bytes)
Event: 7.352 Thread 0x00000277d010a800 nmethod 5018 0x00000277c1da7410 code [0x00000277c1da75a0, 0x00000277c1da75f8]
Event: 7.352 Thread 0x00000277d010a800 5017       4       org.springframework.core.annotation.TypeMappedAnnotations::<init> (36 bytes)
Event: 7.355 Thread 0x00000277d010a800 nmethod 5017 0x00000277c1d5d690 code [0x00000277c1d5d820, 0x00000277c1d5dcd8]
Event: 7.355 Thread 0x00000277d010a800 5049       4       java.lang.reflect.Method::equals (69 bytes)
Event: 7.357 Thread 0x00000277d010a800 nmethod 5049 0x00000277c1d57010 code [0x00000277c1d571a0, 0x00000277c1d57338]
Event: 7.357 Thread 0x00000277d010a800 5030       4       org.springframework.core.annotation.TypeMappedAnnotations$MergedAnnotationFinder::finish (9 bytes)
Event: 7.358 Thread 0x00000277d010a800 nmethod 5030 0x00000277c1d5d310 code [0x00000277c1d5d4a0, 0x00000277c1d5d558]
Event: 7.358 Thread 0x00000277d010a800 5080       4       java.util.LinkedHashMap::keySet (25 bytes)
Event: 7.359 Thread 0x00000277d010a800 nmethod 5080 0x00000277c1d9c810 code [0x00000277c1d9c9a0, 0x00000277c1d9cb58]
Event: 7.359 Thread 0x00000277d010a800 5008       4       org.springframework.core.annotation.AnnotationsScanner::processClass (123 bytes)

GC Heap History (20 events):
Event: 4.587 GC heap before
{Heap before GC invocations=14 (full 0):
 garbage-first heap   total 45056K, used 34182K [0x0000000084c00000, 0x0000000100000000)
  region size 1024K, 20 young (20480K), 1 survivors (1024K)
 Metaspace       used 29379K, capacity 30399K, committed 30592K, reserved 1075200K
  class space    used 3720K, capacity 4100K, committed 4224K, reserved 1048576K
}
Event: 4.588 GC heap after
{Heap after GC invocations=15 (full 0):
 garbage-first heap   total 45056K, used 15758K [0x0000000084c00000, 0x0000000100000000)
  region size 1024K, 1 young (1024K), 1 survivors (1024K)
 Metaspace       used 29379K, capacity 30399K, committed 30592K, reserved 1075200K
  class space    used 3720K, capacity 4100K, committed 4224K, reserved 1048576K
}
Event: 4.845 GC heap before
{Heap before GC invocations=15 (full 0):
 garbage-first heap   total 45056K, used 35214K [0x0000000084c00000, 0x0000000100000000)
  region size 1024K, 21 young (21504K), 1 survivors (1024K)
 Metaspace       used 30364K, capacity 31353K, committed 31488K, reserved 1077248K
  class space    used 3848K, capacity 4248K, committed 4352K, reserved 1048576K
}
Event: 4.847 GC heap after
{Heap after GC invocations=16 (full 0):
 garbage-first heap   total 45056K, used 16109K [0x0000000084c00000, 0x0000000100000000)
  region size 1024K, 1 young (1024K), 1 survivors (1024K)
 Metaspace       used 30364K, capacity 31353K, committed 31488K, reserved 1077248K
  class space    used 3848K, capacity 4248K, committed 4352K, reserved 1048576K
}
Event: 5.166 GC heap before
{Heap before GC invocations=16 (full 0):
 garbage-first heap   total 45056K, used 35565K [0x0000000084c00000, 0x0000000100000000)
  region size 1024K, 21 young (21504K), 1 survivors (1024K)
 Metaspace       used 32909K, capacity 33933K, committed 34048K, reserved 1079296K
  class space    used 4138K, capacity 4551K, committed 4608K, reserved 1048576K
}
Event: 5.169 GC heap after
{Heap after GC invocations=17 (full 0):
 garbage-first heap   total 45056K, used 17371K [0x0000000084c00000, 0x0000000100000000)
  region size 1024K, 2 young (2048K), 2 survivors (2048K)
 Metaspace       used 32909K, capacity 33933K, committed 34048K, reserved 1079296K
  class space    used 4138K, capacity 4551K, committed 4608K, reserved 1048576K
}
Event: 5.324 GC heap before
{Heap before GC invocations=17 (full 0):
 garbage-first heap   total 45056K, used 29659K [0x0000000084c00000, 0x0000000100000000)
  region size 1024K, 15 young (15360K), 2 survivors (2048K)
 Metaspace       used 34777K, capacity 35809K, committed 35840K, reserved 1081344K
  class space    used 4457K, capacity 4854K, committed 4864K, reserved 1048576K
}
Event: 5.328 GC heap after
{Heap after GC invocations=18 (full 0):
 garbage-first heap   total 45056K, used 18197K [0x0000000084c00000, 0x0000000100000000)
  region size 1024K, 3 young (3072K), 3 survivors (3072K)
 Metaspace       used 34777K, capacity 35809K, committed 35840K, reserved 1081344K
  class space    used 4457K, capacity 4854K, committed 4864K, reserved 1048576K
}
Event: 5.579 GC heap before
{Heap before GC invocations=19 (full 0):
 garbage-first heap   total 45056K, used 32533K [0x0000000084c00000, 0x0000000100000000)
  region size 1024K, 18 young (18432K), 3 survivors (3072K)
 Metaspace       used 38214K, capacity 39319K, committed 39500K, reserved 1083392K
  class space    used 4951K, capacity 5384K, committed 5504K, reserved 1048576K
}
Event: 5.582 GC heap after
{Heap after GC invocations=20 (full 0):
 garbage-first heap   total 45056K, used 18975K [0x0000000084c00000, 0x0000000100000000)
  region size 1024K, 2 young (2048K), 2 survivors (2048K)
 Metaspace       used 38214K, capacity 39319K, committed 39500K, reserved 1083392K
  class space    used 4951K, capacity 5384K, committed 5504K, reserved 1048576K
}
Event: 5.819 GC heap before
{Heap before GC invocations=20 (full 0):
 garbage-first heap   total 45056K, used 33311K [0x0000000084c00000, 0x0000000100000000)
  region size 1024K, 17 young (17408K), 2 survivors (2048K)
 Metaspace       used 41423K, capacity 42560K, committed 42700K, reserved 1085440K
  class space    used 5358K, capacity 5782K, committed 5888K, reserved 1048576K
}
Event: 5.822 GC heap after
{Heap after GC invocations=21 (full 0):
 garbage-first heap   total 45056K, used 21149K [0x0000000084c00000, 0x0000000100000000)
  region size 1024K, 3 young (3072K), 3 survivors (3072K)
 Metaspace       used 41423K, capacity 42560K, committed 42700K, reserved 1085440K
  class space    used 5358K, capacity 5782K, committed 5888K, reserved 1048576K
}
Event: 5.998 GC heap before
{Heap before GC invocations=21 (full 0):
 garbage-first heap   total 45056K, used 34461K [0x0000000084c00000, 0x0000000100000000)
  region size 1024K, 16 young (16384K), 3 survivors (3072K)
 Metaspace       used 43602K, capacity 44755K, committed 45004K, reserved 1087488K
  class space    used 5663K, capacity 6087K, committed 6144K, reserved 1048576K
}
Event: 6.002 GC heap after
{Heap after GC invocations=22 (full 0):
 garbage-first heap   total 45056K, used 21921K [0x0000000084c00000, 0x0000000100000000)
  region size 1024K, 1 young (1024K), 1 survivors (1024K)
 Metaspace       used 43602K, capacity 44755K, committed 45004K, reserved 1087488K
  class space    used 5663K, capacity 6087K, committed 6144K, reserved 1048576K
}
Event: 6.186 GC heap before
{Heap before GC invocations=22 (full 0):
 garbage-first heap   total 45056K, used 35233K [0x0000000084c00000, 0x0000000100000000)
  region size 1024K, 14 young (14336K), 1 survivors (1024K)
 Metaspace       used 46443K, capacity 47542K, committed 47820K, reserved 1091584K
  class space    used 6142K, capacity 6585K, committed 6656K, reserved 1048576K
}
Event: 6.189 GC heap after
{Heap after GC invocations=23 (full 0):
 garbage-first heap   total 54272K, used 22156K [0x0000000084c00000, 0x0000000100000000)
  region size 1024K, 1 young (1024K), 1 survivors (1024K)
 Metaspace       used 46443K, capacity 47542K, committed 47820K, reserved 1091584K
  class space    used 6142K, capacity 6585K, committed 6656K, reserved 1048576K
}
Event: 6.506 GC heap before
{Heap before GC invocations=24 (full 0):
 garbage-first heap   total 54272K, used 38540K [0x0000000084c00000, 0x0000000100000000)
  region size 1024K, 17 young (17408K), 1 survivors (1024K)
 Metaspace       used 49619K, capacity 50815K, committed 51148K, reserved 1093632K
  class space    used 6586K, capacity 7057K, committed 7168K, reserved 1048576K
}
Event: 6.508 GC heap after
{Heap after GC invocations=25 (full 0):
 garbage-first heap   total 54272K, used 22718K [0x0000000084c00000, 0x0000000100000000)
  region size 1024K, 2 young (2048K), 2 survivors (2048K)
 Metaspace       used 49619K, capacity 50815K, committed 51148K, reserved 1093632K
  class space    used 6586K, capacity 7057K, committed 7168K, reserved 1048576K
}
Event: 6.770 GC heap before
{Heap before GC invocations=25 (full 0):
 garbage-first heap   total 54272K, used 39102K [0x0000000084c00000, 0x0000000100000000)
  region size 1024K, 18 young (18432K), 2 survivors (2048K)
 Metaspace       used 51328K, capacity 52676K, committed 52940K, reserved 1095680K
  class space    used 6823K, capacity 7337K, committed 7424K, reserved 1048576K
}
Event: 6.773 GC heap after
{Heap after GC invocations=26 (full 0):
 garbage-first heap   total 54272K, used 23948K [0x0000000084c00000, 0x0000000100000000)
  region size 1024K, 3 young (3072K), 3 survivors (3072K)
 Metaspace       used 51328K, capacity 52676K, committed 52940K, reserved 1095680K
  class space    used 6823K, capacity 7337K, committed 7424K, reserved 1048576K
}

Deoptimization events (20 events):
Event: 6.956 Thread 0x00000277d151d800 DEOPT PACKING pc=0x00000277c1f58764 sp=0x000000ff131fd490
Event: 6.956 Thread 0x00000277d151d800 DEOPT UNPACKING pc=0x00000277ba1f912f sp=0x000000ff131fd398 mode 2
Event: 6.982 Thread 0x00000277d151d800 DEOPT PACKING pc=0x00000277ba7dc605 sp=0x000000ff131fce70
Event: 6.982 Thread 0x00000277d151d800 DEOPT UNPACKING pc=0x00000277ba1f964e sp=0x000000ff131fc368 mode 0
Event: 6.982 Thread 0x00000277d151d800 Uncommon trap: trap_request=0xffffff45 fr.pc=0x00000277c1d21fec relative=0x000000000000128c
Event: 6.982 Thread 0x00000277d151d800 Uncommon trap: reason=unstable_if action=reinterpret pc=0x00000277c1d21fec method=java.util.concurrent.ConcurrentHashMap.transfer([Ljava/util/concurrent/ConcurrentHashMap$Node;[Ljava/util/concurrent/ConcurrentHashMap$Node;)V @ 352 c2
Event: 6.982 Thread 0x00000277d151d800 DEOPT PACKING pc=0x00000277c1d21fec sp=0x000000ff131fd0f0
Event: 6.982 Thread 0x00000277d151d800 DEOPT UNPACKING pc=0x00000277ba1f912f sp=0x000000ff131fd088 mode 2
Event: 6.983 Thread 0x00000277d151d800 Uncommon trap: trap_request=0xffffff45 fr.pc=0x00000277c1d1922c relative=0x00000000000010cc
Event: 6.983 Thread 0x00000277d151d800 Uncommon trap: reason=unstable_if action=reinterpret pc=0x00000277c1d1922c method=java.util.concurrent.ConcurrentHashMap.transfer([Ljava/util/concurrent/ConcurrentHashMap$Node;[Ljava/util/concurrent/ConcurrentHashMap$Node;)V @ 352 c2
Event: 6.983 Thread 0x00000277d151d800 DEOPT PACKING pc=0x00000277c1d1922c sp=0x000000ff131fd110
Event: 6.983 Thread 0x00000277d151d800 DEOPT UNPACKING pc=0x00000277ba1f912f sp=0x000000ff131fd088 mode 2
Event: 7.085 Thread 0x00000277d151d800 DEOPT PACKING pc=0x00000277ba7dc605 sp=0x000000ff131fc700
Event: 7.085 Thread 0x00000277d151d800 DEOPT UNPACKING pc=0x00000277ba1f964e sp=0x000000ff131fbbf8 mode 0
Event: 7.170 Thread 0x00000277d151d800 DEOPT PACKING pc=0x00000277ba7dc605 sp=0x000000ff131fd000
Event: 7.170 Thread 0x00000277d151d800 DEOPT UNPACKING pc=0x00000277ba1f964e sp=0x000000ff131fc4f8 mode 0
Event: 7.191 Thread 0x00000277d151d800 DEOPT PACKING pc=0x00000277ba7dc605 sp=0x000000ff131fcf50
Event: 7.191 Thread 0x00000277d151d800 DEOPT UNPACKING pc=0x00000277ba1f964e sp=0x000000ff131fc448 mode 0
Event: 7.241 Thread 0x00000277d151d800 DEOPT PACKING pc=0x00000277ba7dc605 sp=0x000000ff131fd710
Event: 7.241 Thread 0x00000277d151d800 DEOPT UNPACKING pc=0x00000277ba1f964e sp=0x000000ff131fcc08 mode 0

Classes unloaded (0 events):
No events

Classes redefined (0 events):
No events

Internal exceptions (20 events):
Event: 5.196 Thread 0x00000277d151d800 Exception <a 'java/lang/ClassNotFoundException'{0x0000000089b47de8}: org/springframework/beans/factory/AwareCustomizer> (0x0000000089b47de8) 
thrown [t:/workspace/open/src/hotspot/share/classfile/systemDictionary.cpp, line 232]
Event: 5.196 Thread 0x00000277d151d800 Exception <a 'java/lang/ClassNotFoundException'{0x0000000089b58820}: org/springframework/context/ApplicationEventPublisherAwareCustomizer> (0x0000000089b58820) 
thrown [t:/workspace/open/src/hotspot/share/classfile/systemDictionary.cpp, line 232]
Event: 5.197 Thread 0x00000277d151d800 Exception <a 'java/lang/ClassNotFoundException'{0x0000000089b67df0}: org/springframework/beans/factory/AwareCustomizer> (0x0000000089b67df0) 
thrown [t:/workspace/open/src/hotspot/share/classfile/systemDictionary.cpp, line 232]
Event: 5.202 Thread 0x00000277d151d800 Exception <a 'java/lang/ClassNotFoundException'{0x0000000089bbc3e0}: java/lang/ObjectCustomizer> (0x0000000089bbc3e0) 
thrown [t:/workspace/open/src/hotspot/share/classfile/systemDictionary.cpp, line 232]
Event: 5.203 Thread 0x00000277d151d800 Exception <a 'java/lang/ClassNotFoundException'{0x0000000089bd0fc8}: org/springframework/core/io/support/PropertiesLoaderSupportCustomizer> (0x0000000089bd0fc8) 
thrown [t:/workspace/open/src/hotspot/share/classfile/systemDictionary.cpp, line 232]
Event: 5.204 Thread 0x00000277d151d800 Exception <a 'java/lang/ClassNotFoundException'{0x0000000089beac68}: org/springframework/beans/factory/config/PropertiesFactoryBeanCustomizer> (0x0000000089beac68) 
thrown [t:/workspace/open/src/hotspot/share/classfile/systemDictionary.cpp, line 232]
Event: 5.204 Thread 0x00000277d151d800 Exception <a 'java/lang/ClassNotFoundException'{0x0000000089a3d280}: org/springframework/beans/factory/FactoryBeanCustomizer> (0x0000000089a3d280) 
thrown [t:/workspace/open/src/hotspot/share/classfile/systemDictionary.cpp, line 232]
Event: 5.208 Thread 0x00000277d151d800 Exception <a 'java/lang/ClassNotFoundException'{0x0000000089a4fbd0}: org/springframework/beans/factory/InitializingBeanCustomizer> (0x0000000089a4fbd0) 
thrown [t:/workspace/open/src/hotspot/share/classfile/systemDictionary.cpp, line 232]
Event: 5.733 Thread 0x00000277d481c800 Exception <a 'java/lang/NoSuchMethodError'{0x0000000086f378e8}: 'java.lang.Object java.lang.invoke.DirectMethodHandle$Holder.invokeStaticInit(java.lang.Object, java.lang.Object, java.lang.Object, java.lang.Object)'> (0x0000000086f378e8) 
thrown [t:/workspace/open/src/hotspot/share/interpreter/linkResolver.cpp, line 767]
Event: 6.256 Thread 0x00000277d481c800 Exception <a 'java/lang/NoSuchMethodError'{0x0000000089b0dc40}: 'void java.lang.invoke.DirectMethodHandle$Holder.invokeInterface(java.lang.Object, java.lang.Object)'> (0x0000000089b0dc40) 
thrown [t:/workspace/open/src/hotspot/share/interpreter/linkResolver.cpp, line 767]
Event: 6.486 Thread 0x00000277d151d800 Exception <a 'java/lang/NoSuchMethodError'{0x000000008729e6a0}: 'java.lang.Object java.lang.invoke.DirectMethodHandle$Holder.invokeInterface(java.lang.Object, java.lang.Object, java.lang.Object)'> (0x000000008729e6a0) 
thrown [t:/workspace/open/src/hotspot/share/interpreter/linkResolver.cpp, line 767]
Event: 6.533 Thread 0x00000277d151d800 Exception <a 'java/lang/ClassNotFoundException'{0x0000000089d8c6a0}: java/lang/ObjectCustomizer> (0x0000000089d8c6a0) 
thrown [t:/workspace/open/src/hotspot/share/classfile/systemDictionary.cpp, line 232]
Event: 6.534 Thread 0x00000277d151d800 Exception <a 'java/lang/ClassNotFoundException'{0x0000000089d9ec88}: com/example/employees/models/TimesheetCustomizer> (0x0000000089d9ec88) 
thrown [t:/workspace/open/src/hotspot/share/classfile/systemDictionary.cpp, line 232]
Event: 6.550 Thread 0x00000277d151d800 Exception <a 'java/lang/NoSuchMethodError'{0x0000000089c98608}: 'int java.lang.invoke.DirectMethodHandle$Holder.invokeVirtual(java.lang.Object, java.lang.Object, java.lang.Object)'> (0x0000000089c98608) 
thrown [t:/workspace/open/src/hotspot/share/interpreter/linkResolver.cpp, line 767]
Event: 6.574 Thread 0x00000277d151d800 Exception <a 'java/lang/ClassNotFoundException'{0x0000000089bf7da0}: java/lang/ObjectCustomizer> (0x0000000089bf7da0) 
thrown [t:/workspace/open/src/hotspot/share/classfile/systemDictionary.cpp, line 232]
Event: 6.574 Thread 0x00000277d151d800 Exception <a 'java/lang/ClassNotFoundException'{0x0000000089a0b310}: com/example/employees/models/EmployeeImageCustomizer> (0x0000000089a0b310) 
thrown [t:/workspace/open/src/hotspot/share/classfile/systemDictionary.cpp, line 232]
Event: 6.584 Thread 0x00000277d151d800 Exception <a 'java/lang/ClassNotFoundException'{0x0000000089a409f0}: java/lang/ObjectCustomizer> (0x0000000089a409f0) 
thrown [t:/workspace/open/src/hotspot/share/classfile/systemDictionary.cpp, line 232]
Event: 6.584 Thread 0x00000277d151d800 Exception <a 'java/lang/ClassNotFoundException'{0x0000000089a52f98}: com/example/employees/models/EmployeeCustomizer> (0x0000000089a52f98) 
thrown [t:/workspace/open/src/hotspot/share/classfile/systemDictionary.cpp, line 232]
Event: 6.993 Thread 0x00000277d151d800 Exception <a 'java/lang/IncompatibleClassChangeError'{0x0000000089b56318}: Found class java.lang.Object, but interface was expected> (0x0000000089b56318) 
thrown [t:/workspace/open/src/hotspot/share/interpreter/linkResolver.cpp, line 833]
Event: 7.059 Thread 0x00000277d151d800 Exception <a 'java/lang/NoSuchMethodError'{0x0000000089aef4d8}: 'int java.lang.invoke.DirectMethodHandle$Holder.invokeStaticInit(java.lang.Object, java.lang.Object, java.lang.Object, java.lang.Object)'> (0x0000000089aef4d8) 
thrown [t:/workspace/open/src/hotspot/share/interpreter/linkResolver.cpp, line 767]

Events (20 events):
Event: 7.310 loading class sun/nio/ch/WindowsSelectorImpl$SubSelector
Event: 7.310 loading class sun/nio/ch/WindowsSelectorImpl$SubSelector done
Event: 7.310 loading class sun/nio/ch/WindowsSelectorImpl$StartLock
Event: 7.310 loading class sun/nio/ch/WindowsSelectorImpl$StartLock done
Event: 7.310 loading class sun/nio/ch/WindowsSelectorImpl$FinishLock
Event: 7.310 loading class sun/nio/ch/WindowsSelectorImpl$FinishLock done
Event: 7.310 loading class sun/nio/ch/PollArrayWrapper
Event: 7.310 loading class sun/nio/ch/PollArrayWrapper done
Event: 7.310 loading class sun/nio/ch/AllocatedNativeObject
Event: 7.310 loading class sun/nio/ch/NativeObject
Event: 7.310 loading class sun/nio/ch/NativeObject done
Event: 7.310 loading class sun/nio/ch/AllocatedNativeObject done
Event: 7.310 loading class java/nio/channels/Pipe
Event: 7.314 loading class java/nio/channels/Pipe done
Event: 7.314 loading class sun/nio/ch/PipeImpl
Event: 7.315 loading class sun/nio/ch/PipeImpl done
Event: 7.315 loading class sun/nio/ch/PipeImpl$Initializer
Event: 7.315 loading class sun/nio/ch/PipeImpl$Initializer done
Event: 7.316 loading class sun/nio/ch/PipeImpl$Initializer$LoopbackConnector
Event: 7.316 loading class sun/nio/ch/PipeImpl$Initializer$LoopbackConnector done


Dynamic libraries:
0x00007ff7d0410000 - 0x00007ff7d041f000 	C:\Program Files\Java\jdk-13.0.2\bin\java.exe
0x00007ffd9f020000 - 0x00007ffd9f201000 	C:\WINDOWS\SYSTEM32\ntdll.dll
0x00007ffd9d660000 - 0x00007ffd9d711000 	C:\WINDOWS\System32\KERNEL32.DLL
0x00007ffd9b670000 - 0x00007ffd9b8e3000 	C:\WINDOWS\System32\KERNELBASE.dll
0x00007ffd9c060000 - 0x00007ffd9c158000 	C:\WINDOWS\System32\ucrtbase.dll
0x00007ffd4cd50000 - 0x00007ffd4cd68000 	C:\Program Files\Java\jdk-13.0.2\bin\jli.dll
0x00007ffd9d770000 - 0x00007ffd9d811000 	C:\WINDOWS\System32\ADVAPI32.dll
0x00007ffd9d5c0000 - 0x00007ffd9d65e000 	C:\WINDOWS\System32\msvcrt.dll
0x00007ffd9ee40000 - 0x00007ffd9ee9b000 	C:\WINDOWS\System32\sechost.dll
0x00007ffd9d020000 - 0x00007ffd9d144000 	C:\WINDOWS\System32\RPCRT4.dll
0x00007ffd9c850000 - 0x00007ffd9c9e0000 	C:\WINDOWS\System32\USER32.dll
0x00007ffd9b3e0000 - 0x00007ffd9b400000 	C:\WINDOWS\System32\win32u.dll
0x00007ffd9ee10000 - 0x00007ffd9ee38000 	C:\WINDOWS\System32\GDI32.dll
0x00007ffd9c200000 - 0x00007ffd9c392000 	C:\WINDOWS\System32\gdi32full.dll
0x00007ffd9c160000 - 0x00007ffd9c1ff000 	C:\WINDOWS\System32\msvcp_win.dll
0x00007ffd4cd30000 - 0x00007ffd4cd45000 	C:\Program Files\Java\jdk-13.0.2\bin\VCRUNTIME140.dll
0x00007ffd8ec10000 - 0x00007ffd8ee79000 	C:\WINDOWS\WinSxS\amd64_microsoft.windows.common-controls_6595b64144ccf1df_6.0.17134.1550_none_d40142657c8ef2c1\COMCTL32.dll
0x00007ffd9c530000 - 0x00007ffd9c850000 	C:\WINDOWS\System32\combase.dll
0x00007ffd9b400000 - 0x00007ffd9b479000 	C:\WINDOWS\System32\bcryptPrimitives.dll
0x00007ffd96fc0000 - 0x00007ffd96fca000 	C:\WINDOWS\SYSTEM32\VERSION.dll
0x00007ffd9d740000 - 0x00007ffd9d76d000 	C:\WINDOWS\System32\IMM32.DLL
0x00007ffd4cc90000 - 0x00007ffd4cd2b000 	C:\Program Files\Java\jdk-13.0.2\bin\msvcp140.dll
0x00007ffd4b110000 - 0x00007ffd4bc6d000 	C:\Program Files\Java\jdk-13.0.2\bin\server\jvm.dll
0x00007ffd9ce90000 - 0x00007ffd9ce98000 	C:\WINDOWS\System32\PSAPI.DLL
0x00007ffd94eb0000 - 0x00007ffd94eb9000 	C:\WINDOWS\SYSTEM32\WSOCK32.dll
0x00007ffd9d1f0000 - 0x00007ffd9d25c000 	C:\WINDOWS\System32\WS2_32.dll
0x00007ffd995a0000 - 0x00007ffd995c3000 	C:\WINDOWS\SYSTEM32\WINMM.dll
0x00007ffd99570000 - 0x00007ffd9959a000 	C:\WINDOWS\SYSTEM32\WINMMBASE.dll
0x00007ffd9b8f0000 - 0x00007ffd9b939000 	C:\WINDOWS\System32\cfgmgr32.dll
0x00007ffd9b3a0000 - 0x00007ffd9b3b1000 	C:\WINDOWS\System32\kernel.appcore.dll
0x00007ffd66bd0000 - 0x00007ffd66be0000 	C:\Program Files\Java\jdk-13.0.2\bin\verify.dll
0x00007ffd8df50000 - 0x00007ffd8e119000 	C:\WINDOWS\SYSTEM32\DBGHELP.DLL
0x00007ffd8db50000 - 0x00007ffd8db79000 	C:\WINDOWS\SYSTEM32\dbgcore.DLL
0x00007ffd4cc60000 - 0x00007ffd4cc86000 	C:\Program Files\Java\jdk-13.0.2\bin\java.dll
0x00007ffd97fe0000 - 0x00007ffd97fee000 	C:\Program Files\Java\jdk-13.0.2\bin\instrument.dll
0x00007ffd4cc40000 - 0x00007ffd4cc57000 	C:\Program Files\Java\jdk-13.0.2\bin\zip.dll
0x00007ffd5d130000 - 0x00007ffd5d13a000 	C:\Program Files\Java\jdk-13.0.2\bin\jimage.dll
0x00007ffd9d820000 - 0x00007ffd9ec65000 	C:\WINDOWS\System32\SHELL32.dll
0x00007ffd9d510000 - 0x00007ffd9d5b9000 	C:\WINDOWS\System32\shcore.dll
0x00007ffd9b940000 - 0x00007ffd9c051000 	C:\WINDOWS\System32\windows.storage.dll
0x00007ffd9d4b0000 - 0x00007ffd9d501000 	C:\WINDOWS\System32\shlwapi.dll
0x00007ffd9b380000 - 0x00007ffd9b39f000 	C:\WINDOWS\System32\profapi.dll
0x00007ffd9b330000 - 0x00007ffd9b37c000 	C:\WINDOWS\System32\powrprof.dll
0x00007ffd9b320000 - 0x00007ffd9b32a000 	C:\WINDOWS\System32\FLTLIB.DLL
0x00007ffd4cc20000 - 0x00007ffd4cc39000 	C:\Program Files\Java\jdk-13.0.2\bin\net.dll
0x00007ffd97020000 - 0x00007ffd970fd000 	C:\WINDOWS\SYSTEM32\WINHTTP.dll
0x00007ffd9ab40000 - 0x00007ffd9aba6000 	C:\WINDOWS\system32\mswsock.dll
0x00007ffd4cc00000 - 0x00007ffd4cc13000 	C:\Program Files\Java\jdk-13.0.2\bin\nio.dll
0x00007ffd97f70000 - 0x00007ffd97f8a000 	C:\Program Files\JetBrains\IntelliJ IDEA Community Edition 2019.3.1\bin\breakgen64.dll
0x00007ffd4cbf0000 - 0x00007ffd4cbf9000 	C:\Program Files\Java\jdk-13.0.2\bin\management.dll
0x00007ffd4cbe0000 - 0x00007ffd4cbeb000 	C:\Program Files\Java\jdk-13.0.2\bin\management_ext.dll
0x00007ffd89a30000 - 0x00007ffd89a46000 	C:\WINDOWS\system32\napinsp.dll
0x00007ffd89a10000 - 0x00007ffd89a2a000 	C:\WINDOWS\system32\pnrpnsp.dll
0x00007ffd97d10000 - 0x00007ffd97d29000 	C:\WINDOWS\system32\NLAapi.dll
0x00007ffd9a8d0000 - 0x00007ffd9a98f000 	C:\WINDOWS\SYSTEM32\DNSAPI.dll
0x00007ffd9ceb0000 - 0x00007ffd9ceb8000 	C:\WINDOWS\System32\NSI.dll
0x00007ffd9a890000 - 0x00007ffd9a8c8000 	C:\WINDOWS\SYSTEM32\IPHLPAPI.DLL
0x00007ffd89a00000 - 0x00007ffd89a0e000 	C:\WINDOWS\System32\winrnr.dll
0x00007ffd94dc0000 - 0x00007ffd94dca000 	C:\Windows\System32\rasadhlp.dll
0x00007ffd92ff0000 - 0x00007ffd93062000 	C:\WINDOWS\System32\fwpuclnt.dll
0x00007ffd9ae20000 - 0x00007ffd9ae45000 	C:\WINDOWS\SYSTEM32\bcrypt.dll
0x00007ffd9acf0000 - 0x00007ffd9ad07000 	C:\WINDOWS\SYSTEM32\CRYPTSP.dll
0x00007ffd9a6f0000 - 0x00007ffd9a723000 	C:\WINDOWS\system32\rsaenh.dll
0x00007ffd9b220000 - 0x00007ffd9b248000 	C:\WINDOWS\SYSTEM32\USERENV.dll
0x00007ffd9ad10000 - 0x00007ffd9ad1b000 	C:\WINDOWS\SYSTEM32\CRYPTBASE.dll
0x00007ffd95440000 - 0x00007ffd95456000 	C:\WINDOWS\SYSTEM32\dhcpcsvc6.DLL
0x00007ffd954d0000 - 0x00007ffd954ea000 	C:\WINDOWS\SYSTEM32\dhcpcsvc.DLL

dbghelp: loaded successfully - version: 4.0.5 - missing functions: none
symbol engine: initialized successfully - sym options: 0x614 - pdb path: .;C:\Program Files\Java\jdk-13.0.2\bin;C:\WINDOWS\SYSTEM32;C:\WINDOWS\WinSxS\amd64_microsoft.windows.common-controls_6595b64144ccf1df_6.0.17134.1550_none_d40142657c8ef2c1;C:\Program Files\Java\jdk-13.0.2\bin\server;C:\Program Files\JetBrains\IntelliJ IDEA Community Edition 2019.3.1\bin

VM Arguments:
jvm_args: -javaagent:C:\Program Files\JetBrains\IntelliJ IDEA Community Edition 2019.3.1\lib\idea_rt.jar=51916:C:\Program Files\JetBrains\IntelliJ IDEA Community Edition 2019.3.1\bin -Dfile.encoding=UTF-8 
java_command: com.example.employees.EmployeesApplication
java_class_path (initial): C:\Users\Frane\Documents\employees\target\classes;C:\Users\Frane\.m2\repository\org\springframework\boot\spring-boot-starter-data-jpa\2.3.0.RELEASE\spring-boot-starter-data-jpa-2.3.0.RELEASE.jar;C:\Users\Frane\.m2\repository\org\springframework\boot\spring-boot-starter-aop\2.3.0.RELEASE\spring-boot-starter-aop-2.3.0.RELEASE.jar;C:\Users\Frane\.m2\repository\org\springframework\spring-aop\5.2.6.RELEASE\spring-aop-5.2.6.RELEASE.jar;C:\Users\Frane\.m2\repository\org\aspectj\aspectjweaver\1.9.5\aspectjweaver-1.9.5.jar;C:\Users\Frane\.m2\repository\org\springframework\boot\spring-boot-starter-jdbc\2.3.0.RELEASE\spring-boot-starter-jdbc-2.3.0.RELEASE.jar;C:\Users\Frane\.m2\repository\com\zaxxer\HikariCP\3.4.5\HikariCP-3.4.5.jar;C:\Users\Frane\.m2\repository\org\springframework\spring-jdbc\5.2.6.RELEASE\spring-jdbc-5.2.6.RELEASE.jar;C:\Users\Frane\.m2\repository\jakarta\transaction\jakarta.transaction-api\1.3.3\jakarta.transaction-api-1.3.3.jar;C:\Users\Frane\.m2\repository\jakarta\persistence\jakarta.persistence-api\2.2.3\jakarta.persistence-api-2.2.3.jar;C:\Users\Frane\.m2\repository\org\hibernate\hibernate-core\5.4.15.Final\hibernate-core-5.4.15.Final.jar;C:\Users\Frane\.m2\repository\org\jboss\logging\jboss-logging\3.4.1.Final\jboss-logging-3.4.1.Final.jar;C:\Users\Frane\.m2\repository\org\javassist\javassist\3.24.0-GA\javassist-3.24.0-GA.jar;C:\Users\Frane\.m2\repository\net\bytebuddy\byte-buddy\1.10.10\byte-buddy-1.10.10.jar;C:\Users\Frane\.m2\repository\antlr\antlr\2.7.7\antlr-2.7.7.jar;C:\Users\Frane\.m2\repository\org\jboss\jandex\2.1.3.Final\jandex-2.1.3.Final.jar;C:\Users\Frane\.m2\repository\com\fasterxml\classmate\1.5.1\classmate-1.5.1.jar;C:\Users\Frane\.m2\repository\org\dom4j\dom4j\2.1.3\dom4j-2.1.3.jar;C:\Users\Frane\.m2\repository\org\hibernate\common\hibernate-commons-annotations\5.1.0.Final\hibernate-commons-annotations-5.1.0.Final.jar;C:\Users\Frane\.m2\repository\org\glassfish\jaxb\jaxb-runtime\2.3.3\jaxb-runtime-2.3.3.jar
Launcher Type: SUN_STANDARD

[Global flags]
     intx CICompilerCount                          = 3                                         {product} {ergonomic}
     uint ConcGCThreads                            = 1                                         {product} {ergonomic}
     uint G1ConcRefinementThreads                  = 4                                         {product} {ergonomic}
   size_t G1HeapRegionSize                         = 1048576                                   {product} {ergonomic}
    uintx GCDrainStackTargetSize                   = 64                                        {product} {ergonomic}
   size_t InitialHeapSize                          = 130023424                                 {product} {ergonomic}
   size_t MarkStackSize                            = 4194304                                   {product} {ergonomic}
   size_t MaxHeapSize                              = 2067791872                                {product} {ergonomic}
   size_t MaxNewSize                               = 1240465408                                {product} {ergonomic}
   size_t MinHeapDeltaBytes                        = 1048576                                   {product} {ergonomic}
   size_t MinHeapSize                              = 8388608                                   {product} {ergonomic}
    uintx NonNMethodCodeHeapSize                   = 5832780                                {pd product} {ergonomic}
    uintx NonProfiledCodeHeapSize                  = 122912730                              {pd product} {ergonomic}
    uintx ProfiledCodeHeapSize                     = 122912730                              {pd product} {ergonomic}
    uintx ReservedCodeCacheSize                    = 251658240                              {pd product} {ergonomic}
     bool SegmentedCodeCache                       = true                                      {product} {ergonomic}
   size_t SoftMaxHeapSize                          = 2067791872                             {manageable} {ergonomic}
     bool UseCompressedClassPointers               = true                                 {lp64_product} {ergonomic}
     bool UseCompressedOops                        = true                                 {lp64_product} {ergonomic}
     bool UseG1GC                                  = true                                      {product} {ergonomic}
     bool UseLargePagesIndividualAllocation        = false                                  {pd product} {ergonomic}

Logging:
Log output configuration:
 #0: stdout all=warning uptime,level,tags
 #1: stderr all=off uptime,level,tags

Environment Variables:
JAVA_HOME=C:\Program Files\Java\jdk-13.0.2
CLASSPATH=.;
PATH=C:\Users\Frane\Downloads\ffmpeg\bin;%PATH;C:\Program Files\Microsoft SQL Server\Client SDK\ODBC\170\Tools\Binn\;C:\Program Files (x86)\Microsoft SQL Server\150\Tools\Binn\;C:\Program Files\Microsoft SQL Server\150\Tools\Binn\;C:\Program Files\Microsoft SQL Server\150\DTS\Binn\;C:\Program Files\dotnet\;C:\Program Files\PostgreSQL\12\bin;C:\Go\bin;C:\Program Files\apache-maven-3.6.3\bin;C:\Program Files\Java\jdk-13.0.2\bin;;C:\Program Files\Microsoft VS Code\bin;C:\Users\Frane\AppData\Local\Programs\Python\Python38-32\Scripts\;C:\Users\Frane\AppData\Local\Programs\Python\Python38-32\;C:\Ruby26-x64\bin;C:\Users\Frane\.windows-build-tools\python27\;C:\Program Files\nodejs\node_modules\npm\bin\node-gyp-bin;C:\Users\Frane\AppData\Roaming\npm\node_modules\windows-build-tools\node_modules\.bin;C:\Users\Frane\AppData\Roaming\npm\node_modules\.bin;C:\ProgramData\DockerDesktop\version-bin;C:\Program Files\Docker\Docker\Resources\bin;C:\WINDOWS\system32;C:\WINDOWS;C:\WINDOWS\System32\Wbem;C:\WINDOWS\System32\WindowsPowerShell\v1.0\;C:\Program Files\nodejs\;C:\xampp\php;C:\ProgramData\ComposerSetup\bin;C:\WINDOWS\System32\OpenSSH\;C:\Program Files\Git\cmd;C:\Program Files\Microsoft VS Code\bin;C:\Program Files\Java\jdk1.8.0_181\bin;C:\Program Files\dotnet\;C:\Program Files\Microsoft SQL Server\Client SDK\ODBC\130\Tools\Binn\;C:\Program Files (x86)\Microsoft SQL Server\140\Tools\Binn\;C:\Program Files\Microsoft SQL Server\140\Tools\Binn\;C:\Program Files\Microsoft SQL Server\140\DTS\Binn\;C:\Program Files\Microsoft SQL Server\130\Tools\Binn\;C:\Program Files (x86)\Microsoft SQL Server\Client SDK\ODBC\130\Tools\Binn\;C:\Program Files (x86)\Microsoft SQL Server\140\DTS\Binn\;C:\Program Files (x86)\Microsoft SQL Server\140\Tools\Binn\ManagementStudio\;C:\Users\Frane\AppData\Local\Programs\Python\Python37-32\Scripts\;C:\Users\Frane\AppData\Local\Programs\Python\Python37-32\;C:\Users\Frane\AppData\Local\Microsoft\WindowsApps;C:\Users\Frane\AppData\Roaming\Composer\vendor\bin;C:\Prog
USERNAME=Frane
OS=Windows_NT
PROCESSOR_IDENTIFIER=Intel64 Family 6 Model 158 Stepping 9, GenuineIntel



---------------  S Y S T E M  ---------------

OS: Windows 10 , 64 bit Build 17134 (10.0.17134.1425)

CPU:total 4 (initial active 4) (4 cores per cpu, 1 threads per core) family 6 model 158 stepping 9, cmov, cx8, fxsr, mmx, sse, sse2, sse3, ssse3, sse4.1, sse4.2, popcnt, avx, avx2, aes, clmul, erms, rtm, 3dnowpref, lzcnt, tsc, tscinvbit, bmi1, bmi2, adx, fma

Memory: 4k page, system-wide physical 7883M (1016M free)
TotalPageFile size 10379M (AvailPageFile size 22M)
current process WorkingSet (physical memory assigned to process): 237M, peak: 253M
current process commit charge ("private bytes"): 274M, peak: 290M

vm_info: Java HotSpot(TM) 64-Bit Server VM (13.0.2+8) for windows-amd64 JRE (13.0.2+8), built on Dec 11 2019 09:20:33 by "mach5one" with unknown MS VC++:1916

END.
