#
# There is insufficient memory for the Java Runtime Environment to continue.
# Native memory allocation (malloc) failed to allocate 32744 bytes for ChunkPool::allocate
# Possible reasons:
#   The system is out of physical RAM or swap space
#   The process is running with CompressedOops enabled, and the Java Heap may be blocking the growth of the native heap
# Possible solutions:
#   Reduce memory load on the system
#   Increase physical memory or swap space
#   Check if swap backing store is full
#   Decrease Java heap size (-Xmx/-Xms)
#   Decrease number of Java threads
#   Decrease Java thread stack sizes (-Xss)
#   Set larger code cache with -XX:ReservedCodeCacheSize=
#   JVM is running with Unscaled Compressed Oops mode in which the Java heap is
#     placed in the first 4GB address space. The Java Heap base address is the
#     maximum limit for the native heap growth. Please use -XX:HeapBaseMinAddress
#     to set the Java Heap base and to place the Java Heap above 4GB virtual address.
# This output file may be truncated or incomplete.
#
#  Out of Memory Error (t:/workspace/open/src/hotspot/share/memory/arena.cpp:80), pid=11156, tid=7716
#
# JRE version: Java(TM) SE Runtime Environment (13.0.2+8) (build 13.0.2+8)
# Java VM: Java HotSpot(TM) 64-Bit Server VM (13.0.2+8, mixed mode, sharing, tiered, compressed oops, g1 gc, windows-amd64)
# No core dump will be written. Minidumps are not enabled by default on client versions of Windows
#

---------------  S U M M A R Y ------------

Command Line: -javaagent:C:\Program Files\JetBrains\IntelliJ IDEA Community Edition 2019.3.1\lib\idea_rt.jar=63587:C:\Program Files\JetBrains\IntelliJ IDEA Community Edition 2019.3.1\bin -Dfile.encoding=UTF-8 com.example.employees.EmployeesApplication

Host: Intel(R) Core(TM) i5-7500 CPU @ 3.40GHz, 4 cores, 7G,  Windows 10 , 64 bit Build 17134 (10.0.17134.1425)
Time: Thu Jun 11 11:44:02 2020 Srednja Europa - ljet. vrij. elapsed time: 2 seconds (0d 0h 0m 2s)

---------------  T H R E A D  ---------------

Current thread (0x0000023c61389000):  JavaThread "C2 CompilerThread0" daemon [_thread_in_native, id=7716, stack(0x0000007b71c00000,0x0000007b71d00000)]


Current CompileTask:
C2:   2043 2005   !   4       jdk.internal.loader.BuiltinClassLoader::loadClassOrNull (143 bytes)

Stack: [0x0000007b71c00000,0x0000007b71d00000]
Native frames: (J=compiled Java code, j=interpreted, Vv=VM code, C=native code)
V  [jvm.dll+0x624f9a]
V  [jvm.dll+0x770cfa]
V  [jvm.dll+0x7724af]
V  [jvm.dll+0x772ab3]
V  [jvm.dll+0x24bf08]
V  [jvm.dll+0xc2076]
V  [jvm.dll+0xc23cc]
V  [jvm.dll+0x360d6d]
V  [jvm.dll+0x529ce6]
V  [jvm.dll+0x327832]
V  [jvm.dll+0x326bda]
V  [jvm.dll+0x205c27]
V  [jvm.dll+0x204e3f]
V  [jvm.dll+0x189c2c]
V  [jvm.dll+0x213e6d]
V  [jvm.dll+0x2120bb]
V  [jvm.dll+0x736bb6]
V  [jvm.dll+0x72fcaa]
V  [jvm.dll+0x623ea6]
C  [ucrtbase.dll+0x1e3fe]
C  [KERNEL32.DLL+0x14034]
C  [ntdll.dll+0x73691]


---------------  P R O C E S S  ---------------

Threads class SMR info:
_java_thread_list=0x0000023c62dc1900, length=14, elements={
0x0000023c42f4b800, 0x0000023c61366800, 0x0000023c6136a000, 0x0000023c61387000,
0x0000023c61388000, 0x0000023c61389000, 0x0000023c6138d000, 0x0000023c61cf8000,
0x0000023c61d9c000, 0x0000023c61dfc000, 0x0000023c620ac800, 0x0000023c62060000,
0x0000023c627e5000, 0x0000023c625e2800
}

Java Threads: ( => current thread )
  0x0000023c42f4b800 JavaThread "main" [_thread_blocked, id=10800, stack(0x0000007b71100000,0x0000007b71200000)]
  0x0000023c61366800 JavaThread "Reference Handler" daemon [_thread_blocked, id=10120, stack(0x0000007b71800000,0x0000007b71900000)]
  0x0000023c6136a000 JavaThread "Finalizer" daemon [_thread_blocked, id=9224, stack(0x0000007b71900000,0x0000007b71a00000)]
  0x0000023c61387000 JavaThread "Signal Dispatcher" daemon [_thread_blocked, id=9772, stack(0x0000007b71a00000,0x0000007b71b00000)]
  0x0000023c61388000 JavaThread "Attach Listener" daemon [_thread_blocked, id=8960, stack(0x0000007b71b00000,0x0000007b71c00000)]
=>0x0000023c61389000 JavaThread "C2 CompilerThread0" daemon [_thread_in_native, id=7716, stack(0x0000007b71c00000,0x0000007b71d00000)]
  0x0000023c6138d000 JavaThread "C1 CompilerThread0" daemon [_thread_in_native, id=4212, stack(0x0000007b71d00000,0x0000007b71e00000)]
  0x0000023c61cf8000 JavaThread "Sweeper thread" daemon [_thread_blocked, id=1004, stack(0x0000007b71e00000,0x0000007b71f00000)]
  0x0000023c61d9c000 JavaThread "Common-Cleaner" daemon [_thread_blocked, id=1136, stack(0x0000007b71f00000,0x0000007b72000000)]
  0x0000023c61dfc000 JavaThread "C2 CompilerThread1" daemon [_thread_in_native, id=8828, stack(0x0000007b72000000,0x0000007b72100000)]
  0x0000023c620ac800 JavaThread "Monitor Ctrl-Break" daemon [_thread_in_native, id=3580, stack(0x0000007b72100000,0x0000007b72200000)]
  0x0000023c62060000 JavaThread "Service Thread" daemon [_thread_blocked, id=9620, stack(0x0000007b72200000,0x0000007b72300000)]
  0x0000023c627e5000 JavaThread "Thread-0" [_thread_blocked, id=6912, stack(0x0000007b72500000,0x0000007b72600000)]
  0x0000023c625e2800 JavaThread "restartedMain" [_thread_in_native, id=6772, stack(0x0000007b72600000,0x0000007b72700000)]

Other Threads:
  0x0000023c6135c800 VMThread "VM Thread" [stack: 0x0000007b71700000,0x0000007b71800000] [id=11788]
  0x0000023c62286800 WatcherThread [stack: 0x0000007b72300000,0x0000007b72400000] [id=9444]
  0x0000023c42f8f000 GCTaskThread "GC Thread#0" [stack: 0x0000007b71200000,0x0000007b71300000] [id=1636]
  0x0000023c622e0800 GCTaskThread "GC Thread#1" [stack: 0x0000007b72400000,0x0000007b72500000] [id=5928]
  0x0000023c62d40800 GCTaskThread "GC Thread#2" [stack: 0x0000007b72800000,0x0000007b72900000] [id=6580]
  0x0000023c62d41800 GCTaskThread "GC Thread#3" [stack: 0x0000007b72900000,0x0000007b72a00000] [id=11796]
  0x0000023c42fa1000 ConcurrentGCThread "G1 Main Marker" [stack: 0x0000007b71300000,0x0000007b71400000] [id=10156]
  0x0000023c42fa2800 ConcurrentGCThread "G1 Conc#0" [stack: 0x0000007b71400000,0x0000007b71500000] [id=4616]
  0x0000023c4300c800 ConcurrentGCThread "G1 Refine#0" [stack: 0x0000007b71500000,0x0000007b71600000] [id=9828]
  0x0000023c4300e800 ConcurrentGCThread "G1 Young RemSet Sampling" [stack: 0x0000007b71600000,0x0000007b71700000] [id=7712]

Threads with active compile tasks:
C2 CompilerThread0     2066 2005   !   4       jdk.internal.loader.BuiltinClassLoader::loadClassOrNull (143 bytes)
C1 CompilerThread0     2066 2115   !   3       sun.net.www.ParseUtil::decode (316 bytes)

VM state:not at safepoint (normal execution)

VM Mutex/Monitor currently owned by a thread:  ([mutex/lock_event])
[0x0000023c42f45b00] ProtectionDomainSet_lock - owner thread: 0x0000000000000000
[0x0000023c42f46c30] AdapterHandlerLibrary_lock - owner thread: 0x0000000000000000

Heap address: 0x0000000084c00000, size: 1972 MB, Compressed Oops mode: 32-bit
Narrow klass base: 0x0000000800000000, Narrow klass shift: 3
Compressed class space size: 1073741824 Address: 0x0000000800b40000

Heap:
 garbage-first heap   total 126976K, used 44050K [0x0000000084c00000, 0x0000000100000000)
  region size 1024K, 38 young (38912K), 3 survivors (3072K)
 Metaspace       used 18390K, capacity 18886K, committed 18944K, reserved 1064960K
  class space    used 2349K, capacity 2558K, committed 2560K, reserved 1048576K
Heap Regions: E=young(eden), S=young(survivor), O=old, HS=humongous(starts), HC=humongous(continues), CS=collection set, F=free, A=archive, TAMS=top-at-mark-start (previous, next)
|   0|0x0000000084c00000, 0x0000000084d00000, 0x0000000084d00000|100%|HS|  |TAMS 0x0000000084c00000, 0x0000000084c00000| Complete 
|   1|0x0000000084d00000, 0x0000000084e00000, 0x0000000084e00000|100%| O|  |TAMS 0x0000000084d00000, 0x0000000084d00000| Untracked 
|   2|0x0000000084e00000, 0x0000000084f00000, 0x0000000084f00000|100%| O|  |TAMS 0x0000000084e00000, 0x0000000084e00000| Untracked 
|   3|0x0000000084f00000, 0x0000000085000000, 0x0000000085000000|100%| O|  |TAMS 0x0000000084f00000, 0x0000000084f00000| Untracked 
|   4|0x0000000085000000, 0x0000000085100000, 0x0000000085100000|100%| O|  |TAMS 0x0000000085000000, 0x0000000085000000| Untracked 
|   5|0x0000000085100000, 0x0000000085200000, 0x0000000085200000|100%| O|  |TAMS 0x0000000085100000, 0x0000000085100000| Untracked 
|   6|0x0000000085200000, 0x000000008524b400, 0x0000000085300000| 29%| O|  |TAMS 0x0000000085200000, 0x0000000085200000| Untracked 
|   7|0x0000000085300000, 0x0000000085300000, 0x0000000085400000|  0%| F|  |TAMS 0x0000000085300000, 0x0000000085300000| Untracked 
|   8|0x0000000085400000, 0x0000000085400000, 0x0000000085500000|  0%| F|  |TAMS 0x0000000085400000, 0x0000000085400000| Untracked 
|   9|0x0000000085500000, 0x0000000085500000, 0x0000000085600000|  0%| F|  |TAMS 0x0000000085500000, 0x0000000085500000| Untracked 
|  10|0x0000000085600000, 0x0000000085600000, 0x0000000085700000|  0%| F|  |TAMS 0x0000000085600000, 0x0000000085600000| Untracked 
|  11|0x0000000085700000, 0x0000000085700000, 0x0000000085800000|  0%| F|  |TAMS 0x0000000085700000, 0x0000000085700000| Untracked 
|  12|0x0000000085800000, 0x0000000085800000, 0x0000000085900000|  0%| F|  |TAMS 0x0000000085800000, 0x0000000085800000| Untracked 
|  13|0x0000000085900000, 0x0000000085900000, 0x0000000085a00000|  0%| F|  |TAMS 0x0000000085900000, 0x0000000085900000| Untracked 
|  14|0x0000000085a00000, 0x0000000085a00000, 0x0000000085b00000|  0%| F|  |TAMS 0x0000000085a00000, 0x0000000085a00000| Untracked 
|  15|0x0000000085b00000, 0x0000000085b00000, 0x0000000085c00000|  0%| F|  |TAMS 0x0000000085b00000, 0x0000000085b00000| Untracked 
|  16|0x0000000085c00000, 0x0000000085c00000, 0x0000000085d00000|  0%| F|  |TAMS 0x0000000085c00000, 0x0000000085c00000| Untracked 
|  17|0x0000000085d00000, 0x0000000085d00000, 0x0000000085e00000|  0%| F|  |TAMS 0x0000000085d00000, 0x0000000085d00000| Untracked 
|  18|0x0000000085e00000, 0x0000000085e00000, 0x0000000085f00000|  0%| F|  |TAMS 0x0000000085e00000, 0x0000000085e00000| Untracked 
|  19|0x0000000085f00000, 0x0000000085f00000, 0x0000000086000000|  0%| F|  |TAMS 0x0000000085f00000, 0x0000000085f00000| Untracked 
|  20|0x0000000086000000, 0x0000000086000000, 0x0000000086100000|  0%| F|  |TAMS 0x0000000086000000, 0x0000000086000000| Untracked 
|  21|0x0000000086100000, 0x0000000086100000, 0x0000000086200000|  0%| F|  |TAMS 0x0000000086100000, 0x0000000086100000| Untracked 
|  22|0x0000000086200000, 0x0000000086200000, 0x0000000086300000|  0%| F|  |TAMS 0x0000000086200000, 0x0000000086200000| Untracked 
|  23|0x0000000086300000, 0x0000000086300000, 0x0000000086400000|  0%| F|  |TAMS 0x0000000086300000, 0x0000000086300000| Untracked 
|  24|0x0000000086400000, 0x0000000086400000, 0x0000000086500000|  0%| F|  |TAMS 0x0000000086400000, 0x0000000086400000| Untracked 
|  25|0x0000000086500000, 0x0000000086500000, 0x0000000086600000|  0%| F|  |TAMS 0x0000000086500000, 0x0000000086500000| Untracked 
|  26|0x0000000086600000, 0x0000000086600000, 0x0000000086700000|  0%| F|  |TAMS 0x0000000086600000, 0x0000000086600000| Untracked 
|  27|0x0000000086700000, 0x0000000086700000, 0x0000000086800000|  0%| F|  |TAMS 0x0000000086700000, 0x0000000086700000| Untracked 
|  28|0x0000000086800000, 0x0000000086800000, 0x0000000086900000|  0%| F|  |TAMS 0x0000000086800000, 0x0000000086800000| Untracked 
|  29|0x0000000086900000, 0x0000000086900000, 0x0000000086a00000|  0%| F|  |TAMS 0x0000000086900000, 0x0000000086900000| Untracked 
|  30|0x0000000086a00000, 0x0000000086a00000, 0x0000000086b00000|  0%| F|  |TAMS 0x0000000086a00000, 0x0000000086a00000| Untracked 
|  31|0x0000000086b00000, 0x0000000086b00000, 0x0000000086c00000|  0%| F|  |TAMS 0x0000000086b00000, 0x0000000086b00000| Untracked 
|  32|0x0000000086c00000, 0x0000000086c00000, 0x0000000086d00000|  0%| F|  |TAMS 0x0000000086c00000, 0x0000000086c00000| Untracked 
|  33|0x0000000086d00000, 0x0000000086d00000, 0x0000000086e00000|  0%| F|  |TAMS 0x0000000086d00000, 0x0000000086d00000| Untracked 
|  34|0x0000000086e00000, 0x0000000086e00000, 0x0000000086f00000|  0%| F|  |TAMS 0x0000000086e00000, 0x0000000086e00000| Untracked 
|  35|0x0000000086f00000, 0x0000000086f00000, 0x0000000087000000|  0%| F|  |TAMS 0x0000000086f00000, 0x0000000086f00000| Untracked 
|  36|0x0000000087000000, 0x0000000087000000, 0x0000000087100000|  0%| F|  |TAMS 0x0000000087000000, 0x0000000087000000| Untracked 
|  37|0x0000000087100000, 0x0000000087100000, 0x0000000087200000|  0%| F|  |TAMS 0x0000000087100000, 0x0000000087100000| Untracked 
|  38|0x0000000087200000, 0x0000000087200000, 0x0000000087300000|  0%| F|  |TAMS 0x0000000087200000, 0x0000000087200000| Untracked 
|  39|0x0000000087300000, 0x0000000087300000, 0x0000000087400000|  0%| F|  |TAMS 0x0000000087300000, 0x0000000087300000| Untracked 
|  40|0x0000000087400000, 0x0000000087400000, 0x0000000087500000|  0%| F|  |TAMS 0x0000000087400000, 0x0000000087400000| Untracked 
|  41|0x0000000087500000, 0x0000000087500000, 0x0000000087600000|  0%| F|  |TAMS 0x0000000087500000, 0x0000000087500000| Untracked 
|  42|0x0000000087600000, 0x0000000087600000, 0x0000000087700000|  0%| F|  |TAMS 0x0000000087600000, 0x0000000087600000| Untracked 
|  43|0x0000000087700000, 0x0000000087700000, 0x0000000087800000|  0%| F|  |TAMS 0x0000000087700000, 0x0000000087700000| Untracked 
|  44|0x0000000087800000, 0x0000000087800000, 0x0000000087900000|  0%| F|  |TAMS 0x0000000087800000, 0x0000000087800000| Untracked 
|  45|0x0000000087900000, 0x0000000087900000, 0x0000000087a00000|  0%| F|  |TAMS 0x0000000087900000, 0x0000000087900000| Untracked 
|  46|0x0000000087a00000, 0x0000000087a00000, 0x0000000087b00000|  0%| F|  |TAMS 0x0000000087a00000, 0x0000000087a00000| Untracked 
|  47|0x0000000087b00000, 0x0000000087bb9618, 0x0000000087c00000| 72%| S|CS|TAMS 0x0000000087b00000, 0x0000000087b00000| Complete 
|  48|0x0000000087c00000, 0x0000000087d00000, 0x0000000087d00000|100%| S|CS|TAMS 0x0000000087c00000, 0x0000000087c00000| Complete 
|  49|0x0000000087d00000, 0x0000000087e00000, 0x0000000087e00000|100%| S|CS|TAMS 0x0000000087d00000, 0x0000000087d00000| Complete 
|  50|0x0000000087e00000, 0x0000000087e00000, 0x0000000087f00000|  0%| F|  |TAMS 0x0000000087e00000, 0x0000000087e00000| Untracked 
|  51|0x0000000087f00000, 0x0000000087f00000, 0x0000000088000000|  0%| F|  |TAMS 0x0000000087f00000, 0x0000000087f00000| Untracked 
|  52|0x0000000088000000, 0x0000000088000000, 0x0000000088100000|  0%| F|  |TAMS 0x0000000088000000, 0x0000000088000000| Untracked 
|  53|0x0000000088100000, 0x0000000088100000, 0x0000000088200000|  0%| F|  |TAMS 0x0000000088100000, 0x0000000088100000| Untracked 
|  54|0x0000000088200000, 0x0000000088200000, 0x0000000088300000|  0%| F|  |TAMS 0x0000000088200000, 0x0000000088200000| Untracked 
|  55|0x0000000088300000, 0x0000000088300000, 0x0000000088400000|  0%| F|  |TAMS 0x0000000088300000, 0x0000000088300000| Untracked 
|  56|0x0000000088400000, 0x0000000088400000, 0x0000000088500000|  0%| F|  |TAMS 0x0000000088400000, 0x0000000088400000| Untracked 
|  57|0x0000000088500000, 0x0000000088500000, 0x0000000088600000|  0%| F|  |TAMS 0x0000000088500000, 0x0000000088500000| Untracked 
|  58|0x0000000088600000, 0x0000000088600000, 0x0000000088700000|  0%| F|  |TAMS 0x0000000088600000, 0x0000000088600000| Untracked 
|  59|0x0000000088700000, 0x0000000088700000, 0x0000000088800000|  0%| F|  |TAMS 0x0000000088700000, 0x0000000088700000| Untracked 
|  60|0x0000000088800000, 0x0000000088800000, 0x0000000088900000|  0%| F|  |TAMS 0x0000000088800000, 0x0000000088800000| Untracked 
|  61|0x0000000088900000, 0x0000000088900000, 0x0000000088a00000|  0%| F|  |TAMS 0x0000000088900000, 0x0000000088900000| Untracked 
|  62|0x0000000088a00000, 0x0000000088a00000, 0x0000000088b00000|  0%| F|  |TAMS 0x0000000088a00000, 0x0000000088a00000| Untracked 
|  63|0x0000000088b00000, 0x0000000088b00000, 0x0000000088c00000|  0%| F|  |TAMS 0x0000000088b00000, 0x0000000088b00000| Untracked 
|  64|0x0000000088c00000, 0x0000000088c00000, 0x0000000088d00000|  0%| F|  |TAMS 0x0000000088c00000, 0x0000000088c00000| Untracked 
|  65|0x0000000088d00000, 0x0000000088d00000, 0x0000000088e00000|  0%| F|  |TAMS 0x0000000088d00000, 0x0000000088d00000| Untracked 
|  66|0x0000000088e00000, 0x0000000088e00000, 0x0000000088f00000|  0%| F|  |TAMS 0x0000000088e00000, 0x0000000088e00000| Untracked 
|  67|0x0000000088f00000, 0x0000000088f00000, 0x0000000089000000|  0%| F|  |TAMS 0x0000000088f00000, 0x0000000088f00000| Untracked 
|  68|0x0000000089000000, 0x0000000089000000, 0x0000000089100000|  0%| F|  |TAMS 0x0000000089000000, 0x0000000089000000| Untracked 
|  69|0x0000000089100000, 0x0000000089100000, 0x0000000089200000|  0%| F|  |TAMS 0x0000000089100000, 0x0000000089100000| Untracked 
|  70|0x0000000089200000, 0x0000000089200000, 0x0000000089300000|  0%| F|  |TAMS 0x0000000089200000, 0x0000000089200000| Untracked 
|  71|0x0000000089300000, 0x0000000089300000, 0x0000000089400000|  0%| F|  |TAMS 0x0000000089300000, 0x0000000089300000| Untracked 
|  72|0x0000000089400000, 0x0000000089400000, 0x0000000089500000|  0%| F|  |TAMS 0x0000000089400000, 0x0000000089400000| Untracked 
|  73|0x0000000089500000, 0x0000000089500000, 0x0000000089600000|  0%| F|  |TAMS 0x0000000089500000, 0x0000000089500000| Untracked 
|  74|0x0000000089600000, 0x0000000089600000, 0x0000000089700000|  0%| F|  |TAMS 0x0000000089600000, 0x0000000089600000| Untracked 
|  75|0x0000000089700000, 0x0000000089700000, 0x0000000089800000|  0%| F|  |TAMS 0x0000000089700000, 0x0000000089700000| Untracked 
|  76|0x0000000089800000, 0x0000000089800000, 0x0000000089900000|  0%| F|  |TAMS 0x0000000089800000, 0x0000000089800000| Untracked 
|  77|0x0000000089900000, 0x0000000089900000, 0x0000000089a00000|  0%| F|  |TAMS 0x0000000089900000, 0x0000000089900000| Untracked 
|  78|0x0000000089a00000, 0x0000000089a00000, 0x0000000089b00000|  0%| F|  |TAMS 0x0000000089a00000, 0x0000000089a00000| Untracked 
|  79|0x0000000089b00000, 0x0000000089b00000, 0x0000000089c00000|  0%| F|  |TAMS 0x0000000089b00000, 0x0000000089b00000| Untracked 
|  80|0x0000000089c00000, 0x0000000089c00000, 0x0000000089d00000|  0%| F|  |TAMS 0x0000000089c00000, 0x0000000089c00000| Untracked 
|  81|0x0000000089d00000, 0x0000000089d00000, 0x0000000089e00000|  0%| F|  |TAMS 0x0000000089d00000, 0x0000000089d00000| Untracked 
|  82|0x0000000089e00000, 0x0000000089e00000, 0x0000000089f00000|  0%| F|  |TAMS 0x0000000089e00000, 0x0000000089e00000| Untracked 
|  83|0x0000000089f00000, 0x0000000089f00000, 0x000000008a000000|  0%| F|  |TAMS 0x0000000089f00000, 0x0000000089f00000| Untracked 
|  84|0x000000008a000000, 0x000000008a000000, 0x000000008a100000|  0%| F|  |TAMS 0x000000008a000000, 0x000000008a000000| Untracked 
|  85|0x000000008a100000, 0x000000008a100000, 0x000000008a200000|  0%| F|  |TAMS 0x000000008a100000, 0x000000008a100000| Untracked 
|  86|0x000000008a200000, 0x000000008a200000, 0x000000008a300000|  0%| F|  |TAMS 0x000000008a200000, 0x000000008a200000| Untracked 
|  87|0x000000008a300000, 0x000000008a300000, 0x000000008a400000|  0%| F|  |TAMS 0x000000008a300000, 0x000000008a300000| Untracked 
|  88|0x000000008a400000, 0x000000008a47a738, 0x000000008a500000| 47%| E|  |TAMS 0x000000008a400000, 0x000000008a400000| Complete 
|  89|0x000000008a500000, 0x000000008a600000, 0x000000008a600000|100%| E|CS|TAMS 0x000000008a500000, 0x000000008a500000| Complete 
|  90|0x000000008a600000, 0x000000008a700000, 0x000000008a700000|100%| E|CS|TAMS 0x000000008a600000, 0x000000008a600000| Complete 
|  91|0x000000008a700000, 0x000000008a800000, 0x000000008a800000|100%| E|CS|TAMS 0x000000008a700000, 0x000000008a700000| Complete 
|  92|0x000000008a800000, 0x000000008a900000, 0x000000008a900000|100%| E|CS|TAMS 0x000000008a800000, 0x000000008a800000| Complete 
|  93|0x000000008a900000, 0x000000008aa00000, 0x000000008aa00000|100%| E|CS|TAMS 0x000000008a900000, 0x000000008a900000| Complete 
|  94|0x000000008aa00000, 0x000000008ab00000, 0x000000008ab00000|100%| E|CS|TAMS 0x000000008aa00000, 0x000000008aa00000| Complete 
|  95|0x000000008ab00000, 0x000000008ac00000, 0x000000008ac00000|100%| E|CS|TAMS 0x000000008ab00000, 0x000000008ab00000| Complete 
|  96|0x000000008ac00000, 0x000000008ad00000, 0x000000008ad00000|100%| E|CS|TAMS 0x000000008ac00000, 0x000000008ac00000| Complete 
|  97|0x000000008ad00000, 0x000000008ae00000, 0x000000008ae00000|100%| E|CS|TAMS 0x000000008ad00000, 0x000000008ad00000| Complete 
|  98|0x000000008ae00000, 0x000000008af00000, 0x000000008af00000|100%| E|CS|TAMS 0x000000008ae00000, 0x000000008ae00000| Complete 
|  99|0x000000008af00000, 0x000000008b000000, 0x000000008b000000|100%| E|CS|TAMS 0x000000008af00000, 0x000000008af00000| Complete 
| 100|0x000000008b000000, 0x000000008b100000, 0x000000008b100000|100%| E|CS|TAMS 0x000000008b000000, 0x000000008b000000| Complete 
| 101|0x000000008b100000, 0x000000008b200000, 0x000000008b200000|100%| E|CS|TAMS 0x000000008b100000, 0x000000008b100000| Complete 
| 102|0x000000008b200000, 0x000000008b300000, 0x000000008b300000|100%| E|CS|TAMS 0x000000008b200000, 0x000000008b200000| Complete 
| 103|0x000000008b300000, 0x000000008b400000, 0x000000008b400000|100%| E|CS|TAMS 0x000000008b300000, 0x000000008b300000| Complete 
| 104|0x000000008b400000, 0x000000008b500000, 0x000000008b500000|100%| E|CS|TAMS 0x000000008b400000, 0x000000008b400000| Complete 
| 105|0x000000008b500000, 0x000000008b600000, 0x000000008b600000|100%| E|CS|TAMS 0x000000008b500000, 0x000000008b500000| Complete 
| 106|0x000000008b600000, 0x000000008b700000, 0x000000008b700000|100%| E|CS|TAMS 0x000000008b600000, 0x000000008b600000| Complete 
| 107|0x000000008b700000, 0x000000008b800000, 0x000000008b800000|100%| E|CS|TAMS 0x000000008b700000, 0x000000008b700000| Complete 
| 108|0x000000008b800000, 0x000000008b900000, 0x000000008b900000|100%| E|CS|TAMS 0x000000008b800000, 0x000000008b800000| Complete 
| 109|0x000000008b900000, 0x000000008ba00000, 0x000000008ba00000|100%| E|CS|TAMS 0x000000008b900000, 0x000000008b900000| Complete 
| 110|0x000000008ba00000, 0x000000008bb00000, 0x000000008bb00000|100%| E|CS|TAMS 0x000000008ba00000, 0x000000008ba00000| Complete 
| 111|0x000000008bb00000, 0x000000008bc00000, 0x000000008bc00000|100%| E|CS|TAMS 0x000000008bb00000, 0x000000008bb00000| Complete 
| 112|0x000000008bc00000, 0x000000008bd00000, 0x000000008bd00000|100%| E|CS|TAMS 0x000000008bc00000, 0x000000008bc00000| Complete 
| 113|0x000000008bd00000, 0x000000008be00000, 0x000000008be00000|100%| E|CS|TAMS 0x000000008bd00000, 0x000000008bd00000| Complete 
| 114|0x000000008be00000, 0x000000008bf00000, 0x000000008bf00000|100%| E|CS|TAMS 0x000000008be00000, 0x000000008be00000| Complete 
| 115|0x000000008bf00000, 0x000000008c000000, 0x000000008c000000|100%| E|CS|TAMS 0x000000008bf00000, 0x000000008bf00000| Complete 
| 116|0x000000008c000000, 0x000000008c100000, 0x000000008c100000|100%| E|CS|TAMS 0x000000008c000000, 0x000000008c000000| Complete 
| 117|0x000000008c100000, 0x000000008c200000, 0x000000008c200000|100%| E|CS|TAMS 0x000000008c100000, 0x000000008c100000| Complete 
| 118|0x000000008c200000, 0x000000008c300000, 0x000000008c300000|100%| E|CS|TAMS 0x000000008c200000, 0x000000008c200000| Complete 
| 119|0x000000008c300000, 0x000000008c400000, 0x000000008c400000|100%| E|CS|TAMS 0x000000008c300000, 0x000000008c300000| Complete 
| 120|0x000000008c400000, 0x000000008c500000, 0x000000008c500000|100%| E|CS|TAMS 0x000000008c400000, 0x000000008c400000| Complete 
| 121|0x000000008c500000, 0x000000008c600000, 0x000000008c600000|100%| E|CS|TAMS 0x000000008c500000, 0x000000008c500000| Complete 
| 122|0x000000008c600000, 0x000000008c700000, 0x000000008c700000|100%| E|CS|TAMS 0x000000008c600000, 0x000000008c600000| Complete 
| 123|0x000000008c700000, 0x000000008c800000, 0x000000008c800000|100%| E|CS|TAMS 0x000000008c700000, 0x000000008c700000| Complete 

Card table byte_map: [0x0000023c5a820000,0x0000023c5ac00000] _byte_map_base: 0x0000023c5a3fa000

Marking Bits (Prev, Next): (CMBitMap*) 0x0000023c42f8fc48, (CMBitMap*) 0x0000023c42f8fc88
 Prev Bits: [0x0000023c5afe0000, 0x0000023c5ceb0000)
 Next Bits: [0x0000023c5ceb0000, 0x0000023c5ed80000)

Polling page: 0x0000023c40de0000

Metaspace:

Usage:
  Non-class:     15.95 MB capacity,    15.66 MB ( 98%) used,   235.56 KB (  1%) free+waste,    52.06 KB ( <1%) overhead. 
      Class:      2.50 MB capacity,     2.29 MB ( 92%) used,   181.60 KB (  7%) free+waste,    26.69 KB (  1%) overhead. 
       Both:     18.44 MB capacity,    17.96 MB ( 97%) used,   417.16 KB (  2%) free+waste,    78.75 KB ( <1%) overhead. 

Virtual space:
  Non-class space:       16.00 MB reserved,      16.00 MB (100%) committed 
      Class space:        1.00 GB reserved,       2.50 MB ( <1%) committed 
             Both:        1.02 GB reserved,      18.50 MB (  2%) committed 

Chunk freelists:
   Non-Class:  56.00 KB
       Class:  2.00 KB
        Both:  58.00 KB

MaxMetaspaceSize: 17179869184.00 GB
CompressedClassSpaceSize: 1.00 GB

CodeHeap 'non-profiled nmethods': size=120000Kb used=908Kb max_used=908Kb free=119091Kb
 bounds [0x0000023c52f10000, 0x0000023c53180000, 0x0000023c5a440000]
CodeHeap 'profiled nmethods': size=120000Kb used=4438Kb max_used=4438Kb free=115562Kb
 bounds [0x0000023c4b9e0000, 0x0000023c4be40000, 0x0000023c52f10000]
CodeHeap 'non-nmethods': size=5760Kb used=1217Kb max_used=1251Kb free=4542Kb
 bounds [0x0000023c4b440000, 0x0000023c4b6b0000, 0x0000023c4b9e0000]
 total_blobs=3379 nmethods=2115 adapters=384
 compilation: enabled
              stopped_count=0, restarted_count=0
 full_count=0

Compilation events (20 events):
Event: 1.970 Thread 0x0000023c6138d000 2101       1       java.net.URLConnection::getUseCaches (5 bytes)
Event: 1.970 Thread 0x0000023c6138d000 nmethod 2101 0x0000023c52ff0990 code [0x0000023c52ff0b20, 0x0000023c52ff0c58]
Event: 1.971 Thread 0x0000023c6138d000 2102   !   3       sun.nio.fs.WindowsPath::initOffsets (153 bytes)
Event: 1.973 Thread 0x0000023c6138d000 nmethod 2102 0x0000023c4be2e490 code [0x0000023c4be2e8a0, 0x0000023c4be30d80]
Event: 1.976 Thread 0x0000023c6138d000 2103       3       sun.nio.fs.NativeBuffers::releaseNativeBuffer (97 bytes)
Event: 1.976 Thread 0x0000023c6138d000 nmethod 2103 0x0000023c4be31b10 code [0x0000023c4be31d80, 0x0000023c4be32cc0]
Event: 1.976 Thread 0x0000023c6138d000 2104       3       java.lang.StringLatin1::compareToCI (108 bytes)
Event: 1.977 Thread 0x0000023c6138d000 nmethod 2104 0x0000023c4be33090 code [0x0000023c4be332e0, 0x0000023c4be33c20]
Event: 1.977 Thread 0x0000023c6138d000 2105       3       org.springframework.util.StringUtils::delimitedListToStringArray (7 bytes)
Event: 1.978 Thread 0x0000023c6138d000 nmethod 2105 0x0000023c4be34010 code [0x0000023c4be341c0, 0x0000023c4be34330]
Event: 1.978 Thread 0x0000023c61dfc000 2106       4       java.nio.MappedByteBuffer::limit (6 bytes)
Event: 1.978 Thread 0x0000023c61dfc000 nmethod 2106 0x0000023c52ff0d10 code [0x0000023c52ff0ea0, 0x0000023c52ff0f98]
Event: 1.979 Thread 0x0000023c61dfc000 2107       4       java.nio.MappedByteBuffer::position (6 bytes)
Event: 1.979 Thread 0x0000023c61dfc000 nmethod 2107 0x0000023c52ff1090 code [0x0000023c52ff1220, 0x0000023c52ff1318]
Event: 1.980 Thread 0x0000023c6138d000 2108       3       java.util.concurrent.ConcurrentHashMap$ValueIterator::<init> (12 bytes)
Event: 1.980 Thread 0x0000023c6138d000 nmethod 2108 0x0000023c4be34410 code [0x0000023c4be345e0, 0x0000023c4be348a0]
Event: 1.980 Thread 0x0000023c61dfc000 2109       4       java.nio.MappedByteBuffer::limit (6 bytes)
Event: 1.980 Thread 0x0000023c61dfc000 nmethod 2109 0x0000023c52ff1410 code [0x0000023c52ff15a0, 0x0000023c52ff1698]
Event: 1.981 Thread 0x0000023c61dfc000 2110       4       java.nio.MappedByteBuffer::position (6 bytes)
Event: 1.981 Thread 0x0000023c61dfc000 nmethod 2110 0x0000023c52ff1790 code [0x0000023c52ff1920, 0x0000023c52ff1a18]

GC Heap History (8 events):
Event: 0.480 GC heap before
{Heap before GC invocations=0 (full 0):
 garbage-first heap   total 126976K, used 15360K [0x0000000084c00000, 0x0000000100000000)
  region size 1024K, 14 young (14336K), 0 survivors (0K)
 Metaspace       used 2637K, capacity 5515K, committed 5760K, reserved 1056768K
  class space    used 251K, capacity 518K, committed 640K, reserved 1048576K
}
Event: 0.490 GC heap after
{Heap after GC invocations=1 (full 0):
 garbage-first heap   total 126976K, used 6378K [0x0000000084c00000, 0x0000000100000000)
  region size 1024K, 2 young (2048K), 2 survivors (2048K)
 Metaspace       used 2637K, capacity 5515K, committed 5760K, reserved 1056768K
  class space    used 251K, capacity 518K, committed 640K, reserved 1048576K
}
Event: 0.780 GC heap before
{Heap before GC invocations=1 (full 0):
 garbage-first heap   total 126976K, used 15594K [0x0000000084c00000, 0x0000000100000000)
  region size 1024K, 11 young (11264K), 2 survivors (2048K)
 Metaspace       used 4632K, capacity 6604K, committed 6912K, reserved 1056768K
  class space    used 493K, capacity 694K, committed 768K, reserved 1048576K
}
Event: 0.783 GC heap after
{Heap after GC invocations=2 (full 0):
 garbage-first heap   total 126976K, used 7008K [0x0000000084c00000, 0x0000000100000000)
  region size 1024K, 1 young (1024K), 1 survivors (1024K)
 Metaspace       used 4632K, capacity 6604K, committed 6912K, reserved 1056768K
  class space    used 493K, capacity 694K, committed 768K, reserved 1048576K
}
Event: 0.794 GC heap before
{Heap before GC invocations=2 (full 0):
 garbage-first heap   total 126976K, used 33632K [0x0000000084c00000, 0x0000000100000000)
  region size 1024K, 28 young (28672K), 1 survivors (1024K)
 Metaspace       used 4632K, capacity 6604K, committed 6912K, reserved 1056768K
  class space    used 493K, capacity 694K, committed 768K, reserved 1048576K
}
Event: 0.795 GC heap after
{Heap after GC invocations=3 (full 0):
 garbage-first heap   total 126976K, used 7017K [0x0000000084c00000, 0x0000000100000000)
  region size 1024K, 1 young (1024K), 1 survivors (1024K)
 Metaspace       used 4632K, capacity 6604K, committed 6912K, reserved 1056768K
  class space    used 493K, capacity 694K, committed 768K, reserved 1048576K
}
Event: 1.395 GC heap before
{Heap before GC invocations=3 (full 0):
 garbage-first heap   total 126976K, used 80745K [0x0000000084c00000, 0x0000000100000000)
  region size 1024K, 74 young (75776K), 1 survivors (1024K)
 Metaspace       used 12982K, capacity 13390K, committed 13696K, reserved 1060864K
  class space    used 1699K, capacity 1858K, committed 1920K, reserved 1048576K
}
Event: 1.401 GC heap after
{Heap after GC invocations=4 (full 0):
 garbage-first heap   total 126976K, used 9234K [0x0000000084c00000, 0x0000000100000000)
  region size 1024K, 3 young (3072K), 3 survivors (3072K)
 Metaspace       used 12982K, capacity 13390K, committed 13696K, reserved 1060864K
  class space    used 1699K, capacity 1858K, committed 1920K, reserved 1048576K
}

Deoptimization events (20 events):
Event: 1.594 Thread 0x0000023c625e2800 Uncommon trap: trap_request=0xffffffc6 fr.pc=0x0000023c52fc072c relative=0x0000000000000eec
Event: 1.594 Thread 0x0000023c625e2800 Uncommon trap: reason=bimorphic_or_optimized_type_check action=maybe_recompile pc=0x0000023c52fc072c method=java.util.HashMap.putVal(ILjava/lang/Object;Ljava/lang/Object;ZZ)Ljava/lang/Object; @ 152 c2
Event: 1.594 Thread 0x0000023c625e2800 DEOPT PACKING pc=0x0000023c52fc072c sp=0x0000007b726fe220
Event: 1.594 Thread 0x0000023c625e2800 DEOPT UNPACKING pc=0x0000023c4b48912f sp=0x0000007b726fe148 mode 2
Event: 1.594 Thread 0x0000023c625e2800 Uncommon trap: trap_request=0xffffffc6 fr.pc=0x0000023c52fc072c relative=0x0000000000000eec
Event: 1.594 Thread 0x0000023c625e2800 Uncommon trap: reason=bimorphic_or_optimized_type_check action=maybe_recompile pc=0x0000023c52fc072c method=java.util.HashMap.putVal(ILjava/lang/Object;Ljava/lang/Object;ZZ)Ljava/lang/Object; @ 152 c2
Event: 1.594 Thread 0x0000023c625e2800 DEOPT PACKING pc=0x0000023c52fc072c sp=0x0000007b726fe220
Event: 1.594 Thread 0x0000023c625e2800 DEOPT UNPACKING pc=0x0000023c4b48912f sp=0x0000007b726fe148 mode 2
Event: 1.594 Thread 0x0000023c625e2800 Uncommon trap: trap_request=0xffffffc6 fr.pc=0x0000023c52fc072c relative=0x0000000000000eec
Event: 1.594 Thread 0x0000023c625e2800 Uncommon trap: reason=bimorphic_or_optimized_type_check action=maybe_recompile pc=0x0000023c52fc072c method=java.util.HashMap.putVal(ILjava/lang/Object;Ljava/lang/Object;ZZ)Ljava/lang/Object; @ 152 c2
Event: 1.594 Thread 0x0000023c625e2800 DEOPT PACKING pc=0x0000023c52fc072c sp=0x0000007b726fe220
Event: 1.594 Thread 0x0000023c625e2800 DEOPT UNPACKING pc=0x0000023c4b48912f sp=0x0000007b726fe148 mode 2
Event: 1.683 Thread 0x0000023c625e2800 Uncommon trap: trap_request=0xffffffc6 fr.pc=0x0000023c52fc072c relative=0x0000000000000eec
Event: 1.683 Thread 0x0000023c625e2800 Uncommon trap: reason=bimorphic_or_optimized_type_check action=maybe_recompile pc=0x0000023c52fc072c method=java.util.HashMap.putVal(ILjava/lang/Object;Ljava/lang/Object;ZZ)Ljava/lang/Object; @ 152 c2
Event: 1.683 Thread 0x0000023c625e2800 DEOPT PACKING pc=0x0000023c52fc072c sp=0x0000007b726fe240
Event: 1.683 Thread 0x0000023c625e2800 DEOPT UNPACKING pc=0x0000023c4b48912f sp=0x0000007b726fe168 mode 2
Event: 1.780 Thread 0x0000023c625e2800 Uncommon trap: trap_request=0xffffff45 fr.pc=0x0000023c52f33c38 relative=0x00000000000009d8
Event: 1.781 Thread 0x0000023c625e2800 Uncommon trap: reason=unstable_if action=reinterpret pc=0x0000023c52f33c38 method=java.util.zip.ZipFile$Source.getEntryPos([BZ)I @ 157 c2
Event: 1.781 Thread 0x0000023c625e2800 DEOPT PACKING pc=0x0000023c52f33c38 sp=0x0000007b726fd860
Event: 1.781 Thread 0x0000023c625e2800 DEOPT UNPACKING pc=0x0000023c4b48912f sp=0x0000007b726fd800 mode 2

Classes unloaded (0 events):
No events

Classes redefined (0 events):
No events

Internal exceptions (20 events):
Event: 1.339 Thread 0x0000023c628d4800 Exception <a 'java/lang/NoSuchMethodError'{0x00000000884f3858}: 'java.lang.Object java.lang.invoke.DirectMethodHandle$Holder.invokeStaticInit(java.lang.Object, java.lang.Object, java.lang.Object, java.lang.Object, java.lang.Object)'> (0x00000000884f3858) 
thrown [t:/workspace/open/src/hotspot/share/interpreter/linkResolver.cpp, line 767]
Event: 1.503 Thread 0x0000023c625e2800 Exception <a 'java/lang/NoSuchMethodError'{0x000000008c62e138}: 'org.slf4j.impl.StaticMDCBinder org.slf4j.impl.StaticMDCBinder.getSingleton()'> (0x000000008c62e138) 
thrown [t:/workspace/open/src/hotspot/share/interpreter/linkResolver.cpp, line 767]
Event: 1.670 Thread 0x0000023c628d4800 Exception <a 'java/lang/NoSuchMethodError'{0x000000008b3d3330}: 'long java.lang.invoke.DirectMethodHandle$Holder.invokeStatic(java.lang.Object, java.lang.Object)'> (0x000000008b3d3330) 
thrown [t:/workspace/open/src/hotspot/share/interpreter/linkResolver.cpp, line 767]
Event: 1.670 Thread 0x0000023c628d4800 Exception <a 'java/lang/NoSuchMethodError'{0x000000008b3d6038}: 'long java.lang.invoke.DirectMethodHandle$Holder.invokeStaticInit(java.lang.Object, java.lang.Object)'> (0x000000008b3d6038) 
thrown [t:/workspace/open/src/hotspot/share/interpreter/linkResolver.cpp, line 767]
Event: 1.675 Thread 0x0000023c628d4800 Exception <a 'java/lang/NoSuchMethodError'{0x000000008b3e1d68}: 'long java.lang.invoke.DirectMethodHandle$Holder.invokeInterface(java.lang.Object, java.lang.Object)'> (0x000000008b3e1d68) 
thrown [t:/workspace/open/src/hotspot/share/interpreter/linkResolver.cpp, line 767]
Event: 1.676 Thread 0x0000023c628d4800 Exception <a 'java/lang/IncompatibleClassChangeError'{0x000000008b3e4890}: Found class java.lang.Object, but interface was expected> (0x000000008b3e4890) 
thrown [t:/workspace/open/src/hotspot/share/interpreter/linkResolver.cpp, line 833]
Event: 1.701 Thread 0x0000023c625e2800 Exception <a 'java/lang/ClassNotFoundException'{0x000000008af70350}: java/lang/ObjectCustomizer> (0x000000008af70350) 
thrown [t:/workspace/open/src/hotspot/share/classfile/systemDictionary.cpp, line 232]
Event: 1.713 Thread 0x0000023c628d4800 Exception <a 'java/lang/NoSuchMethodError'{0x000000008af942c8}: 'java.lang.Object java.lang.invoke.DirectMethodHandle$Holder.invokeVirtual(java.lang.Object, java.lang.Object, java.lang.Object, java.lang.Object)'> (0x000000008af942c8) 
thrown [t:/workspace/open/src/hotspot/share/interpreter/linkResolver.cpp, line 767]
Event: 1.748 Thread 0x0000023c625e2800 Exception <a 'java/lang/IncompatibleClassChangeError'{0x000000008af74218}: Found class java.lang.Object, but interface was expected> (0x000000008af74218) 
thrown [t:/workspace/open/src/hotspot/share/interpreter/linkResolver.cpp, line 833]
Event: 1.753 Thread 0x0000023c625e2800 Exception <a 'java/lang/ClassNotFoundException'{0x000000008ae16d70}: org/springframework/context/annotation/ConfigurationClassPostProcessorCustomizer> (0x000000008ae16d70) 
thrown [t:/workspace/open/src/hotspot/share/classfile/systemDictionary.cpp, line 232]
Event: 1.761 Thread 0x0000023c625e2800 Exception <a 'java/lang/ClassNotFoundException'{0x000000008ae90810}: org/springframework/beans/factory/support/BeanDefinitionRegistryPostProcessorCustomizer> (0x000000008ae90810) 
thrown [t:/workspace/open/src/hotspot/share/classfile/systemDictionary.cpp, line 232]
Event: 1.761 Thread 0x0000023c625e2800 Exception <a 'java/lang/ClassNotFoundException'{0x000000008aea3c88}: org/springframework/beans/factory/config/BeanFactoryPostProcessorCustomizer> (0x000000008aea3c88) 
thrown [t:/workspace/open/src/hotspot/share/classfile/systemDictionary.cpp, line 232]
Event: 1.762 Thread 0x0000023c625e2800 Exception <a 'java/lang/ClassNotFoundException'{0x000000008aeb3c20}: org/springframework/core/PriorityOrderedCustomizer> (0x000000008aeb3c20) 
thrown [t:/workspace/open/src/hotspot/share/classfile/systemDictionary.cpp, line 232]
Event: 1.762 Thread 0x0000023c625e2800 Exception <a 'java/lang/ClassNotFoundException'{0x000000008aec18b0}: org/springframework/core/OrderedCustomizer> (0x000000008aec18b0) 
thrown [t:/workspace/open/src/hotspot/share/classfile/systemDictionary.cpp, line 232]
Event: 1.762 Thread 0x0000023c625e2800 Exception <a 'java/lang/ClassNotFoundException'{0x000000008aed2118}: org/springframework/context/ResourceLoaderAwareCustomizer> (0x000000008aed2118) 
thrown [t:/workspace/open/src/hotspot/share/classfile/systemDictionary.cpp, line 232]
Event: 1.763 Thread 0x0000023c625e2800 Exception <a 'java/lang/ClassNotFoundException'{0x000000008aee1b60}: org/springframework/beans/factory/AwareCustomizer> (0x000000008aee1b60) 
thrown [t:/workspace/open/src/hotspot/share/classfile/systemDictionary.cpp, line 232]
Event: 1.763 Thread 0x0000023c625e2800 Exception <a 'java/lang/ClassNotFoundException'{0x000000008aef24b8}: org/springframework/beans/factory/BeanClassLoaderAwareCustomizer> (0x000000008aef24b8) 
thrown [t:/workspace/open/src/hotspot/share/classfile/systemDictionary.cpp, line 232]
Event: 1.763 Thread 0x0000023c625e2800 Exception <a 'java/lang/ClassNotFoundException'{0x000000008ad02820}: org/springframework/beans/factory/AwareCustomizer> (0x000000008ad02820) 
thrown [t:/workspace/open/src/hotspot/share/classfile/systemDictionary.cpp, line 232]
Event: 1.764 Thread 0x0000023c625e2800 Exception <a 'java/lang/ClassNotFoundException'{0x000000008ad11ec0}: org/springframework/context/EnvironmentAwareCustomizer> (0x000000008ad11ec0) 
thrown [t:/workspace/open/src/hotspot/share/classfile/systemDictionary.cpp, line 232]
Event: 1.764 Thread 0x0000023c625e2800 Exception <a 'java/lang/ClassNotFoundException'{0x000000008ad21870}: org/springframework/beans/factory/AwareCustomizer> (0x000000008ad21870) 
thrown [t:/workspace/open/src/hotspot/share/classfile/systemDictionary.cpp, line 232]

Events (20 events):
Event: 1.945 loading class org/springframework/beans/factory/support/BeanDefinitionResource
Event: 1.945 loading class org/springframework/beans/factory/support/BeanDefinitionResource done
Event: 1.950 loading class org/springframework/context/annotation/BeanMethod
Event: 1.950 loading class org/springframework/context/annotation/BeanMethod done
Event: 1.950 loading class org/springframework/context/annotation/ConfigurationMethod
Event: 1.950 loading class org/springframework/context/annotation/ConfigurationMethod done
Event: 1.951 loading class org/springframework/context/annotation/BeanMethod$NonOverridableMethodError
Event: 1.951 loading class org/springframework/context/annotation/BeanMethod$NonOverridableMethodError done
Event: 1.966 loading class org/springframework/core/type/filter/AssignableTypeFilter
Event: 1.966 loading class org/springframework/core/type/filter/AssignableTypeFilter done
Event: 1.982 loading class org/springframework/web/servlet/DispatcherServlet
Event: 1.982 loading class org/springframework/web/servlet/DispatcherServlet done
Event: 1.982 Executing VM operation: BulkRevokeBias
Event: 1.982 Executing VM operation: BulkRevokeBias done
Event: 1.983 loading class org/springframework/web/servlet/FrameworkServlet
Event: 1.983 loading class org/springframework/web/servlet/FrameworkServlet done
Event: 1.984 loading class org/springframework/web/servlet/HttpServletBean
Event: 1.984 loading class org/springframework/web/servlet/HttpServletBean done
Event: 1.985 loading class javax/servlet/http/HttpServlet
Event: 1.985 loading class javax/servlet/http/HttpServlet done


Dynamic libraries:
0x00007ff739680000 - 0x00007ff73968f000 	C:\Program Files\Java\jdk-13.0.2\bin\java.exe
0x00007ffb7f030000 - 0x00007ffb7f211000 	C:\WINDOWS\SYSTEM32\ntdll.dll
0x00007ffb7c4c0000 - 0x00007ffb7c571000 	C:\WINDOWS\System32\KERNEL32.DLL
0x00007ffb7c1c0000 - 0x00007ffb7c433000 	C:\WINDOWS\System32\KERNELBASE.dll
0x00007ffb7c040000 - 0x00007ffb7c138000 	C:\WINDOWS\System32\ucrtbase.dll
0x00007ffb6f160000 - 0x00007ffb6f178000 	C:\Program Files\Java\jdk-13.0.2\bin\jli.dll
0x00007ffb7d4b0000 - 0x00007ffb7d551000 	C:\WINDOWS\System32\ADVAPI32.dll
0x00007ffb7eb40000 - 0x00007ffb7ebde000 	C:\WINDOWS\System32\msvcrt.dll
0x00007ffb7ebe0000 - 0x00007ffb7ec3b000 	C:\WINDOWS\System32\sechost.dll
0x00007ffb7ec40000 - 0x00007ffb7ed64000 	C:\WINDOWS\System32\RPCRT4.dll
0x00007ffb7c630000 - 0x00007ffb7c7c0000 	C:\WINDOWS\System32\USER32.dll
0x00007ffb7c440000 - 0x00007ffb7c460000 	C:\WINDOWS\System32\win32u.dll
0x00007ffb7d560000 - 0x00007ffb7d588000 	C:\WINDOWS\System32\GDI32.dll
0x00007ffb7b540000 - 0x00007ffb7b6d2000 	C:\WINDOWS\System32\gdi32full.dll
0x00007ffb7b3f0000 - 0x00007ffb7b48f000 	C:\WINDOWS\System32\msvcp_win.dll
0x00007ffb41ee0000 - 0x00007ffb41ef5000 	C:\Program Files\Java\jdk-13.0.2\bin\VCRUNTIME140.dll
0x00007ffb688c0000 - 0x00007ffb68b29000 	C:\WINDOWS\WinSxS\amd64_microsoft.windows.common-controls_6595b64144ccf1df_6.0.17134.1550_none_d40142657c8ef2c1\COMCTL32.dll
0x00007ffb7ca80000 - 0x00007ffb7cda0000 	C:\WINDOWS\System32\combase.dll
0x00007ffb7c140000 - 0x00007ffb7c1b9000 	C:\WINDOWS\System32\bcryptPrimitives.dll
0x00007ffb76db0000 - 0x00007ffb76dba000 	C:\WINDOWS\SYSTEM32\VERSION.dll
0x00007ffb7c8a0000 - 0x00007ffb7c8cd000 	C:\WINDOWS\System32\IMM32.DLL
0x00007ffb41e40000 - 0x00007ffb41edb000 	C:\Program Files\Java\jdk-13.0.2\bin\msvcp140.dll
0x00007ffb3dab0000 - 0x00007ffb3e60d000 	C:\Program Files\Java\jdk-13.0.2\bin\server\jvm.dll
0x00007ffb7c8d0000 - 0x00007ffb7c8d8000 	C:\WINDOWS\System32\PSAPI.DLL
0x00007ffb6a3d0000 - 0x00007ffb6a3d9000 	C:\WINDOWS\SYSTEM32\WSOCK32.dll
0x00007ffb7d440000 - 0x00007ffb7d4ac000 	C:\WINDOWS\System32\WS2_32.dll
0x00007ffb79640000 - 0x00007ffb79663000 	C:\WINDOWS\SYSTEM32\WINMM.dll
0x00007ffb79560000 - 0x00007ffb7958a000 	C:\WINDOWS\SYSTEM32\WINMMBASE.dll
0x00007ffb7b8d0000 - 0x00007ffb7b919000 	C:\WINDOWS\System32\cfgmgr32.dll
0x00007ffb7b3b0000 - 0x00007ffb7b3c1000 	C:\WINDOWS\System32\kernel.appcore.dll
0x00007ffb6faa0000 - 0x00007ffb6fab0000 	C:\Program Files\Java\jdk-13.0.2\bin\verify.dll
0x00007ffb6d790000 - 0x00007ffb6d959000 	C:\WINDOWS\SYSTEM32\DBGHELP.DLL
0x00007ffb6c3c0000 - 0x00007ffb6c3e9000 	C:\WINDOWS\SYSTEM32\dbgcore.DLL
0x00007ffb41e10000 - 0x00007ffb41e36000 	C:\Program Files\Java\jdk-13.0.2\bin\java.dll
0x00007ffb77f00000 - 0x00007ffb77f0e000 	C:\Program Files\Java\jdk-13.0.2\bin\instrument.dll
0x00007ffb41df0000 - 0x00007ffb41e07000 	C:\Program Files\Java\jdk-13.0.2\bin\zip.dll
0x00007ffb4e170000 - 0x00007ffb4e17a000 	C:\Program Files\Java\jdk-13.0.2\bin\jimage.dll
0x00007ffb7d690000 - 0x00007ffb7ead5000 	C:\WINDOWS\System32\SHELL32.dll
0x00007ffb7ed70000 - 0x00007ffb7ee19000 	C:\WINDOWS\System32\shcore.dll
0x00007ffb7b920000 - 0x00007ffb7c031000 	C:\WINDOWS\System32\windows.storage.dll
0x00007ffb7c7c0000 - 0x00007ffb7c811000 	C:\WINDOWS\System32\shlwapi.dll
0x00007ffb7b390000 - 0x00007ffb7b3af000 	C:\WINDOWS\System32\profapi.dll
0x00007ffb7b340000 - 0x00007ffb7b38c000 	C:\WINDOWS\System32\powrprof.dll
0x00007ffb7b330000 - 0x00007ffb7b33a000 	C:\WINDOWS\System32\FLTLIB.DLL
0x00007ffb41dd0000 - 0x00007ffb41de9000 	C:\Program Files\Java\jdk-13.0.2\bin\net.dll
0x00007ffb76530000 - 0x00007ffb7660d000 	C:\WINDOWS\SYSTEM32\WINHTTP.dll
0x00007ffb7ab50000 - 0x00007ffb7abb6000 	C:\WINDOWS\system32\mswsock.dll
0x00007ffb41db0000 - 0x00007ffb41dc3000 	C:\Program Files\Java\jdk-13.0.2\bin\nio.dll
0x00007ffb496a0000 - 0x00007ffb496ba000 	C:\Program Files\JetBrains\IntelliJ IDEA Community Edition 2019.3.1\bin\breakgen64.dll
0x00007ffb43340000 - 0x00007ffb43349000 	C:\Program Files\Java\jdk-13.0.2\bin\management.dll
0x00007ffb40970000 - 0x00007ffb4097b000 	C:\Program Files\Java\jdk-13.0.2\bin\management_ext.dll
0x00007ffb698a0000 - 0x00007ffb698b6000 	C:\WINDOWS\system32\napinsp.dll
0x00007ffb69880000 - 0x00007ffb6989a000 	C:\WINDOWS\system32\pnrpnsp.dll
0x00007ffb77ce0000 - 0x00007ffb77cf9000 	C:\WINDOWS\system32\NLAapi.dll
0x00007ffb7a8e0000 - 0x00007ffb7a99f000 	C:\WINDOWS\SYSTEM32\DNSAPI.dll
0x00007ffb7c580000 - 0x00007ffb7c588000 	C:\WINDOWS\System32\NSI.dll
0x00007ffb7a8a0000 - 0x00007ffb7a8d8000 	C:\WINDOWS\SYSTEM32\IPHLPAPI.DLL
0x00007ffb69870000 - 0x00007ffb6987e000 	C:\WINDOWS\System32\winrnr.dll
0x00007ffb72b20000 - 0x00007ffb72b2a000 	C:\Windows\System32\rasadhlp.dll
0x00007ffb738d0000 - 0x00007ffb73942000 	C:\WINDOWS\System32\fwpuclnt.dll
0x00007ffb7ae30000 - 0x00007ffb7ae55000 	C:\WINDOWS\SYSTEM32\bcrypt.dll

dbghelp: loaded successfully - version: 4.0.5 - missing functions: none
symbol engine: initialized successfully - sym options: 0x614 - pdb path: .;C:\Program Files\Java\jdk-13.0.2\bin;C:\WINDOWS\SYSTEM32;C:\WINDOWS\WinSxS\amd64_microsoft.windows.common-controls_6595b64144ccf1df_6.0.17134.1550_none_d40142657c8ef2c1;C:\Program Files\Java\jdk-13.0.2\bin\server;C:\Program Files\JetBrains\IntelliJ IDEA Community Edition 2019.3.1\bin

VM Arguments:
jvm_args: -javaagent:C:\Program Files\JetBrains\IntelliJ IDEA Community Edition 2019.3.1\lib\idea_rt.jar=63587:C:\Program Files\JetBrains\IntelliJ IDEA Community Edition 2019.3.1\bin -Dfile.encoding=UTF-8 
java_command: com.example.employees.EmployeesApplication
java_class_path (initial): C:\Users\Frane\Documents\employees\target\classes;C:\Users\Frane\.m2\repository\org\springframework\boot\spring-boot-starter-data-jpa\2.3.0.RELEASE\spring-boot-starter-data-jpa-2.3.0.RELEASE.jar;C:\Users\Frane\.m2\repository\org\springframework\boot\spring-boot-starter-aop\2.3.0.RELEASE\spring-boot-starter-aop-2.3.0.RELEASE.jar;C:\Users\Frane\.m2\repository\org\aspectj\aspectjweaver\1.9.5\aspectjweaver-1.9.5.jar;C:\Users\Frane\.m2\repository\org\springframework\boot\spring-boot-starter-jdbc\2.3.0.RELEASE\spring-boot-starter-jdbc-2.3.0.RELEASE.jar;C:\Users\Frane\.m2\repository\com\zaxxer\HikariCP\3.4.5\HikariCP-3.4.5.jar;C:\Users\Frane\.m2\repository\org\springframework\spring-jdbc\5.2.6.RELEASE\spring-jdbc-5.2.6.RELEASE.jar;C:\Users\Frane\.m2\repository\jakarta\transaction\jakarta.transaction-api\1.3.3\jakarta.transaction-api-1.3.3.jar;C:\Users\Frane\.m2\repository\jakarta\persistence\jakarta.persistence-api\2.2.3\jakarta.persistence-api-2.2.3.jar;C:\Users\Frane\.m2\repository\org\hibernate\hibernate-core\5.4.15.Final\hibernate-core-5.4.15.Final.jar;C:\Users\Frane\.m2\repository\org\jboss\logging\jboss-logging\3.4.1.Final\jboss-logging-3.4.1.Final.jar;C:\Users\Frane\.m2\repository\org\javassist\javassist\3.24.0-GA\javassist-3.24.0-GA.jar;C:\Users\Frane\.m2\repository\net\bytebuddy\byte-buddy\1.10.10\byte-buddy-1.10.10.jar;C:\Users\Frane\.m2\repository\antlr\antlr\2.7.7\antlr-2.7.7.jar;C:\Users\Frane\.m2\repository\org\jboss\jandex\2.1.3.Final\jandex-2.1.3.Final.jar;C:\Users\Frane\.m2\repository\com\fasterxml\classmate\1.5.1\classmate-1.5.1.jar;C:\Users\Frane\.m2\repository\org\dom4j\dom4j\2.1.3\dom4j-2.1.3.jar;C:\Users\Frane\.m2\repository\org\hibernate\common\hibernate-commons-annotations\5.1.0.Final\hibernate-commons-annotations-5.1.0.Final.jar;C:\Users\Frane\.m2\repository\org\glassfish\jaxb\jaxb-runtime\2.3.3\jaxb-runtime-2.3.3.jar;C:\Users\Frane\.m2\repository\org\glassfish\jaxb\txw2\2.3.3\txw2-2.3.3.jar;C:\Users\Frane\.m2\repositor
Launcher Type: SUN_STANDARD

[Global flags]
     intx CICompilerCount                          = 3                                         {product} {ergonomic}
     uint ConcGCThreads                            = 1                                         {product} {ergonomic}
     uint G1ConcRefinementThreads                  = 4                                         {product} {ergonomic}
   size_t G1HeapRegionSize                         = 1048576                                   {product} {ergonomic}
    uintx GCDrainStackTargetSize                   = 64                                        {product} {ergonomic}
   size_t InitialHeapSize                          = 130023424                                 {product} {ergonomic}
   size_t MarkStackSize                            = 4194304                                   {product} {ergonomic}
   size_t MaxHeapSize                              = 2067791872                                {product} {ergonomic}
   size_t MaxNewSize                               = 1240465408                                {product} {ergonomic}
   size_t MinHeapDeltaBytes                        = 1048576                                   {product} {ergonomic}
   size_t MinHeapSize                              = 8388608                                   {product} {ergonomic}
    uintx NonNMethodCodeHeapSize                   = 5832780                                {pd product} {ergonomic}
    uintx NonProfiledCodeHeapSize                  = 122912730                              {pd product} {ergonomic}
    uintx ProfiledCodeHeapSize                     = 122912730                              {pd product} {ergonomic}
    uintx ReservedCodeCacheSize                    = 251658240                              {pd product} {ergonomic}
     bool SegmentedCodeCache                       = true                                      {product} {ergonomic}
   size_t SoftMaxHeapSize                          = 2067791872                             {manageable} {ergonomic}
     bool UseCompressedClassPointers               = true                                 {lp64_product} {ergonomic}
     bool UseCompressedOops                        = true                                 {lp64_product} {ergonomic}
     bool UseG1GC                                  = true                                      {product} {ergonomic}
     bool UseLargePagesIndividualAllocation        = false                                  {pd product} {ergonomic}

Logging:
Log output configuration:
 #0: stdout all=warning uptime,level,tags
 #1: stderr all=off uptime,level,tags

Environment Variables:
JAVA_HOME=C:\Program Files\Java\jdk-13.0.2
CLASSPATH=.;
PATH=C:\Users\Frane\Downloads\ffmpeg\bin;%PATH;C:\Program Files\Microsoft SQL Server\Client SDK\ODBC\170\Tools\Binn\;C:\Program Files (x86)\Microsoft SQL Server\150\Tools\Binn\;C:\Program Files\Microsoft SQL Server\150\Tools\Binn\;C:\Program Files\Microsoft SQL Server\150\DTS\Binn\;C:\Program Files\dotnet\;C:\Program Files\PostgreSQL\12\bin;C:\Go\bin;C:\Program Files\apache-maven-3.6.3\bin;C:\Program Files\Java\jdk-13.0.2\bin;;C:\Program Files\Microsoft VS Code\bin;C:\Users\Frane\AppData\Local\Programs\Python\Python38-32\Scripts\;C:\Users\Frane\AppData\Local\Programs\Python\Python38-32\;C:\Ruby26-x64\bin;C:\Users\Frane\.windows-build-tools\python27\;C:\Program Files\nodejs\node_modules\npm\bin\node-gyp-bin;C:\Users\Frane\AppData\Roaming\npm\node_modules\windows-build-tools\node_modules\.bin;C:\Users\Frane\AppData\Roaming\npm\node_modules\.bin;C:\ProgramData\DockerDesktop\version-bin;C:\Program Files\Docker\Docker\Resources\bin;C:\WINDOWS\system32;C:\WINDOWS;C:\WINDOWS\System32\Wbem;C:\WINDOWS\System32\WindowsPowerShell\v1.0\;C:\Program Files\nodejs\;C:\xampp\php;C:\ProgramData\ComposerSetup\bin;C:\WINDOWS\System32\OpenSSH\;C:\Program Files\Git\cmd;C:\Program Files\Microsoft VS Code\bin;C:\Program Files\Java\jdk1.8.0_181\bin;C:\Program Files\dotnet\;C:\Program Files\Microsoft SQL Server\Client SDK\ODBC\130\Tools\Binn\;C:\Program Files (x86)\Microsoft SQL Server\140\Tools\Binn\;C:\Program Files\Microsoft SQL Server\140\Tools\Binn\;C:\Program Files\Microsoft SQL Server\140\DTS\Binn\;C:\Program Files\Microsoft SQL Server\130\Tools\Binn\;C:\Program Files (x86)\Microsoft SQL Server\Client SDK\ODBC\130\Tools\Binn\;C:\Program Files (x86)\Microsoft SQL Server\140\DTS\Binn\;C:\Program Files (x86)\Microsoft SQL Server\140\Tools\Binn\ManagementStudio\;C:\Users\Frane\AppData\Local\Programs\Python\Python37-32\Scripts\;C:\Users\Frane\AppData\Local\Programs\Python\Python37-32\;C:\Users\Frane\AppData\Local\Microsoft\WindowsApps;C:\Users\Frane\AppData\Roaming\Composer\vendor\bin;C:\Prog
USERNAME=Frane
OS=Windows_NT
PROCESSOR_IDENTIFIER=Intel64 Family 6 Model 158 Stepping 9, GenuineIntel



---------------  S Y S T E M  ---------------

OS: Windows 10 , 64 bit Build 17134 (10.0.17134.1425)

CPU:total 4 (initial active 4) (4 cores per cpu, 1 threads per core) family 6 model 158 stepping 9, cmov, cx8, fxsr, mmx, sse, sse2, sse3, ssse3, sse4.1, sse4.2, popcnt, avx, avx2, aes, clmul, erms, rtm, 3dnowpref, lzcnt, tsc, tscinvbit, bmi1, bmi2, adx, fma

Memory: 4k page, system-wide physical 7883M (1029M free)
TotalPageFile size 9700M (AvailPageFile size 4M)
current process WorkingSet (physical memory assigned to process): 178M, peak: 178M
current process commit charge ("private bytes"): 258M, peak: 258M

vm_info: Java HotSpot(TM) 64-Bit Server VM (13.0.2+8) for windows-amd64 JRE (13.0.2+8), built on Dec 11 2019 09:20:33 by "mach5one" with unknown MS VC++:1916

END.
