#
# There is insufficient memory for the Java Runtime Environment to continue.
# Native memory allocation (malloc) failed to allocate 420496 bytes for Chunk::new
# Possible reasons:
#   The system is out of physical RAM or swap space
#   The process is running with CompressedOops enabled, and the Java Heap may be blocking the growth of the native heap
# Possible solutions:
#   Reduce memory load on the system
#   Increase physical memory or swap space
#   Check if swap backing store is full
#   Decrease Java heap size (-Xmx/-Xms)
#   Decrease number of Java threads
#   Decrease Java thread stack sizes (-Xss)
#   Set larger code cache with -XX:ReservedCodeCacheSize=
#   JVM is running with Unscaled Compressed Oops mode in which the Java heap is
#     placed in the first 4GB address space. The Java Heap base address is the
#     maximum limit for the native heap growth. Please use -XX:HeapBaseMinAddress
#     to set the Java Heap base and to place the Java Heap above 4GB virtual address.
# This output file may be truncated or incomplete.
#
#  Out of Memory Error (t:/workspace/open/src/hotspot/share/memory/arena.cpp:196), pid=3092, tid=4360
#
# JRE version: Java(TM) SE Runtime Environment (13.0.2+8) (build 13.0.2+8)
# Java VM: Java HotSpot(TM) 64-Bit Server VM (13.0.2+8, mixed mode, sharing, tiered, compressed oops, g1 gc, windows-amd64)
# No core dump will be written. Minidumps are not enabled by default on client versions of Windows
#

---------------  S U M M A R Y ------------

Command Line: -javaagent:C:\Program Files\JetBrains\IntelliJ IDEA Community Edition 2019.3.1\lib\idea_rt.jar=63564:C:\Program Files\JetBrains\IntelliJ IDEA Community Edition 2019.3.1\bin -Dfile.encoding=UTF-8 com.example.employees.EmployeesApplication

Host: Intel(R) Core(TM) i5-7500 CPU @ 3.40GHz, 4 cores, 7G,  Windows 10 , 64 bit Build 17134 (10.0.17134.1425)
Time: Thu Jun 11 11:43:45 2020 Srednja Europa - ljet. vrij. elapsed time: 1 seconds (0d 0h 0m 1s)

---------------  T H R E A D  ---------------

Current thread (0x0000027e9d4a9000):  JavaThread "C2 CompilerThread0" daemon [_thread_in_native, id=4360, stack(0x000000a381700000,0x000000a381800000)]


Current CompileTask:
C2:   1583 1777       4       java.io.DataOutputStream::writeShort (35 bytes)

Stack: [0x000000a381700000,0x000000a381800000]
Native frames: (J=compiled Java code, j=interpreted, Vv=VM code, C=native code)
V  [jvm.dll+0x624f9a]
V  [jvm.dll+0x770cfa]
V  [jvm.dll+0x7724af]
V  [jvm.dll+0x772ab3]
V  [jvm.dll+0x24bf08]
V  [jvm.dll+0xc1e47]
V  [jvm.dll+0xc23cc]
V  [jvm.dll+0x35c068]
V  [jvm.dll+0x327803]
V  [jvm.dll+0x326bda]
V  [jvm.dll+0x205c27]
V  [jvm.dll+0x204e3f]
V  [jvm.dll+0x189c2c]
V  [jvm.dll+0x213e6d]
V  [jvm.dll+0x2120bb]
V  [jvm.dll+0x736bb6]
V  [jvm.dll+0x72fcaa]
V  [jvm.dll+0x623ea6]
C  [ucrtbase.dll+0x1e3fe]
C  [KERNEL32.DLL+0x14034]
C  [ntdll.dll+0x73691]


---------------  P R O C E S S  ---------------

Threads class SMR info:
_java_thread_list=0x0000027e9ea13e70, length=15, elements={
0x0000027eff03c800, 0x0000027e9d486800, 0x0000027e9d48a000, 0x0000027e9d4a7000,
0x0000027e9d4a8000, 0x0000027e9d4a9000, 0x0000027e9de08800, 0x0000027e9d4db000,
0x0000027e9d465800, 0x0000027e9dee7000, 0x0000027e9e2f5800, 0x0000027e9e302000,
0x0000027e9e8df800, 0x0000027e9e8af800, 0x0000027e9e9d4000
}

Java Threads: ( => current thread )
  0x0000027eff03c800 JavaThread "main" [_thread_blocked, id=8200, stack(0x000000a380b00000,0x000000a380c00000)]
  0x0000027e9d486800 JavaThread "Reference Handler" daemon [_thread_blocked, id=8760, stack(0x000000a381300000,0x000000a381400000)]
  0x0000027e9d48a000 JavaThread "Finalizer" daemon [_thread_blocked, id=4604, stack(0x000000a381400000,0x000000a381500000)]
  0x0000027e9d4a7000 JavaThread "Signal Dispatcher" daemon [_thread_blocked, id=2724, stack(0x000000a381500000,0x000000a381600000)]
  0x0000027e9d4a8000 JavaThread "Attach Listener" daemon [_thread_blocked, id=1056, stack(0x000000a381600000,0x000000a381700000)]
=>0x0000027e9d4a9000 JavaThread "C2 CompilerThread0" daemon [_thread_in_native, id=4360, stack(0x000000a381700000,0x000000a381800000)]
  0x0000027e9de08800 JavaThread "C1 CompilerThread0" daemon [_thread_blocked, id=2324, stack(0x000000a381800000,0x000000a381900000)]
  0x0000027e9d4db000 JavaThread "Sweeper thread" daemon [_thread_blocked, id=6620, stack(0x000000a381900000,0x000000a381a00000)]
  0x0000027e9d465800 JavaThread "Common-Cleaner" daemon [_thread_blocked, id=10028, stack(0x000000a381a00000,0x000000a381b00000)]
  0x0000027e9dee7000 JavaThread "C2 CompilerThread1" daemon [_thread_in_native, id=4956, stack(0x000000a381b00000,0x000000a381c00000)]
  0x0000027e9e2f5800 JavaThread "Monitor Ctrl-Break" daemon [_thread_in_native, id=12120, stack(0x000000a381d00000,0x000000a381e00000)]
  0x0000027e9e302000 JavaThread "Service Thread" daemon [_thread_blocked, id=4940, stack(0x000000a381e00000,0x000000a381f00000)]
  0x0000027e9e8df800 JavaThread "Thread-0" [_thread_blocked, id=7072, stack(0x000000a382300000,0x000000a382400000)]
  0x0000027e9e8af800 JavaThread "restartedMain" [_thread_blocked, id=3740, stack(0x000000a382200000,0x000000a382300000)]
  0x0000027e9e9d4000 JavaThread "background-preinit" [_thread_blocked, id=3472, stack(0x000000a382400000,0x000000a382500000)]

Other Threads:
  0x0000027e9d47c800 VMThread "VM Thread" [stack: 0x000000a381200000,0x000000a381300000] [id=6896]
  0x0000027e9e30f000 WatcherThread [stack: 0x000000a381f00000,0x000000a382000000] [id=11100]
  0x0000027eff07f000 GCTaskThread "GC Thread#0" [stack: 0x000000a380d00000,0x000000a380e00000] [id=2024]
  0x0000027e9e847800 GCTaskThread "GC Thread#1" [stack: 0x000000a382000000,0x000000a382100000] [id=1900]
  0x0000027e9edce000 GCTaskThread "GC Thread#2" [stack: 0x000000a382500000,0x000000a382600000] [id=10464]
  0x0000027e9eda6000 GCTaskThread "GC Thread#3" [stack: 0x000000a382600000,0x000000a382700000] [id=3928]
  0x0000027eff091000 ConcurrentGCThread "G1 Main Marker" [stack: 0x000000a380e00000,0x000000a380f00000] [id=8300]
  0x0000027eff092800 ConcurrentGCThread "G1 Conc#0" [stack: 0x000000a380f00000,0x000000a381000000] [id=6500]
  0x0000027eff0fd800 ConcurrentGCThread "G1 Refine#0" [stack: 0x000000a381000000,0x000000a381100000] [id=11136]
  0x0000027e9dfa1800 ConcurrentGCThread "G1 Refine#1" [stack: 0x000000a382100000,0x000000a382200000] [id=6420]
  0x0000027eff0fe800 ConcurrentGCThread "G1 Young RemSet Sampling" [stack: 0x000000a381100000,0x000000a381200000] [id=772]

Threads with active compile tasks:
C2 CompilerThread0     1630 1777       4       java.io.DataOutputStream::writeShort (35 bytes)
C2 CompilerThread1     1630 1792   !   4       java.util.concurrent.ConcurrentHashMap::transfer (849 bytes)

VM state:at safepoint (normal execution)

VM Mutex/Monitor currently owned by a thread:  ([mutex/lock_event])
[0x0000027eff038c30] Threads_lock - owner thread: 0x0000027e9d47c800
[0x0000027eff038210] Heap_lock - owner thread: 0x0000027e9e9d4000

Heap address: 0x0000000084c00000, size: 1972 MB, Compressed Oops mode: 32-bit
Narrow klass base: 0x0000000800000000, Narrow klass shift: 3
Compressed class space size: 1073741824 Address: 0x0000000800b40000

Heap:
 garbage-first heap   total 126976K, used 9446K [0x0000000084c00000, 0x0000000100000000)
  region size 1024K, 3 young (3072K), 3 survivors (3072K)
 Metaspace       used 14098K, capacity 14552K, committed 14592K, reserved 1071104K
  class space    used 1835K, capacity 2010K, committed 2048K, reserved 1048576K
Heap Regions: E=young(eden), S=young(survivor), O=old, HS=humongous(starts), HC=humongous(continues), CS=collection set, F=free, A=archive, TAMS=top-at-mark-start (previous, next)
|   0|0x0000000084c00000, 0x0000000084d00000, 0x0000000084d00000|100%|HS|  |TAMS 0x0000000084c00000, 0x0000000084d00000| Complete 
|   1|0x0000000084d00000, 0x0000000084e00000, 0x0000000084e00000|100%| O|  |TAMS 0x0000000084d00000, 0x0000000084e00000| Untracked 
|   2|0x0000000084e00000, 0x0000000084f00000, 0x0000000084f00000|100%| O|  |TAMS 0x0000000084e00000, 0x0000000084f00000| Untracked 
|   3|0x0000000084f00000, 0x0000000085000000, 0x0000000085000000|100%| O|  |TAMS 0x0000000084f00000, 0x0000000085000000| Untracked 
|   4|0x0000000085000000, 0x0000000085100000, 0x0000000085100000|100%| O|  |TAMS 0x0000000085000000, 0x0000000085100000| Untracked 
|   5|0x0000000085100000, 0x0000000085200000, 0x0000000085200000|100%| O|  |TAMS 0x0000000085100000, 0x0000000085200000| Untracked 
|   6|0x0000000085200000, 0x0000000085243600, 0x0000000085300000| 26%| O|  |TAMS 0x0000000085200000, 0x0000000085243600| Untracked 
|   7|0x0000000085300000, 0x0000000085300000, 0x0000000085400000|  0%| F|  |TAMS 0x0000000085300000, 0x0000000085300000| Untracked 
|   8|0x0000000085400000, 0x0000000085400000, 0x0000000085500000|  0%| F|  |TAMS 0x0000000085400000, 0x0000000085400000| Untracked 
|   9|0x0000000085500000, 0x0000000085500000, 0x0000000085600000|  0%| F|  |TAMS 0x0000000085500000, 0x0000000085500000| Untracked 
|  10|0x0000000085600000, 0x0000000085600000, 0x0000000085700000|  0%| F|  |TAMS 0x0000000085600000, 0x0000000085600000| Untracked 
|  11|0x0000000085700000, 0x0000000085700000, 0x0000000085800000|  0%| F|  |TAMS 0x0000000085700000, 0x0000000085700000| Untracked 
|  12|0x0000000085800000, 0x0000000085800000, 0x0000000085900000|  0%| F|  |TAMS 0x0000000085800000, 0x0000000085800000| Untracked 
|  13|0x0000000085900000, 0x0000000085900000, 0x0000000085a00000|  0%| F|  |TAMS 0x0000000085900000, 0x0000000085900000| Untracked 
|  14|0x0000000085a00000, 0x0000000085a00000, 0x0000000085b00000|  0%| F|  |TAMS 0x0000000085a00000, 0x0000000085a00000| Untracked 
|  15|0x0000000085b00000, 0x0000000085b00000, 0x0000000085c00000|  0%| F|  |TAMS 0x0000000085b00000, 0x0000000085b00000| Untracked 
|  16|0x0000000085c00000, 0x0000000085c00000, 0x0000000085d00000|  0%| F|  |TAMS 0x0000000085c00000, 0x0000000085c00000| Untracked 
|  17|0x0000000085d00000, 0x0000000085d00000, 0x0000000085e00000|  0%| F|  |TAMS 0x0000000085d00000, 0x0000000085d00000| Untracked 
|  18|0x0000000085e00000, 0x0000000085e00000, 0x0000000085f00000|  0%| F|  |TAMS 0x0000000085e00000, 0x0000000085e00000| Untracked 
|  19|0x0000000085f00000, 0x0000000085f00000, 0x0000000086000000|  0%| F|  |TAMS 0x0000000085f00000, 0x0000000085f00000| Untracked 
|  20|0x0000000086000000, 0x0000000086000000, 0x0000000086100000|  0%| F|  |TAMS 0x0000000086000000, 0x0000000086000000| Untracked 
|  21|0x0000000086100000, 0x0000000086100000, 0x0000000086200000|  0%| F|  |TAMS 0x0000000086100000, 0x0000000086100000| Untracked 
|  22|0x0000000086200000, 0x0000000086200000, 0x0000000086300000|  0%| F|  |TAMS 0x0000000086200000, 0x0000000086200000| Untracked 
|  23|0x0000000086300000, 0x0000000086300000, 0x0000000086400000|  0%| F|  |TAMS 0x0000000086300000, 0x0000000086300000| Untracked 
|  24|0x0000000086400000, 0x0000000086400000, 0x0000000086500000|  0%| F|  |TAMS 0x0000000086400000, 0x0000000086400000| Untracked 
|  25|0x0000000086500000, 0x0000000086500000, 0x0000000086600000|  0%| F|  |TAMS 0x0000000086500000, 0x0000000086500000| Untracked 
|  26|0x0000000086600000, 0x0000000086600000, 0x0000000086700000|  0%| F|  |TAMS 0x0000000086600000, 0x0000000086600000| Untracked 
|  27|0x0000000086700000, 0x0000000086700000, 0x0000000086800000|  0%| F|  |TAMS 0x0000000086700000, 0x0000000086700000| Untracked 
|  28|0x0000000086800000, 0x0000000086800000, 0x0000000086900000|  0%| F|  |TAMS 0x0000000086800000, 0x0000000086800000| Untracked 
|  29|0x0000000086900000, 0x0000000086900000, 0x0000000086a00000|  0%| F|  |TAMS 0x0000000086900000, 0x0000000086900000| Untracked 
|  30|0x0000000086a00000, 0x0000000086a00000, 0x0000000086b00000|  0%| F|  |TAMS 0x0000000086a00000, 0x0000000086a00000| Untracked 
|  31|0x0000000086b00000, 0x0000000086b00000, 0x0000000086c00000|  0%| F|  |TAMS 0x0000000086b00000, 0x0000000086b00000| Untracked 
|  32|0x0000000086c00000, 0x0000000086c00000, 0x0000000086d00000|  0%| F|  |TAMS 0x0000000086c00000, 0x0000000086c00000| Untracked 
|  33|0x0000000086d00000, 0x0000000086d00000, 0x0000000086e00000|  0%| F|  |TAMS 0x0000000086d00000, 0x0000000086d00000| Untracked 
|  34|0x0000000086e00000, 0x0000000086e00000, 0x0000000086f00000|  0%| F|  |TAMS 0x0000000086e00000, 0x0000000086e00000| Untracked 
|  35|0x0000000086f00000, 0x0000000086f00000, 0x0000000087000000|  0%| F|  |TAMS 0x0000000086f00000, 0x0000000086f00000| Untracked 
|  36|0x0000000087000000, 0x0000000087000000, 0x0000000087100000|  0%| F|  |TAMS 0x0000000087000000, 0x0000000087000000| Untracked 
|  37|0x0000000087100000, 0x0000000087100000, 0x0000000087200000|  0%| F|  |TAMS 0x0000000087100000, 0x0000000087100000| Untracked 
|  38|0x0000000087200000, 0x0000000087200000, 0x0000000087300000|  0%| F|  |TAMS 0x0000000087200000, 0x0000000087200000| Untracked 
|  39|0x0000000087300000, 0x0000000087300000, 0x0000000087400000|  0%| F|  |TAMS 0x0000000087300000, 0x0000000087300000| Untracked 
|  40|0x0000000087400000, 0x0000000087400000, 0x0000000087500000|  0%| F|  |TAMS 0x0000000087400000, 0x0000000087400000| Untracked 
|  41|0x0000000087500000, 0x0000000087500000, 0x0000000087600000|  0%| F|  |TAMS 0x0000000087500000, 0x0000000087500000| Untracked 
|  42|0x0000000087600000, 0x0000000087600000, 0x0000000087700000|  0%| F|  |TAMS 0x0000000087600000, 0x0000000087600000| Untracked 
|  43|0x0000000087700000, 0x0000000087700000, 0x0000000087800000|  0%| F|  |TAMS 0x0000000087700000, 0x0000000087700000| Untracked 
|  44|0x0000000087800000, 0x0000000087800000, 0x0000000087900000|  0%| F|  |TAMS 0x0000000087800000, 0x0000000087800000| Untracked 
|  45|0x0000000087900000, 0x0000000087900000, 0x0000000087a00000|  0%| F|  |TAMS 0x0000000087900000, 0x0000000087900000| Untracked 
|  46|0x0000000087a00000, 0x0000000087a00000, 0x0000000087b00000|  0%| F|  |TAMS 0x0000000087a00000, 0x0000000087a00000| Untracked 
|  47|0x0000000087b00000, 0x0000000087b00000, 0x0000000087c00000|  0%| F|  |TAMS 0x0000000087b00000, 0x0000000087b00000| Untracked 
|  48|0x0000000087c00000, 0x0000000087c00000, 0x0000000087d00000|  0%| F|  |TAMS 0x0000000087c00000, 0x0000000087c00000| Untracked 
|  49|0x0000000087d00000, 0x0000000087d00000, 0x0000000087e00000|  0%| F|  |TAMS 0x0000000087d00000, 0x0000000087d00000| Untracked 
|  50|0x0000000087e00000, 0x0000000087e00000, 0x0000000087f00000|  0%| F|  |TAMS 0x0000000087e00000, 0x0000000087e00000| Untracked 
|  51|0x0000000087f00000, 0x0000000087f00000, 0x0000000088000000|  0%| F|  |TAMS 0x0000000087f00000, 0x0000000087f00000| Untracked 
|  52|0x0000000088000000, 0x0000000088000000, 0x0000000088100000|  0%| F|  |TAMS 0x0000000088000000, 0x0000000088000000| Untracked 
|  53|0x0000000088100000, 0x0000000088100000, 0x0000000088200000|  0%| F|  |TAMS 0x0000000088100000, 0x0000000088100000| Untracked 
|  54|0x0000000088200000, 0x0000000088200000, 0x0000000088300000|  0%| F|  |TAMS 0x0000000088200000, 0x0000000088200000| Untracked 
|  55|0x0000000088300000, 0x0000000088300000, 0x0000000088400000|  0%| F|  |TAMS 0x0000000088300000, 0x0000000088300000| Untracked 
|  56|0x0000000088400000, 0x0000000088400000, 0x0000000088500000|  0%| F|  |TAMS 0x0000000088400000, 0x0000000088400000| Untracked 
|  57|0x0000000088500000, 0x0000000088500000, 0x0000000088600000|  0%| F|  |TAMS 0x0000000088500000, 0x0000000088500000| Untracked 
|  58|0x0000000088600000, 0x0000000088600000, 0x0000000088700000|  0%| F|  |TAMS 0x0000000088600000, 0x0000000088600000| Untracked 
|  59|0x0000000088700000, 0x0000000088700000, 0x0000000088800000|  0%| F|  |TAMS 0x0000000088700000, 0x0000000088700000| Untracked 
|  60|0x0000000088800000, 0x0000000088800000, 0x0000000088900000|  0%| F|  |TAMS 0x0000000088800000, 0x0000000088800000| Untracked 
|  61|0x0000000088900000, 0x0000000088900000, 0x0000000088a00000|  0%| F|  |TAMS 0x0000000088900000, 0x0000000088900000| Untracked 
|  62|0x0000000088a00000, 0x0000000088a00000, 0x0000000088b00000|  0%| F|  |TAMS 0x0000000088a00000, 0x0000000088a00000| Untracked 
|  63|0x0000000088b00000, 0x0000000088b00000, 0x0000000088c00000|  0%| F|  |TAMS 0x0000000088b00000, 0x0000000088b00000| Untracked 
|  64|0x0000000088c00000, 0x0000000088c00000, 0x0000000088d00000|  0%| F|  |TAMS 0x0000000088c00000, 0x0000000088c00000| Untracked 
|  65|0x0000000088d00000, 0x0000000088d00000, 0x0000000088e00000|  0%| F|  |TAMS 0x0000000088d00000, 0x0000000088d00000| Untracked 
|  66|0x0000000088e00000, 0x0000000088e00000, 0x0000000088f00000|  0%| F|  |TAMS 0x0000000088e00000, 0x0000000088e00000| Untracked 
|  67|0x0000000088f00000, 0x0000000088f00000, 0x0000000089000000|  0%| F|  |TAMS 0x0000000088f00000, 0x0000000088f00000| Untracked 
|  68|0x0000000089000000, 0x0000000089000000, 0x0000000089100000|  0%| F|  |TAMS 0x0000000089000000, 0x0000000089000000| Untracked 
|  69|0x0000000089100000, 0x0000000089100000, 0x0000000089200000|  0%| F|  |TAMS 0x0000000089100000, 0x0000000089100000| Untracked 
|  70|0x0000000089200000, 0x0000000089200000, 0x0000000089300000|  0%| F|  |TAMS 0x0000000089200000, 0x0000000089200000| Untracked 
|  71|0x0000000089300000, 0x0000000089300000, 0x0000000089400000|  0%| F|  |TAMS 0x0000000089300000, 0x0000000089300000| Untracked 
|  72|0x0000000089400000, 0x0000000089400000, 0x0000000089500000|  0%| F|  |TAMS 0x0000000089400000, 0x0000000089400000| Untracked 
|  73|0x0000000089500000, 0x0000000089500000, 0x0000000089600000|  0%| F|  |TAMS 0x0000000089500000, 0x0000000089500000| Untracked 
|  74|0x0000000089600000, 0x0000000089600000, 0x0000000089700000|  0%| F|  |TAMS 0x0000000089600000, 0x0000000089600000| Untracked 
|  75|0x0000000089700000, 0x0000000089700000, 0x0000000089800000|  0%| F|  |TAMS 0x0000000089700000, 0x0000000089700000| Untracked 
|  76|0x0000000089800000, 0x0000000089800000, 0x0000000089900000|  0%| F|  |TAMS 0x0000000089800000, 0x0000000089800000| Untracked 
|  77|0x0000000089900000, 0x0000000089900000, 0x0000000089a00000|  0%| F|  |TAMS 0x0000000089900000, 0x0000000089900000| Untracked 
|  78|0x0000000089a00000, 0x0000000089a00000, 0x0000000089b00000|  0%| F|  |TAMS 0x0000000089a00000, 0x0000000089a00000| Untracked 
|  79|0x0000000089b00000, 0x0000000089b00000, 0x0000000089c00000|  0%| F|  |TAMS 0x0000000089b00000, 0x0000000089b00000| Untracked 
|  80|0x0000000089c00000, 0x0000000089c00000, 0x0000000089d00000|  0%| F|  |TAMS 0x0000000089c00000, 0x0000000089c00000| Untracked 
|  81|0x0000000089d00000, 0x0000000089d00000, 0x0000000089e00000|  0%| F|  |TAMS 0x0000000089d00000, 0x0000000089d00000| Untracked 
|  82|0x0000000089e00000, 0x0000000089e00000, 0x0000000089f00000|  0%| F|  |TAMS 0x0000000089e00000, 0x0000000089e00000| Untracked 
|  83|0x0000000089f00000, 0x0000000089f00000, 0x000000008a000000|  0%| F|  |TAMS 0x0000000089f00000, 0x0000000089f00000| Untracked 
|  84|0x000000008a000000, 0x000000008a000000, 0x000000008a100000|  0%| F|  |TAMS 0x000000008a000000, 0x000000008a000000| Untracked 
|  85|0x000000008a100000, 0x000000008a100000, 0x000000008a200000|  0%| F|  |TAMS 0x000000008a100000, 0x000000008a100000| Untracked 
|  86|0x000000008a200000, 0x000000008a200000, 0x000000008a300000|  0%| F|  |TAMS 0x000000008a200000, 0x000000008a200000| Untracked 
|  87|0x000000008a300000, 0x000000008a300000, 0x000000008a400000|  0%| F|  |TAMS 0x000000008a300000, 0x000000008a300000| Untracked 
|  88|0x000000008a400000, 0x000000008a400000, 0x000000008a500000|  0%| F|  |TAMS 0x000000008a400000, 0x000000008a400000| Untracked 
|  89|0x000000008a500000, 0x000000008a500000, 0x000000008a600000|  0%| F|  |TAMS 0x000000008a500000, 0x000000008a500000| Untracked 
|  90|0x000000008a600000, 0x000000008a600000, 0x000000008a700000|  0%| F|  |TAMS 0x000000008a600000, 0x000000008a600000| Untracked 
|  91|0x000000008a700000, 0x000000008a700000, 0x000000008a800000|  0%| F|  |TAMS 0x000000008a700000, 0x000000008a700000| Untracked 
|  92|0x000000008a800000, 0x000000008a800000, 0x000000008a900000|  0%| F|  |TAMS 0x000000008a800000, 0x000000008a800000| Untracked 
|  93|0x000000008a900000, 0x000000008a900000, 0x000000008aa00000|  0%| F|  |TAMS 0x000000008a900000, 0x000000008a900000| Untracked 
|  94|0x000000008aa00000, 0x000000008aa00000, 0x000000008ab00000|  0%| F|  |TAMS 0x000000008aa00000, 0x000000008aa00000| Untracked 
|  95|0x000000008ab00000, 0x000000008ab00000, 0x000000008ac00000|  0%| F|  |TAMS 0x000000008ab00000, 0x000000008ab00000| Untracked 
|  96|0x000000008ac00000, 0x000000008ac00000, 0x000000008ad00000|  0%| F|  |TAMS 0x000000008ac00000, 0x000000008ac00000| Untracked 
|  97|0x000000008ad00000, 0x000000008ad00000, 0x000000008ae00000|  0%| F|  |TAMS 0x000000008ad00000, 0x000000008ad00000| Untracked 
|  98|0x000000008ae00000, 0x000000008ae00000, 0x000000008af00000|  0%| F|  |TAMS 0x000000008ae00000, 0x000000008ae00000| Untracked 
|  99|0x000000008af00000, 0x000000008af00000, 0x000000008b000000|  0%| F|  |TAMS 0x000000008af00000, 0x000000008af00000| Untracked 
| 100|0x000000008b000000, 0x000000008b000000, 0x000000008b100000|  0%| F|  |TAMS 0x000000008b000000, 0x000000008b000000| Untracked 
| 101|0x000000008b100000, 0x000000008b100000, 0x000000008b200000|  0%| F|  |TAMS 0x000000008b100000, 0x000000008b100000| Untracked 
| 102|0x000000008b200000, 0x000000008b200000, 0x000000008b300000|  0%| F|  |TAMS 0x000000008b200000, 0x000000008b200000| Untracked 
| 103|0x000000008b300000, 0x000000008b300000, 0x000000008b400000|  0%| F|  |TAMS 0x000000008b300000, 0x000000008b300000| Untracked 
| 104|0x000000008b400000, 0x000000008b400000, 0x000000008b500000|  0%| F|  |TAMS 0x000000008b400000, 0x000000008b400000| Untracked 
| 105|0x000000008b500000, 0x000000008b500000, 0x000000008b600000|  0%| F|  |TAMS 0x000000008b500000, 0x000000008b500000| Untracked 
| 106|0x000000008b600000, 0x000000008b600000, 0x000000008b700000|  0%| F|  |TAMS 0x000000008b600000, 0x000000008b600000| Untracked 
| 107|0x000000008b700000, 0x000000008b700000, 0x000000008b800000|  0%| F|  |TAMS 0x000000008b700000, 0x000000008b700000| Untracked 
| 108|0x000000008b800000, 0x000000008b800000, 0x000000008b900000|  0%| F|  |TAMS 0x000000008b800000, 0x000000008b800000| Untracked 
| 109|0x000000008b900000, 0x000000008b900000, 0x000000008ba00000|  0%| F|  |TAMS 0x000000008b900000, 0x000000008b900000| Untracked 
| 110|0x000000008ba00000, 0x000000008ba00000, 0x000000008bb00000|  0%| F|  |TAMS 0x000000008ba00000, 0x000000008ba00000| Untracked 
| 111|0x000000008bb00000, 0x000000008bb00000, 0x000000008bc00000|  0%| F|  |TAMS 0x000000008bb00000, 0x000000008bb00000| Untracked 
| 112|0x000000008bc00000, 0x000000008bc00000, 0x000000008bd00000|  0%| F|  |TAMS 0x000000008bc00000, 0x000000008bc00000| Untracked 
| 113|0x000000008bd00000, 0x000000008bd00000, 0x000000008be00000|  0%| F|  |TAMS 0x000000008bd00000, 0x000000008bd00000| Untracked 
| 114|0x000000008be00000, 0x000000008be00000, 0x000000008bf00000|  0%| F|  |TAMS 0x000000008be00000, 0x000000008be00000| Untracked 
| 115|0x000000008bf00000, 0x000000008bf00000, 0x000000008c000000|  0%| F|  |TAMS 0x000000008bf00000, 0x000000008bf00000| Untracked 
| 116|0x000000008c000000, 0x000000008c000000, 0x000000008c100000|  0%| F|  |TAMS 0x000000008c000000, 0x000000008c000000| Untracked 
| 117|0x000000008c100000, 0x000000008c1f6330, 0x000000008c200000| 96%| S|CS|TAMS 0x000000008c100000, 0x000000008c100000| Complete 
| 118|0x000000008c200000, 0x000000008c300000, 0x000000008c300000|100%| S|CS|TAMS 0x000000008c200000, 0x000000008c200000| Complete 
| 119|0x000000008c300000, 0x000000008c400000, 0x000000008c400000|100%| S|CS|TAMS 0x000000008c300000, 0x000000008c300000| Complete 
| 120|0x000000008c400000, 0x000000008c400000, 0x000000008c500000|  0%| F|  |TAMS 0x000000008c400000, 0x000000008c400000| Untracked 
| 121|0x000000008c500000, 0x000000008c500000, 0x000000008c600000|  0%| F|  |TAMS 0x000000008c500000, 0x000000008c500000| Untracked 
| 122|0x000000008c600000, 0x000000008c600000, 0x000000008c700000|  0%| F|  |TAMS 0x000000008c600000, 0x000000008c600000| Untracked 
| 123|0x000000008c700000, 0x000000008c700000, 0x000000008c800000|  0%| F|  |TAMS 0x000000008c700000, 0x000000008c700000| Untracked 

Card table byte_map: [0x0000027eff4e0000,0x0000027eff8c0000] _byte_map_base: 0x0000027eff0ba000

Marking Bits (Prev, Next): (CMBitMap*) 0x0000027eff07fd58, (CMBitMap*) 0x0000027eff07fd98
 Prev Bits: [0x0000027e97430000, 0x0000027e99300000)
 Next Bits: [0x0000027e99300000, 0x0000027e9b1d0000)

Polling page: 0x0000027efcd80000

Metaspace:

Usage:
  Non-class:     12.25 MB capacity,    11.98 MB ( 98%) used,   238.81 KB (  2%) free+waste,    40.63 KB ( <1%) overhead. 
      Class:      1.96 MB capacity,     1.79 MB ( 91%) used,   152.96 KB (  8%) free+waste,    21.56 KB (  1%) overhead. 
       Both:     14.21 MB capacity,    13.77 MB ( 97%) used,   391.77 KB (  3%) free+waste,    62.19 KB ( <1%) overhead. 

Virtual space:
  Non-class space:       22.00 MB reserved,      12.25 MB ( 56%) committed 
      Class space:        1.00 GB reserved,       2.00 MB ( <1%) committed 
             Both:        1.02 GB reserved,      14.25 MB (  1%) committed 

Chunk freelists:
   Non-Class:  2.00 KB
       Class:  6.00 KB
        Both:  8.00 KB

MaxMetaspaceSize: 17179869184.00 GB
CompressedClassSpaceSize: 1.00 GB

CodeHeap 'non-profiled nmethods': size=120000Kb used=656Kb max_used=656Kb free=119343Kb
 bounds [0x0000027e8ff00000, 0x0000027e90170000, 0x0000027e97430000]
CodeHeap 'profiled nmethods': size=120000Kb used=3393Kb max_used=3393Kb free=116606Kb
 bounds [0x0000027e889d0000, 0x0000027e88d30000, 0x0000027e8ff00000]
CodeHeap 'non-nmethods': size=5760Kb used=1211Kb max_used=1237Kb free=4549Kb
 bounds [0x0000027e88430000, 0x0000027e886a0000, 0x0000027e889d0000]
 total_blobs=2972 nmethods=1690 adapters=376
 compilation: enabled
              stopped_count=0, restarted_count=0
 full_count=0

Compilation events (20 events):
Event: 1.579 Thread 0x0000027e9de08800 nmethod 1780 0x0000027e88d0f890 code [0x0000027e88d0fa40, 0x0000027e88d0fc78]
Event: 1.579 Thread 0x0000027e9de08800 1781       3       java.lang.reflect.Method::getParameterCount (6 bytes)
Event: 1.579 Thread 0x0000027e9de08800 nmethod 1781 0x0000027e88d0fd10 code [0x0000027e88d0fec0, 0x0000027e88d10058]
Event: 1.579 Thread 0x0000027e9de08800 1782       3       jdk.internal.reflect.ConstantPool::getUTF8At (10 bytes)
Event: 1.579 Thread 0x0000027e9de08800 nmethod 1782 0x0000027e88d10110 code [0x0000027e88d102c0, 0x0000027e88d10470]
Event: 1.579 Thread 0x0000027e9de08800 1784       3       org.springframework.util.ConcurrentReferenceHashMap$ReferenceManager::createReference (43 bytes)
Event: 1.579 Thread 0x0000027e9de08800 nmethod 1784 0x0000027e88d10510 code [0x0000027e88d10700, 0x0000027e88d10cf0]
Event: 1.579 Thread 0x0000027e9de08800 1785       3       org.springframework.util.ConcurrentReferenceHashMap$SoftEntryReference::<init> (18 bytes)
Event: 1.579 Thread 0x0000027e9de08800 nmethod 1785 0x0000027e88d10f10 code [0x0000027e88d110e0, 0x0000027e88d114f8]
Event: 1.580 Thread 0x0000027e9de08800 1786       3       sun.reflect.annotation.AnnotationInvocationHandler::invoke (178 bytes)
Event: 1.580 Thread 0x0000027e9de08800 nmethod 1786 0x0000027e88d11610 code [0x0000027e88d11900, 0x0000027e88d12ab0]
Event: 1.580 Thread 0x0000027e9de08800 1787       3       org.springframework.core.annotation.AttributeMethods::size (6 bytes)
Event: 1.580 Thread 0x0000027e9de08800 nmethod 1787 0x0000027e88d13010 code [0x0000027e88d131c0, 0x0000027e88d13358]
Event: 1.580 Thread 0x0000027e9de08800 1790       3       java.lang.reflect.Method::equals (69 bytes)
Event: 1.580 Thread 0x0000027e9de08800 nmethod 1790 0x0000027e88d13410 code [0x0000027e88d13600, 0x0000027e88d13d90]
Event: 1.580 Thread 0x0000027e9de08800 1789       1       org.springframework.core.annotation.AnnotationTypeMapping::access$000 (5 bytes)
Event: 1.581 Thread 0x0000027e9de08800 nmethod 1789 0x0000027e8ff9ec10 code [0x0000027e8ff9eda0, 0x0000027e8ff9ee98]
Event: 1.581 Thread 0x0000027e9de08800 1788       3       java.util.Arrays$ArrayItr::hasNext (18 bytes)
Event: 1.581 Thread 0x0000027e9de08800 nmethod 1788 0x0000027e88d13f10 code [0x0000027e88d140c0, 0x0000027e88d142b8]
Event: 1.581 Thread 0x0000027e9de08800 1793       3       java.io.ByteArrayOutputStream::<init> (43 bytes)

GC Heap History (8 events):
Event: 0.737 GC heap before
{Heap before GC invocations=0 (full 0):
 garbage-first heap   total 126976K, used 15360K [0x0000000084c00000, 0x0000000100000000)
  region size 1024K, 14 young (14336K), 0 survivors (0K)
 Metaspace       used 2648K, capacity 5515K, committed 5760K, reserved 1056768K
  class space    used 251K, capacity 518K, committed 640K, reserved 1048576K
}
Event: 0.749 GC heap after
{Heap after GC invocations=1 (full 0):
 garbage-first heap   total 126976K, used 6492K [0x0000000084c00000, 0x0000000100000000)
  region size 1024K, 2 young (2048K), 2 survivors (2048K)
 Metaspace       used 2648K, capacity 5515K, committed 5760K, reserved 1056768K
  class space    used 251K, capacity 518K, committed 640K, reserved 1048576K
}
Event: 0.933 GC heap before
{Heap before GC invocations=1 (full 0):
 garbage-first heap   total 126976K, used 17756K [0x0000000084c00000, 0x0000000100000000)
  region size 1024K, 14 young (14336K), 2 survivors (2048K)
 Metaspace       used 4624K, capacity 6604K, committed 6912K, reserved 1056768K
  class space    used 493K, capacity 694K, committed 768K, reserved 1048576K
}
Event: 0.936 GC heap after
{Heap after GC invocations=2 (full 0):
 garbage-first heap   total 126976K, used 6994K [0x0000000084c00000, 0x0000000100000000)
  region size 1024K, 1 young (1024K), 1 survivors (1024K)
 Metaspace       used 4624K, capacity 6604K, committed 6912K, reserved 1056768K
  class space    used 493K, capacity 694K, committed 768K, reserved 1048576K
}
Event: 0.946 GC heap before
{Heap before GC invocations=2 (full 0):
 garbage-first heap   total 126976K, used 32594K [0x0000000084c00000, 0x0000000100000000)
  region size 1024K, 27 young (27648K), 1 survivors (1024K)
 Metaspace       used 4624K, capacity 6604K, committed 6912K, reserved 1056768K
  class space    used 493K, capacity 694K, committed 768K, reserved 1048576K
}
Event: 0.947 GC heap after
{Heap after GC invocations=3 (full 0):
 garbage-first heap   total 126976K, used 6994K [0x0000000084c00000, 0x0000000100000000)
  region size 1024K, 1 young (1024K), 1 survivors (1024K)
 Metaspace       used 4624K, capacity 6604K, committed 6912K, reserved 1056768K
  class space    used 493K, capacity 694K, committed 768K, reserved 1048576K
}
Event: 1.561 GC heap before
{Heap before GC invocations=3 (full 0):
 garbage-first heap   total 126976K, used 80722K [0x0000000084c00000, 0x0000000100000000)
  region size 1024K, 74 young (75776K), 1 survivors (1024K)
 Metaspace       used 13289K, capacity 13746K, committed 14080K, reserved 1060864K
  class space    used 1757K, capacity 1933K, committed 2048K, reserved 1048576K
}
Event: 1.566 GC heap after
{Heap after GC invocations=4 (full 0):
 garbage-first heap   total 126976K, used 9374K [0x0000000084c00000, 0x0000000100000000)
  region size 1024K, 3 young (3072K), 3 survivors (3072K)
 Metaspace       used 13289K, capacity 13746K, committed 14080K, reserved 1060864K
  class space    used 1757K, capacity 1933K, committed 2048K, reserved 1048576K
}

Deoptimization events (20 events):
Event: 1.351 Thread 0x0000027e9e8af800 DEOPT PACKING pc=0x0000027e8ff63a6c sp=0x000000a3822fdcf0
Event: 1.351 Thread 0x0000027e9e8af800 DEOPT UNPACKING pc=0x0000027e8847912f sp=0x000000a3822fdc68 mode 2
Event: 1.352 Thread 0x0000027e9e9d4000 DEOPT PACKING pc=0x0000027e88c526b0 sp=0x000000a3824f9eb0
Event: 1.352 Thread 0x0000027e9e9d4000 DEOPT UNPACKING pc=0x0000027e8847964e sp=0x000000a3824f93c8 mode 0
Event: 1.356 Thread 0x0000027e9e9d4000 DEOPT PACKING pc=0x0000027e88bc4de8 sp=0x000000a3824fdcc0
Event: 1.356 Thread 0x0000027e9e9d4000 DEOPT UNPACKING pc=0x0000027e8847964e sp=0x000000a3824fd1c8 mode 0
Event: 1.379 Thread 0x0000027e9e9d4000 DEOPT PACKING pc=0x0000027e88bc4de8 sp=0x000000a3824fe270
Event: 1.379 Thread 0x0000027e9e9d4000 DEOPT UNPACKING pc=0x0000027e8847964e sp=0x000000a3824fd778 mode 0
Event: 1.424 Thread 0x0000027e9e9d4000 Uncommon trap: trap_request=0xffffff45 fr.pc=0x0000027e8ff70408 relative=0x0000000000000e68
Event: 1.424 Thread 0x0000027e9e9d4000 Uncommon trap: reason=unstable_if action=reinterpret pc=0x0000027e8ff70408 method=java.util.concurrent.ConcurrentHashMap.putVal(Ljava/lang/Object;Ljava/lang/Object;Z)Ljava/lang/Object; @ 112 c2
Event: 1.424 Thread 0x0000027e9e9d4000 DEOPT PACKING pc=0x0000027e8ff70408 sp=0x000000a3824fe440
Event: 1.424 Thread 0x0000027e9e9d4000 DEOPT UNPACKING pc=0x0000027e8847912f sp=0x000000a3824fe3d0 mode 2
Event: 1.428 Thread 0x0000027e9e9d4000 Uncommon trap: trap_request=0xffffff45 fr.pc=0x0000027e8ff48d5c relative=0x00000000000001bc
Event: 1.428 Thread 0x0000027e9e9d4000 Uncommon trap: reason=unstable_if action=reinterpret pc=0x0000027e8ff48d5c method=java.util.HashMap.getNode(ILjava/lang/Object;)Ljava/util/HashMap$Node; @ 129 c2
Event: 1.428 Thread 0x0000027e9e9d4000 DEOPT PACKING pc=0x0000027e8ff48d5c sp=0x000000a3824fe0d0
Event: 1.428 Thread 0x0000027e9e9d4000 DEOPT UNPACKING pc=0x0000027e8847912f sp=0x000000a3824fdfd0 mode 2
Event: 1.555 Thread 0x0000027e9e8af800 Uncommon trap: trap_request=0xffffffde fr.pc=0x0000027e8ff0d644 relative=0x00000000000001a4
Event: 1.555 Thread 0x0000027e9e8af800 Uncommon trap: reason=class_check action=maybe_recompile pc=0x0000027e8ff0d644 method=java.lang.String.equals(Ljava/lang/Object;)Z @ 8 c2
Event: 1.555 Thread 0x0000027e9e8af800 DEOPT PACKING pc=0x0000027e8ff0d644 sp=0x000000a3822fde30
Event: 1.555 Thread 0x0000027e9e8af800 DEOPT UNPACKING pc=0x0000027e8847912f sp=0x000000a3822fddd8 mode 2

Classes unloaded (0 events):
No events

Classes redefined (0 events):
No events

Internal exceptions (20 events):
Event: 0.903 Thread 0x0000027eff03c800 Exception <a 'java/lang/NoSuchMethodError'{0x000000008c0ce9e0}: 'java.lang.Object java.lang.invoke.DirectMethodHandle$Holder.invokeStaticInit(java.lang.Object, java.lang.Object, java.lang.Object)'> (0x000000008c0ce9e0) 
thrown [t:/workspace/open/src/hotspot/share/interpreter/linkResolver.cpp, line 767]
Event: 1.169 Thread 0x0000027e9e8af800 Exception <a 'java/io/FileNotFoundException'{0x000000008b9ee450}> (0x000000008b9ee450) 
thrown [t:/workspace/open/src/hotspot/share/prims/jni.cpp, line 598]
Event: 1.199 Thread 0x0000027e9e8af800 Implicit null exception at 0x0000027e8ff4aae8 to 0x0000027e8ff4ab7a
Event: 1.199 Thread 0x0000027e9e8af800 Implicit null exception at 0x0000027e8ff3c32f to 0x0000027e8ff3c3ad
Event: 1.252 Thread 0x0000027e9e8af800 Exception <a 'java/lang/NoSuchMethodError'{0x000000008b07b2b0}: 'int java.lang.invoke.DirectMethodHandle$Holder.invokeSpecial(java.lang.Object, java.lang.Object, java.lang.Object, java.lang.Object)'> (0x000000008b07b2b0) 
thrown [t:/workspace/open/src/hotspot/share/interpreter/linkResolver.cpp, line 767]
Event: 1.281 Thread 0x0000027e9e8af800 Exception <a 'java/lang/NoSuchMethodError'{0x000000008aa5b250}: 'java.lang.Object java.lang.invoke.DirectMethodHandle$Holder.invokeSpecial(java.lang.Object, java.lang.Object, java.lang.Object, java.lang.Object, java.lang.Object, java.lang.Object, int)'> (0x000000008aa5b250) 
thrown [t:/workspace/open/src/hotspot/share/interpreter/linkResolver.cpp, line 767]
Event: 1.282 Thread 0x0000027e9e8af800 Exception <a 'java/lang/NoSuchMethodError'{0x000000008aa63f10}: 'java.lang.Object java.lang.invoke.DirectMethodHandle$Holder.invokeStatic(java.lang.Object, java.lang.Object, java.lang.Object, java.lang.Object, java.lang.Object, java.lang.Object, int)'> (0x000000008aa63f10) 
thrown [t:/workspace/open/src/hotspot/share/interpreter/linkResolver.cpp, line 767]
Event: 1.283 Thread 0x0000027e9e8af800 Exception <a 'java/lang/NoSuchMethodError'{0x000000008aa676d8}: 'java.lang.Object java.lang.invoke.DirectMethodHandle$Holder.invokeSpecial(java.lang.Object, java.lang.Object, java.lang.Object, java.lang.Object, java.lang.Object, java.lang.Object, java.lang.Object, int)'> (0x000000008aa676d8) 
thrown [t:/workspace/open/src/hotspot/share/interpreter/linkResolver.cpp, line 767]
Event: 1.290 Thread 0x0000027e9e8af800 Exception <a 'java/lang/NoSuchMethodError'{0x000000008a9caa18}: 'java.lang.Object java.lang.invoke.DirectMethodHandle$Holder.invokeStatic(java.lang.Object, java.lang.Object, int, java.lang.Object)'> (0x000000008a9caa18) 
thrown [t:/workspace/open/src/hotspot/share/interpreter/linkResolver.cpp, line 767]
Event: 1.291 Thread 0x0000027e9e8af800 Exception <a 'java/lang/NoSuchMethodError'{0x000000008a9d0ce0}: 'java.lang.Object java.lang.invoke.Invokers$Holder.linkToTargetMethod(java.lang.Object, int, java.lang.Object, java.lang.Object)'> (0x000000008a9d0ce0) 
thrown [t:/workspace/open/src/hotspot/share/interpreter/linkResolver.cpp, line 767]
Event: 1.292 Thread 0x0000027e9e8af800 Exception <a 'java/lang/NoSuchMethodError'{0x000000008a9d5a80}: 'void java.lang.invoke.DirectMethodHandle$Holder.invokeSpecial(java.lang.Object, java.lang.Object, java.lang.Object, java.lang.Object, java.lang.Object, java.lang.Object)'> (0x000000008a9d5a80) 
thrown [t:/workspace/open/src/hotspot/share/interpreter/linkResolver.cpp, line 767]
Event: 1.295 Thread 0x0000027e9e8af800 Exception <a 'java/lang/NoSuchMethodError'{0x000000008a9eb380}: 'java.lang.Object java.lang.invoke.Invokers$Holder.linkToTargetMethod(java.lang.Object, java.lang.Object, java.lang.Object, java.lang.Object, java.lang.Object, java.lang.Object)'> (0x000000008a9eb380) 
thrown [t:/workspace/open/src/hotspot/share/interpreter/linkResolver.cpp, line 767]
Event: 1.297 Thread 0x0000027e9e8af800 Exception <a 'java/lang/NoSuchMethodError'{0x000000008a787988}: 'int java.lang.invoke.DirectMethodHandle$Holder.invokeVirtual(java.lang.Object, java.lang.Object)'> (0x000000008a787988) 
thrown [t:/workspace/open/src/hotspot/share/interpreter/linkResolver.cpp, line 767]
Event: 1.311 Thread 0x0000027e9e8af800 Exception <a 'java/lang/NoSuchMethodError'{0x000000008a529ff8}: 'void java.lang.invoke.DirectMethodHandle$Holder.invokeStatic(java.lang.Object, java.lang.Object, java.lang.Object, java.lang.Object)'> (0x000000008a529ff8) 
thrown [t:/workspace/open/src/hotspot/share/interpreter/linkResolver.cpp, line 767]
Event: 1.349 Thread 0x0000027e9e8af800 Exception <a 'java/lang/NoSuchMethodError'{0x000000008a1ef7e0}: 'void java.lang.invoke.DirectMethodHandle$Holder.invokeStaticInit(java.lang.Object, java.lang.Object)'> (0x000000008a1ef7e0) 
thrown [t:/workspace/open/src/hotspot/share/interpreter/linkResolver.cpp, line 767]
Event: 1.412 Thread 0x0000027e9e8af800 Exception <a 'java/lang/NoSuchMethodError'{0x000000008940d3b0}: 'void java.lang.invoke.DirectMethodHandle$Holder.invokeSpecial(java.lang.Object, java.lang.Object, java.lang.Object, java.lang.Object, java.lang.Object)'> (0x000000008940d3b0) 
thrown [t:/workspace/open/src/hotspot/share/interpreter/linkResolver.cpp, line 767]
Event: 1.421 Thread 0x0000027e9e8af800 Exception <a 'java/lang/NoSuchMethodError'{0x000000008923c8c8}: 'int java.lang.invoke.DirectMethodHandle$Holder.invokeSpecialIFC(java.lang.Object, java.lang.Object, int)'> (0x000000008923c8c8) 
thrown [t:/workspace/open/src/hotspot/share/interpreter/linkResolver.cpp, line 767]
Event: 1.526 Thread 0x0000027e9e9d4000 Exception <a 'java/lang/NoSuchMethodError'{0x00000000883ceed8}: 'int java.lang.invoke.DirectMethodHandle$Holder.invokeInterface(java.lang.Object, java.lang.Object)'> (0x00000000883ceed8) 
thrown [t:/workspace/open/src/hotspot/share/interpreter/linkResolver.cpp, line 767]
Event: 1.532 Thread 0x0000027e9e9d4000 Exception <a 'java/lang/NoSuchMethodError'{0x0000000088114c90}: 'java.lang.Object java.lang.invoke.DirectMethodHandle$Holder.invokeStaticInit(java.lang.Object, java.lang.Object, java.lang.Object, java.lang.Object, java.lang.Object)'> (0x0000000088114c90) 
thrown [t:/workspace/open/src/hotspot/share/interpreter/linkResolver.cpp, line 767]
Event: 1.535 Thread 0x0000027e9e8af800 Exception <a 'java/lang/NoSuchMethodError'{0x000000008818be50}: 'org.slf4j.impl.StaticMDCBinder org.slf4j.impl.StaticMDCBinder.getSingleton()'> (0x000000008818be50) 
thrown [t:/workspace/open/src/hotspot/share/interpreter/linkResolver.cpp, line 767]

Events (20 events):
Event: 1.572 loading class com/fasterxml/jackson/databind/AnnotationIntrospector
Event: 1.572 loading class com/fasterxml/jackson/databind/AnnotationIntrospector done
Event: 1.573 loading class com/fasterxml/jackson/databind/introspect/JacksonAnnotationIntrospector
Event: 1.573 loading class com/fasterxml/jackson/databind/introspect/JacksonAnnotationIntrospector done
Event: 1.576 loading class com/fasterxml/jackson/databind/jsontype/PolymorphicTypeValidator
Event: 1.576 loading class com/fasterxml/jackson/databind/jsontype/PolymorphicTypeValidator done
Event: 1.576 loading class com/fasterxml/jackson/databind/jsontype/impl/LaissezFaireSubTypeValidator
Event: 1.576 loading class com/fasterxml/jackson/databind/jsontype/impl/LaissezFaireSubTypeValidator done
Event: 1.576 loading class com/fasterxml/jackson/databind/jsontype/PolymorphicTypeValidator$Base
Event: 1.576 loading class com/fasterxml/jackson/databind/jsontype/PolymorphicTypeValidator$Base done
Event: 1.576 loading class com/fasterxml/jackson/databind/util/StdDateFormat
Event: 1.576 loading class com/fasterxml/jackson/databind/util/StdDateFormat done
Event: 1.577 loading class com/fasterxml/jackson/databind/jsontype/TypeResolverBuilder
Event: 1.577 loading class com/fasterxml/jackson/databind/jsontype/TypeResolverBuilder done
Event: 1.577 loading class com/fasterxml/jackson/databind/introspect/VisibilityChecker
Event: 1.577 loading class com/fasterxml/jackson/databind/introspect/VisibilityChecker done
Event: 1.579 loading class org/springframework/core/annotation/ValueExtractor
Event: 1.579 loading class org/springframework/core/annotation/ValueExtractor done
Event: 1.581 loading class com/fasterxml/jackson/databind/introspect/ClassIntrospector
Event: 1.581 loading class com/fasterxml/jackson/databind/introspect/ClassIntrospector done


Dynamic libraries:
0x00007ff739680000 - 0x00007ff73968f000 	C:\Program Files\Java\jdk-13.0.2\bin\java.exe
0x00007ffb7f030000 - 0x00007ffb7f211000 	C:\WINDOWS\SYSTEM32\ntdll.dll
0x00007ffb7c4c0000 - 0x00007ffb7c571000 	C:\WINDOWS\System32\KERNEL32.DLL
0x00007ffb7c1c0000 - 0x00007ffb7c433000 	C:\WINDOWS\System32\KERNELBASE.dll
0x00007ffb7c040000 - 0x00007ffb7c138000 	C:\WINDOWS\System32\ucrtbase.dll
0x00007ffb6f160000 - 0x00007ffb6f178000 	C:\Program Files\Java\jdk-13.0.2\bin\jli.dll
0x00007ffb7d4b0000 - 0x00007ffb7d551000 	C:\WINDOWS\System32\ADVAPI32.dll
0x00007ffb7eb40000 - 0x00007ffb7ebde000 	C:\WINDOWS\System32\msvcrt.dll
0x00007ffb7ebe0000 - 0x00007ffb7ec3b000 	C:\WINDOWS\System32\sechost.dll
0x00007ffb7ec40000 - 0x00007ffb7ed64000 	C:\WINDOWS\System32\RPCRT4.dll
0x00007ffb7c630000 - 0x00007ffb7c7c0000 	C:\WINDOWS\System32\USER32.dll
0x00007ffb7c440000 - 0x00007ffb7c460000 	C:\WINDOWS\System32\win32u.dll
0x00007ffb7d560000 - 0x00007ffb7d588000 	C:\WINDOWS\System32\GDI32.dll
0x00007ffb7b540000 - 0x00007ffb7b6d2000 	C:\WINDOWS\System32\gdi32full.dll
0x00007ffb7b3f0000 - 0x00007ffb7b48f000 	C:\WINDOWS\System32\msvcp_win.dll
0x00007ffb41ee0000 - 0x00007ffb41ef5000 	C:\Program Files\Java\jdk-13.0.2\bin\VCRUNTIME140.dll
0x00007ffb688c0000 - 0x00007ffb68b29000 	C:\WINDOWS\WinSxS\amd64_microsoft.windows.common-controls_6595b64144ccf1df_6.0.17134.1550_none_d40142657c8ef2c1\COMCTL32.dll
0x00007ffb7ca80000 - 0x00007ffb7cda0000 	C:\WINDOWS\System32\combase.dll
0x00007ffb7c140000 - 0x00007ffb7c1b9000 	C:\WINDOWS\System32\bcryptPrimitives.dll
0x00007ffb76db0000 - 0x00007ffb76dba000 	C:\WINDOWS\SYSTEM32\VERSION.dll
0x00007ffb7c8a0000 - 0x00007ffb7c8cd000 	C:\WINDOWS\System32\IMM32.DLL
0x00007ffb41e40000 - 0x00007ffb41edb000 	C:\Program Files\Java\jdk-13.0.2\bin\msvcp140.dll
0x00007ffb3dab0000 - 0x00007ffb3e60d000 	C:\Program Files\Java\jdk-13.0.2\bin\server\jvm.dll
0x00007ffb7c8d0000 - 0x00007ffb7c8d8000 	C:\WINDOWS\System32\PSAPI.DLL
0x00007ffb6a3d0000 - 0x00007ffb6a3d9000 	C:\WINDOWS\SYSTEM32\WSOCK32.dll
0x00007ffb7d440000 - 0x00007ffb7d4ac000 	C:\WINDOWS\System32\WS2_32.dll
0x00007ffb79640000 - 0x00007ffb79663000 	C:\WINDOWS\SYSTEM32\WINMM.dll
0x00007ffb79560000 - 0x00007ffb7958a000 	C:\WINDOWS\SYSTEM32\WINMMBASE.dll
0x00007ffb7b8d0000 - 0x00007ffb7b919000 	C:\WINDOWS\System32\cfgmgr32.dll
0x00007ffb7b3b0000 - 0x00007ffb7b3c1000 	C:\WINDOWS\System32\kernel.appcore.dll
0x00007ffb6faa0000 - 0x00007ffb6fab0000 	C:\Program Files\Java\jdk-13.0.2\bin\verify.dll
0x00007ffb6d790000 - 0x00007ffb6d959000 	C:\WINDOWS\SYSTEM32\DBGHELP.DLL
0x00007ffb6c3c0000 - 0x00007ffb6c3e9000 	C:\WINDOWS\SYSTEM32\dbgcore.DLL
0x00007ffb41e10000 - 0x00007ffb41e36000 	C:\Program Files\Java\jdk-13.0.2\bin\java.dll
0x00007ffb77f00000 - 0x00007ffb77f0e000 	C:\Program Files\Java\jdk-13.0.2\bin\instrument.dll
0x00007ffb41df0000 - 0x00007ffb41e07000 	C:\Program Files\Java\jdk-13.0.2\bin\zip.dll
0x00007ffb4e170000 - 0x00007ffb4e17a000 	C:\Program Files\Java\jdk-13.0.2\bin\jimage.dll
0x00007ffb7d690000 - 0x00007ffb7ead5000 	C:\WINDOWS\System32\SHELL32.dll
0x00007ffb7ed70000 - 0x00007ffb7ee19000 	C:\WINDOWS\System32\shcore.dll
0x00007ffb7b920000 - 0x00007ffb7c031000 	C:\WINDOWS\System32\windows.storage.dll
0x00007ffb7c7c0000 - 0x00007ffb7c811000 	C:\WINDOWS\System32\shlwapi.dll
0x00007ffb7b390000 - 0x00007ffb7b3af000 	C:\WINDOWS\System32\profapi.dll
0x00007ffb7b340000 - 0x00007ffb7b38c000 	C:\WINDOWS\System32\powrprof.dll
0x00007ffb7b330000 - 0x00007ffb7b33a000 	C:\WINDOWS\System32\FLTLIB.DLL
0x00007ffb41dd0000 - 0x00007ffb41de9000 	C:\Program Files\Java\jdk-13.0.2\bin\net.dll
0x00007ffb76530000 - 0x00007ffb7660d000 	C:\WINDOWS\SYSTEM32\WINHTTP.dll
0x00007ffb7ab50000 - 0x00007ffb7abb6000 	C:\WINDOWS\system32\mswsock.dll
0x00007ffb41db0000 - 0x00007ffb41dc3000 	C:\Program Files\Java\jdk-13.0.2\bin\nio.dll
0x00007ffb496a0000 - 0x00007ffb496ba000 	C:\Program Files\JetBrains\IntelliJ IDEA Community Edition 2019.3.1\bin\breakgen64.dll
0x00007ffb43340000 - 0x00007ffb43349000 	C:\Program Files\Java\jdk-13.0.2\bin\management.dll
0x00007ffb40970000 - 0x00007ffb4097b000 	C:\Program Files\Java\jdk-13.0.2\bin\management_ext.dll
0x00007ffb698a0000 - 0x00007ffb698b6000 	C:\WINDOWS\system32\napinsp.dll
0x00007ffb69880000 - 0x00007ffb6989a000 	C:\WINDOWS\system32\pnrpnsp.dll
0x00007ffb77ce0000 - 0x00007ffb77cf9000 	C:\WINDOWS\system32\NLAapi.dll
0x00007ffb7a8e0000 - 0x00007ffb7a99f000 	C:\WINDOWS\SYSTEM32\DNSAPI.dll
0x00007ffb7c580000 - 0x00007ffb7c588000 	C:\WINDOWS\System32\NSI.dll
0x00007ffb7a8a0000 - 0x00007ffb7a8d8000 	C:\WINDOWS\SYSTEM32\IPHLPAPI.DLL
0x00007ffb69870000 - 0x00007ffb6987e000 	C:\WINDOWS\System32\winrnr.dll
0x00007ffb72b20000 - 0x00007ffb72b2a000 	C:\Windows\System32\rasadhlp.dll
0x00007ffb738d0000 - 0x00007ffb73942000 	C:\WINDOWS\System32\fwpuclnt.dll
0x00007ffb7ae30000 - 0x00007ffb7ae55000 	C:\WINDOWS\SYSTEM32\bcrypt.dll

dbghelp: loaded successfully - version: 4.0.5 - missing functions: none
symbol engine: initialized successfully - sym options: 0x614 - pdb path: .;C:\Program Files\Java\jdk-13.0.2\bin;C:\WINDOWS\SYSTEM32;C:\WINDOWS\WinSxS\amd64_microsoft.windows.common-controls_6595b64144ccf1df_6.0.17134.1550_none_d40142657c8ef2c1;C:\Program Files\Java\jdk-13.0.2\bin\server;C:\Program Files\JetBrains\IntelliJ IDEA Community Edition 2019.3.1\bin

VM Arguments:
jvm_args: -javaagent:C:\Program Files\JetBrains\IntelliJ IDEA Community Edition 2019.3.1\lib\idea_rt.jar=63564:C:\Program Files\JetBrains\IntelliJ IDEA Community Edition 2019.3.1\bin -Dfile.encoding=UTF-8 
java_command: com.example.employees.EmployeesApplication
java_class_path (initial): C:\Users\Frane\Documents\employees\target\classes;C:\Users\Frane\.m2\repository\org\springframework\boot\spring-boot-starter-data-jpa\2.3.0.RELEASE\spring-boot-starter-data-jpa-2.3.0.RELEASE.jar;C:\Users\Frane\.m2\repository\org\springframework\boot\spring-boot-starter-aop\2.3.0.RELEASE\spring-boot-starter-aop-2.3.0.RELEASE.jar;C:\Users\Frane\.m2\repository\org\aspectj\aspectjweaver\1.9.5\aspectjweaver-1.9.5.jar;C:\Users\Frane\.m2\repository\org\springframework\boot\spring-boot-starter-jdbc\2.3.0.RELEASE\spring-boot-starter-jdbc-2.3.0.RELEASE.jar;C:\Users\Frane\.m2\repository\com\zaxxer\HikariCP\3.4.5\HikariCP-3.4.5.jar;C:\Users\Frane\.m2\repository\org\springframework\spring-jdbc\5.2.6.RELEASE\spring-jdbc-5.2.6.RELEASE.jar;C:\Users\Frane\.m2\repository\jakarta\transaction\jakarta.transaction-api\1.3.3\jakarta.transaction-api-1.3.3.jar;C:\Users\Frane\.m2\repository\jakarta\persistence\jakarta.persistence-api\2.2.3\jakarta.persistence-api-2.2.3.jar;C:\Users\Frane\.m2\repository\org\hibernate\hibernate-core\5.4.15.Final\hibernate-core-5.4.15.Final.jar;C:\Users\Frane\.m2\repository\org\jboss\logging\jboss-logging\3.4.1.Final\jboss-logging-3.4.1.Final.jar;C:\Users\Frane\.m2\repository\org\javassist\javassist\3.24.0-GA\javassist-3.24.0-GA.jar;C:\Users\Frane\.m2\repository\net\bytebuddy\byte-buddy\1.10.10\byte-buddy-1.10.10.jar;C:\Users\Frane\.m2\repository\antlr\antlr\2.7.7\antlr-2.7.7.jar;C:\Users\Frane\.m2\repository\org\jboss\jandex\2.1.3.Final\jandex-2.1.3.Final.jar;C:\Users\Frane\.m2\repository\com\fasterxml\classmate\1.5.1\classmate-1.5.1.jar;C:\Users\Frane\.m2\repository\org\dom4j\dom4j\2.1.3\dom4j-2.1.3.jar;C:\Users\Frane\.m2\repository\org\hibernate\common\hibernate-commons-annotations\5.1.0.Final\hibernate-commons-annotations-5.1.0.Final.jar;C:\Users\Frane\.m2\repository\org\glassfish\jaxb\jaxb-runtime\2.3.3\jaxb-runtime-2.3.3.jar;C:\Users\Frane\.m2\repository\org\glassfish\jaxb\txw2\2.3.3\txw2-2.3.3.jar;C:\Users\Frane\.m2\repositor
Launcher Type: SUN_STANDARD

[Global flags]
     intx CICompilerCount                          = 3                                         {product} {ergonomic}
     uint ConcGCThreads                            = 1                                         {product} {ergonomic}
     uint G1ConcRefinementThreads                  = 4                                         {product} {ergonomic}
   size_t G1HeapRegionSize                         = 1048576                                   {product} {ergonomic}
    uintx GCDrainStackTargetSize                   = 64                                        {product} {ergonomic}
   size_t InitialHeapSize                          = 130023424                                 {product} {ergonomic}
   size_t MarkStackSize                            = 4194304                                   {product} {ergonomic}
   size_t MaxHeapSize                              = 2067791872                                {product} {ergonomic}
   size_t MaxNewSize                               = 1240465408                                {product} {ergonomic}
   size_t MinHeapDeltaBytes                        = 1048576                                   {product} {ergonomic}
   size_t MinHeapSize                              = 8388608                                   {product} {ergonomic}
    uintx NonNMethodCodeHeapSize                   = 5832780                                {pd product} {ergonomic}
    uintx NonProfiledCodeHeapSize                  = 122912730                              {pd product} {ergonomic}
    uintx ProfiledCodeHeapSize                     = 122912730                              {pd product} {ergonomic}
    uintx ReservedCodeCacheSize                    = 251658240                              {pd product} {ergonomic}
     bool SegmentedCodeCache                       = true                                      {product} {ergonomic}
   size_t SoftMaxHeapSize                          = 2067791872                             {manageable} {ergonomic}
     bool UseCompressedClassPointers               = true                                 {lp64_product} {ergonomic}
     bool UseCompressedOops                        = true                                 {lp64_product} {ergonomic}
     bool UseG1GC                                  = true                                      {product} {ergonomic}
     bool UseLargePagesIndividualAllocation        = false                                  {pd product} {ergonomic}

Logging:
Log output configuration:
 #0: stdout all=warning uptime,level,tags
 #1: stderr all=off uptime,level,tags

Environment Variables:
JAVA_HOME=C:\Program Files\Java\jdk-13.0.2
CLASSPATH=.;
PATH=C:\Users\Frane\Downloads\ffmpeg\bin;%PATH;C:\Program Files\Microsoft SQL Server\Client SDK\ODBC\170\Tools\Binn\;C:\Program Files (x86)\Microsoft SQL Server\150\Tools\Binn\;C:\Program Files\Microsoft SQL Server\150\Tools\Binn\;C:\Program Files\Microsoft SQL Server\150\DTS\Binn\;C:\Program Files\dotnet\;C:\Program Files\PostgreSQL\12\bin;C:\Go\bin;C:\Program Files\apache-maven-3.6.3\bin;C:\Program Files\Java\jdk-13.0.2\bin;;C:\Program Files\Microsoft VS Code\bin;C:\Users\Frane\AppData\Local\Programs\Python\Python38-32\Scripts\;C:\Users\Frane\AppData\Local\Programs\Python\Python38-32\;C:\Ruby26-x64\bin;C:\Users\Frane\.windows-build-tools\python27\;C:\Program Files\nodejs\node_modules\npm\bin\node-gyp-bin;C:\Users\Frane\AppData\Roaming\npm\node_modules\windows-build-tools\node_modules\.bin;C:\Users\Frane\AppData\Roaming\npm\node_modules\.bin;C:\ProgramData\DockerDesktop\version-bin;C:\Program Files\Docker\Docker\Resources\bin;C:\WINDOWS\system32;C:\WINDOWS;C:\WINDOWS\System32\Wbem;C:\WINDOWS\System32\WindowsPowerShell\v1.0\;C:\Program Files\nodejs\;C:\xampp\php;C:\ProgramData\ComposerSetup\bin;C:\WINDOWS\System32\OpenSSH\;C:\Program Files\Git\cmd;C:\Program Files\Microsoft VS Code\bin;C:\Program Files\Java\jdk1.8.0_181\bin;C:\Program Files\dotnet\;C:\Program Files\Microsoft SQL Server\Client SDK\ODBC\130\Tools\Binn\;C:\Program Files (x86)\Microsoft SQL Server\140\Tools\Binn\;C:\Program Files\Microsoft SQL Server\140\Tools\Binn\;C:\Program Files\Microsoft SQL Server\140\DTS\Binn\;C:\Program Files\Microsoft SQL Server\130\Tools\Binn\;C:\Program Files (x86)\Microsoft SQL Server\Client SDK\ODBC\130\Tools\Binn\;C:\Program Files (x86)\Microsoft SQL Server\140\DTS\Binn\;C:\Program Files (x86)\Microsoft SQL Server\140\Tools\Binn\ManagementStudio\;C:\Users\Frane\AppData\Local\Programs\Python\Python37-32\Scripts\;C:\Users\Frane\AppData\Local\Programs\Python\Python37-32\;C:\Users\Frane\AppData\Local\Microsoft\WindowsApps;C:\Users\Frane\AppData\Roaming\Composer\vendor\bin;C:\Prog
USERNAME=Frane
OS=Windows_NT
PROCESSOR_IDENTIFIER=Intel64 Family 6 Model 158 Stepping 9, GenuineIntel



---------------  S Y S T E M  ---------------

OS: Windows 10 , 64 bit Build 17134 (10.0.17134.1425)

CPU:total 4 (initial active 4) (4 cores per cpu, 1 threads per core) family 6 model 158 stepping 9, cmov, cx8, fxsr, mmx, sse, sse2, sse3, ssse3, sse4.1, sse4.2, popcnt, avx, avx2, aes, clmul, erms, rtm, 3dnowpref, lzcnt, tsc, tscinvbit, bmi1, bmi2, adx, fma

Memory: 4k page, system-wide physical 7883M (1084M free)
TotalPageFile size 9700M (AvailPageFile size 210M)
current process WorkingSet (physical memory assigned to process): 149M, peak: 149M
current process commit charge ("private bytes"): 229M, peak: 230M

vm_info: Java HotSpot(TM) 64-Bit Server VM (13.0.2+8) for windows-amd64 JRE (13.0.2+8), built on Dec 11 2019 09:20:33 by "mach5one" with unknown MS VC++:1916

END.
