#
# There is insufficient memory for the Java Runtime Environment to continue.
# Native memory allocation (malloc) failed to allocate 32744 bytes for ChunkPool::allocate
# Possible reasons:
#   The system is out of physical RAM or swap space
#   The process is running with CompressedOops enabled, and the Java Heap may be blocking the growth of the native heap
# Possible solutions:
#   Reduce memory load on the system
#   Increase physical memory or swap space
#   Check if swap backing store is full
#   Decrease Java heap size (-Xmx/-Xms)
#   Decrease number of Java threads
#   Decrease Java thread stack sizes (-Xss)
#   Set larger code cache with -XX:ReservedCodeCacheSize=
#   JVM is running with Unscaled Compressed Oops mode in which the Java heap is
#     placed in the first 4GB address space. The Java Heap base address is the
#     maximum limit for the native heap growth. Please use -XX:HeapBaseMinAddress
#     to set the Java Heap base and to place the Java Heap above 4GB virtual address.
# This output file may be truncated or incomplete.
#
#  Out of Memory Error (t:/workspace/open/src/hotspot/share/memory/arena.cpp:80), pid=8736, tid=13220
#
# JRE version: Java(TM) SE Runtime Environment (13.0.2+8) (build 13.0.2+8)
# Java VM: Java HotSpot(TM) 64-Bit Server VM (13.0.2+8, mixed mode, sharing, tiered, compressed oops, g1 gc, windows-amd64)
# No core dump will be written. Minidumps are not enabled by default on client versions of Windows
#

---------------  S U M M A R Y ------------

Command Line: -javaagent:C:\Program Files\JetBrains\IntelliJ IDEA Community Edition 2019.3.1\lib\idea_rt.jar=50917:C:\Program Files\JetBrains\IntelliJ IDEA Community Edition 2019.3.1\bin -Dfile.encoding=UTF-8 com.example.employees.EmployeesApplication

Host: Intel(R) Core(TM) i5-7500 CPU @ 3.40GHz, 4 cores, 7G,  Windows 10 , 64 bit Build 17134 (10.0.17134.1425)
Time: Thu Jun 11 17:07:28 2020 Srednja Europa - ljet. vrij. elapsed time: 34 seconds (0d 0h 0m 34s)

---------------  T H R E A D  ---------------

Current thread (0x000002aa7f59e000):  JavaThread "C2 CompilerThread1" daemon [_thread_in_native, id=13220, stack(0x000000eb73f00000,0x000000eb74000000)]


Current CompileTask:
C2:  34830 5598       4       org.springframework.core.ResolvableType::resolveType (151 bytes)

Stack: [0x000000eb73f00000,0x000000eb74000000]
Native frames: (J=compiled Java code, j=interpreted, Vv=VM code, C=native code)
V  [jvm.dll+0x624f9a]
V  [jvm.dll+0x770cfa]
V  [jvm.dll+0x7724af]
V  [jvm.dll+0x772ab3]
V  [jvm.dll+0x24bf08]
V  [jvm.dll+0xc2076]
V  [jvm.dll+0xc23cc]
V  [jvm.dll+0x360d6d]
V  [jvm.dll+0x529bb6]
V  [jvm.dll+0x327832]
V  [jvm.dll+0x326bda]
V  [jvm.dll+0x205c27]
V  [jvm.dll+0x204e3f]
V  [jvm.dll+0x189c2c]
V  [jvm.dll+0x213e6d]
V  [jvm.dll+0x2120bb]
V  [jvm.dll+0x736bb6]
V  [jvm.dll+0x72fcaa]
V  [jvm.dll+0x623ea6]
C  [ucrtbase.dll+0x1e3fe]
C  [KERNEL32.DLL+0x14034]
C  [ntdll.dll+0x73691]


---------------  P R O C E S S  ---------------

Threads class SMR info:
_java_thread_list=0x000002aa15126dd0, length=34, elements={
0x000002aa7e945000, 0x000002aa7e94b000, 0x000002aa7e967800, 0x000002aa7e968800,
0x000002aa7e969800, 0x000002aa7e96d000, 0x000002aa7e96f800, 0x000002aa7f380000,
0x000002aa7f621800, 0x000002aa7f622800, 0x000002aa13226000, 0x000002aa13228000,
0x000002aa13228800, 0x000002aa13227000, 0x000002aa13225800, 0x000002aa13223000,
0x000002aa13224800, 0x000002aa13229800, 0x000002aa1881e800, 0x000002aa1881d800,
0x000002aa1881f800, 0x000002aa18820000, 0x000002aa1881a800, 0x000002aa1881b800,
0x000002aa18821000, 0x000002aa18822000, 0x000002aa1881c000, 0x000002aa18822800,
0x000002aa1881d000, 0x000002aa18826800, 0x000002aa18823800, 0x000002aa18826000,
0x000002aa18827800, 0x000002aa7f59e000
}

Java Threads: ( => current thread )
  0x000002aa7e945000 JavaThread "Reference Handler" daemon [_thread_blocked, id=13300, stack(0x000000eb73100000,0x000000eb73200000)]
  0x000002aa7e94b000 JavaThread "Finalizer" daemon [_thread_blocked, id=11716, stack(0x000000eb73200000,0x000000eb73300000)]
  0x000002aa7e967800 JavaThread "Signal Dispatcher" daemon [_thread_blocked, id=9336, stack(0x000000eb73300000,0x000000eb73400000)]
  0x000002aa7e968800 JavaThread "Attach Listener" daemon [_thread_blocked, id=10124, stack(0x000000eb73400000,0x000000eb73500000)]
  0x000002aa7e969800 JavaThread "C2 CompilerThread0" daemon [_thread_blocked, id=11588, stack(0x000000eb73500000,0x000000eb73600000)]
  0x000002aa7e96d000 JavaThread "C1 CompilerThread0" daemon [_thread_blocked, id=10272, stack(0x000000eb73600000,0x000000eb73700000)]
  0x000002aa7e96f800 JavaThread "Sweeper thread" daemon [_thread_blocked, id=12536, stack(0x000000eb73700000,0x000000eb73800000)]
  0x000002aa7f380000 JavaThread "Common-Cleaner" daemon [_thread_blocked, id=12556, stack(0x000000eb73800000,0x000000eb73900000)]
  0x000002aa7f621800 JavaThread "Monitor Ctrl-Break" daemon [_thread_in_native, id=13156, stack(0x000000eb73900000,0x000000eb73a00000)]
  0x000002aa7f622800 JavaThread "Service Thread" daemon [_thread_blocked, id=2436, stack(0x000000eb73a00000,0x000000eb73b00000)]
  0x000002aa13226000 JavaThread "Catalina-utility-1" [_thread_blocked, id=12604, stack(0x000000eb74000000,0x000000eb74100000)]
  0x000002aa13228000 JavaThread "Catalina-utility-2" [_thread_blocked, id=12668, stack(0x000000eb74300000,0x000000eb74400000)]
  0x000002aa13228800 JavaThread "container-0" [_thread_blocked, id=5304, stack(0x000000eb74400000,0x000000eb74500000)]
  0x000002aa13227000 JavaThread "mysql-cj-abandoned-connection-cleanup" daemon [_thread_blocked, id=12652, stack(0x000000eb74500000,0x000000eb74600000)]
  0x000002aa13225800 JavaThread "task-1" [_thread_blocked, id=9020, stack(0x000000eb74600000,0x000000eb74700000)]
  0x000002aa13223000 JavaThread "HikariPool-1 housekeeper" daemon [_thread_blocked, id=12348, stack(0x000000eb74800000,0x000000eb74900000)]
  0x000002aa13224800 JavaThread "task-2" [_thread_blocked, id=11156, stack(0x000000eb74a00000,0x000000eb74b00000)]
  0x000002aa13229800 JavaThread "Live Reload Server" daemon [_thread_in_native, id=11848, stack(0x000000eb74c00000,0x000000eb74d00000)]
  0x000002aa1881e800 JavaThread "File Watcher" daemon [_thread_blocked, id=5804, stack(0x000000eb74b00000,0x000000eb74c00000)]
  0x000002aa1881d800 JavaThread "http-nio-8080-BlockPoller" daemon [_thread_in_native, id=11764, stack(0x000000eb74d00000,0x000000eb74e00000)]
  0x000002aa1881f800 JavaThread "http-nio-8080-exec-1" daemon [_thread_blocked, id=10856, stack(0x000000eb74e00000,0x000000eb74f00000)]
  0x000002aa18820000 JavaThread "http-nio-8080-exec-2" daemon [_thread_blocked, id=12132, stack(0x000000eb74f00000,0x000000eb75000000)]
  0x000002aa1881a800 JavaThread "http-nio-8080-exec-3" daemon [_thread_blocked, id=2612, stack(0x000000eb75000000,0x000000eb75100000)]
  0x000002aa1881b800 JavaThread "http-nio-8080-exec-4" daemon [_thread_blocked, id=11532, stack(0x000000eb75100000,0x000000eb75200000)]
  0x000002aa18821000 JavaThread "http-nio-8080-exec-5" daemon [_thread_blocked, id=11568, stack(0x000000eb75200000,0x000000eb75300000)]
  0x000002aa18822000 JavaThread "http-nio-8080-exec-6" daemon [_thread_blocked, id=9040, stack(0x000000eb75300000,0x000000eb75400000)]
  0x000002aa1881c000 JavaThread "http-nio-8080-exec-7" daemon [_thread_blocked, id=956, stack(0x000000eb75400000,0x000000eb75500000)]
  0x000002aa18822800 JavaThread "http-nio-8080-exec-8" daemon [_thread_blocked, id=11592, stack(0x000000eb75500000,0x000000eb75600000)]
  0x000002aa1881d000 JavaThread "http-nio-8080-exec-9" daemon [_thread_blocked, id=9528, stack(0x000000eb75600000,0x000000eb75700000)]
  0x000002aa18826800 JavaThread "http-nio-8080-exec-10" daemon [_thread_blocked, id=8240, stack(0x000000eb75700000,0x000000eb75800000)]
  0x000002aa18823800 JavaThread "http-nio-8080-ClientPoller" daemon [_thread_in_native, id=5700, stack(0x000000eb75800000,0x000000eb75900000)]
  0x000002aa18826000 JavaThread "http-nio-8080-Acceptor" daemon [_thread_in_native, id=7880, stack(0x000000eb75900000,0x000000eb75a00000)]
  0x000002aa18827800 JavaThread "DestroyJavaVM" [_thread_blocked, id=12160, stack(0x000000eb72a00000,0x000000eb72b00000)]
=>0x000002aa7f59e000 JavaThread "C2 CompilerThread1" daemon [_thread_in_native, id=13220, stack(0x000000eb73f00000,0x000000eb74000000)]

Other Threads:
  0x000002aa7e941000 VMThread "VM Thread" [stack: 0x000000eb73000000,0x000000eb73100000] [id=1904]
  0x000002aa7f7df800 WatcherThread [stack: 0x000000eb73b00000,0x000000eb73c00000] [id=13016]
  0x000002aa7156f800 GCTaskThread "GC Thread#0" [stack: 0x000000eb72b00000,0x000000eb72c00000] [id=13200]
  0x000002aa7fa51000 GCTaskThread "GC Thread#1" [stack: 0x000000eb73c00000,0x000000eb73d00000] [id=12892]
  0x000002aa111f6000 GCTaskThread "GC Thread#2" [stack: 0x000000eb74100000,0x000000eb74200000] [id=1684]
  0x000002aa11044800 GCTaskThread "GC Thread#3" [stack: 0x000000eb74200000,0x000000eb74300000] [id=3648]
  0x000002aa71581800 ConcurrentGCThread "G1 Main Marker" [stack: 0x000000eb72c00000,0x000000eb72d00000] [id=8880]
  0x000002aa71583000 ConcurrentGCThread "G1 Conc#0" [stack: 0x000000eb72d00000,0x000000eb72e00000] [id=6128]
  0x000002aa7e7c1800 ConcurrentGCThread "G1 Refine#0" [stack: 0x000000eb72e00000,0x000000eb72f00000] [id=8432]
  0x000002aa7e7c2800 ConcurrentGCThread "G1 Young RemSet Sampling" [stack: 0x000000eb72f00000,0x000000eb73000000] [id=11512]

Threads with active compile tasks:
C2 CompilerThread1    34911 5598       4       org.springframework.core.ResolvableType::resolveType (151 bytes)

VM state:not at safepoint (normal execution)

VM Mutex/Monitor currently owned by a thread: None

Heap address: 0x0000000084c00000, size: 1972 MB, Compressed Oops mode: 32-bit
Narrow klass base: 0x0000000800000000, Narrow klass shift: 3
Compressed class space size: 1073741824 Address: 0x0000000800b40000

Heap:
 garbage-first heap   total 70656K, used 34311K [0x0000000084c00000, 0x0000000100000000)
  region size 1024K, 10 young (10240K), 2 survivors (2048K)
 Metaspace       used 59632K, capacity 61134K, committed 61336K, reserved 1101824K
  class space    used 7903K, capacity 8470K, committed 8576K, reserved 1048576K
Heap Regions: E=young(eden), S=young(survivor), O=old, HS=humongous(starts), HC=humongous(continues), CS=collection set, F=free, A=archive, TAMS=top-at-mark-start (previous, next)
|   0|0x0000000084c00000, 0x0000000084d00000, 0x0000000084d00000|100%|HS|  |TAMS 0x0000000084d00000, 0x0000000084c00000| Complete 
|   1|0x0000000084d00000, 0x0000000084e00000, 0x0000000084e00000|100%| O|  |TAMS 0x0000000084e00000, 0x0000000084d00000| Untracked 
|   2|0x0000000084e00000, 0x0000000084f00000, 0x0000000084f00000|100%| O|  |TAMS 0x0000000084f00000, 0x0000000084e00000| Untracked 
|   3|0x0000000084f00000, 0x0000000085000000, 0x0000000085000000|100%| O|  |TAMS 0x0000000085000000, 0x0000000084f00000| Untracked 
|   4|0x0000000085000000, 0x0000000085100000, 0x0000000085100000|100%| O|  |TAMS 0x0000000085100000, 0x0000000085000000| Untracked 
|   5|0x0000000085100000, 0x0000000085200000, 0x0000000085200000|100%| O|  |TAMS 0x0000000085200000, 0x0000000085100000| Untracked 
|   6|0x0000000085200000, 0x000000008522a400, 0x0000000085300000| 16%| O|  |TAMS 0x000000008522a400, 0x0000000085200000| Untracked 
|   7|0x0000000085300000, 0x0000000085400000, 0x0000000085400000|100%| O|  |TAMS 0x0000000085400000, 0x0000000085300000| Untracked 
|   8|0x0000000085400000, 0x0000000085500000, 0x0000000085500000|100%| O|  |TAMS 0x0000000085500000, 0x0000000085400000| Untracked 
|   9|0x0000000085500000, 0x0000000085600000, 0x0000000085600000|100%| O|  |TAMS 0x0000000085600000, 0x0000000085500000| Untracked 
|  10|0x0000000085600000, 0x0000000085700000, 0x0000000085700000|100%| O|  |TAMS 0x0000000085700000, 0x0000000085600000| Untracked 
|  11|0x0000000085700000, 0x0000000085800000, 0x0000000085800000|100%| O|  |TAMS 0x0000000085800000, 0x0000000085700000| Untracked 
|  12|0x0000000085800000, 0x0000000085900000, 0x0000000085900000|100%| O|  |TAMS 0x0000000085900000, 0x0000000085800000| Untracked 
|  13|0x0000000085900000, 0x0000000085a00000, 0x0000000085a00000|100%| O|  |TAMS 0x0000000085a00000, 0x0000000085900000| Untracked 
|  14|0x0000000085a00000, 0x0000000085b00000, 0x0000000085b00000|100%| O|  |TAMS 0x0000000085b00000, 0x0000000085a00000| Untracked 
|  15|0x0000000085b00000, 0x0000000085c00000, 0x0000000085c00000|100%| O|  |TAMS 0x0000000085c00000, 0x0000000085b00000| Untracked 
|  16|0x0000000085c00000, 0x0000000085d00000, 0x0000000085d00000|100%| O|  |TAMS 0x0000000085d00000, 0x0000000085c00000| Untracked 
|  17|0x0000000085d00000, 0x0000000085e00000, 0x0000000085e00000|100%| O|  |TAMS 0x0000000085e00000, 0x0000000085d00000| Untracked 
|  18|0x0000000085e00000, 0x0000000085f00000, 0x0000000085f00000|100%| O|  |TAMS 0x0000000085f00000, 0x0000000085e00000| Untracked 
|  19|0x0000000085f00000, 0x0000000086000000, 0x0000000086000000|100%| O|  |TAMS 0x0000000086000000, 0x0000000085f00000| Untracked 
|  20|0x0000000086000000, 0x0000000086100000, 0x0000000086100000|100%| O|  |TAMS 0x0000000086100000, 0x0000000086000000| Untracked 
|  21|0x0000000086100000, 0x0000000086200000, 0x0000000086200000|100%| O|  |TAMS 0x0000000086200000, 0x0000000086100000| Untracked 
|  22|0x0000000086200000, 0x0000000086300000, 0x0000000086300000|100%| O|  |TAMS 0x0000000086300000, 0x0000000086200000| Untracked 
|  23|0x0000000086300000, 0x0000000086400000, 0x0000000086400000|100%| O|  |TAMS 0x0000000086380800, 0x0000000086300000| Untracked 
|  24|0x0000000086400000, 0x0000000086500000, 0x0000000086500000|100%| O|  |TAMS 0x0000000086400000, 0x0000000086400000| Untracked 
|  25|0x0000000086500000, 0x00000000865a5e00, 0x0000000086600000| 64%| O|  |TAMS 0x0000000086500000, 0x0000000086500000| Untracked 
|  26|0x0000000086600000, 0x0000000086600000, 0x0000000086700000|  0%| F|  |TAMS 0x0000000086600000, 0x0000000086600000| Untracked 
|  27|0x0000000086700000, 0x0000000086700000, 0x0000000086800000|  0%| F|  |TAMS 0x0000000086700000, 0x0000000086700000| Untracked 
|  28|0x0000000086800000, 0x0000000086800000, 0x0000000086900000|  0%| F|  |TAMS 0x0000000086800000, 0x0000000086800000| Untracked 
|  29|0x0000000086900000, 0x0000000086900000, 0x0000000086a00000|  0%| F|  |TAMS 0x0000000086900000, 0x0000000086900000| Untracked 
|  30|0x0000000086a00000, 0x0000000086a00000, 0x0000000086b00000|  0%| F|  |TAMS 0x0000000086a00000, 0x0000000086a00000| Untracked 
|  31|0x0000000086b00000, 0x0000000086b00000, 0x0000000086c00000|  0%| F|  |TAMS 0x0000000086b00000, 0x0000000086b00000| Untracked 
|  32|0x0000000086c00000, 0x0000000086c00000, 0x0000000086d00000|  0%| F|  |TAMS 0x0000000086c00000, 0x0000000086c00000| Untracked 
|  33|0x0000000086d00000, 0x0000000086d00000, 0x0000000086e00000|  0%| F|  |TAMS 0x0000000086d00000, 0x0000000086d00000| Untracked 
|  34|0x0000000086e00000, 0x0000000086e00000, 0x0000000086f00000|  0%| F|  |TAMS 0x0000000086e00000, 0x0000000086e00000| Untracked 
|  35|0x0000000086f00000, 0x0000000086f00000, 0x0000000087000000|  0%| F|  |TAMS 0x0000000086f00000, 0x0000000086f00000| Untracked 
|  36|0x0000000087000000, 0x0000000087000000, 0x0000000087100000|  0%| F|  |TAMS 0x0000000087000000, 0x0000000087000000| Untracked 
|  37|0x0000000087100000, 0x0000000087100000, 0x0000000087200000|  0%| F|  |TAMS 0x0000000087100000, 0x0000000087100000| Untracked 
|  38|0x0000000087200000, 0x0000000087200000, 0x0000000087300000|  0%| F|  |TAMS 0x0000000087200000, 0x0000000087200000| Untracked 
|  39|0x0000000087300000, 0x0000000087300000, 0x0000000087400000|  0%| F|  |TAMS 0x0000000087300000, 0x0000000087300000| Untracked 
|  40|0x0000000087400000, 0x0000000087400000, 0x0000000087500000|  0%| F|  |TAMS 0x0000000087400000, 0x0000000087400000| Untracked 
|  41|0x0000000087500000, 0x0000000087500000, 0x0000000087600000|  0%| F|  |TAMS 0x0000000087500000, 0x0000000087500000| Untracked 
|  42|0x0000000087600000, 0x0000000087600000, 0x0000000087700000|  0%| F|  |TAMS 0x0000000087600000, 0x0000000087600000| Untracked 
|  43|0x0000000087700000, 0x0000000087700000, 0x0000000087800000|  0%| F|  |TAMS 0x0000000087700000, 0x0000000087700000| Untracked 
|  44|0x0000000087800000, 0x0000000087800000, 0x0000000087900000|  0%| F|  |TAMS 0x0000000087800000, 0x0000000087800000| Untracked 
|  45|0x0000000087900000, 0x0000000087900000, 0x0000000087a00000|  0%| F|  |TAMS 0x0000000087900000, 0x0000000087900000| Untracked 
|  46|0x0000000087a00000, 0x0000000087a00000, 0x0000000087b00000|  0%| F|  |TAMS 0x0000000087a00000, 0x0000000087a00000| Untracked 
|  47|0x0000000087b00000, 0x0000000087b00000, 0x0000000087c00000|  0%| F|  |TAMS 0x0000000087b00000, 0x0000000087b00000| Untracked 
|  48|0x0000000087c00000, 0x0000000087c00000, 0x0000000087d00000|  0%| F|  |TAMS 0x0000000087c00000, 0x0000000087c00000| Untracked 
|  49|0x0000000087d00000, 0x0000000087d00000, 0x0000000087e00000|  0%| F|  |TAMS 0x0000000087d00000, 0x0000000087d00000| Untracked 
|  50|0x0000000087e00000, 0x0000000087e00000, 0x0000000087f00000|  0%| F|  |TAMS 0x0000000087e00000, 0x0000000087e00000| Untracked 
|  51|0x0000000087f00000, 0x0000000087f00000, 0x0000000088000000|  0%| F|  |TAMS 0x0000000087f00000, 0x0000000087f00000| Untracked 
|  52|0x0000000088000000, 0x0000000088000000, 0x0000000088100000|  0%| F|  |TAMS 0x0000000088000000, 0x0000000088000000| Untracked 
|  53|0x0000000088100000, 0x0000000088100000, 0x0000000088200000|  0%| F|  |TAMS 0x0000000088100000, 0x0000000088100000| Untracked 
|  54|0x0000000088200000, 0x0000000088200000, 0x0000000088300000|  0%| F|  |TAMS 0x0000000088200000, 0x0000000088200000| Untracked 
|  55|0x0000000088300000, 0x00000000883b1ca0, 0x0000000088400000| 69%| S|CS|TAMS 0x0000000088300000, 0x0000000088300000| Complete 
|  56|0x0000000088400000, 0x0000000088500000, 0x0000000088500000|100%| S|CS|TAMS 0x0000000088400000, 0x0000000088400000| Complete 
|  57|0x0000000088500000, 0x0000000088500000, 0x0000000088600000|  0%| F|  |TAMS 0x0000000088500000, 0x0000000088500000| Untracked 
|  58|0x0000000088600000, 0x0000000088600000, 0x0000000088700000|  0%| F|  |TAMS 0x0000000088600000, 0x0000000088600000| Untracked 
|  59|0x0000000088700000, 0x0000000088700000, 0x0000000088800000|  0%| F|  |TAMS 0x0000000088700000, 0x0000000088700000| Untracked 
|  60|0x0000000088800000, 0x0000000088800000, 0x0000000088900000|  0%| F|  |TAMS 0x0000000088800000, 0x0000000088800000| Untracked 
|  61|0x0000000088900000, 0x00000000889d0c60, 0x0000000088a00000| 81%| E|  |TAMS 0x0000000088900000, 0x0000000088900000| Complete 
|  68|0x0000000089000000, 0x0000000089100000, 0x0000000089100000|100%| E|CS|TAMS 0x0000000089000000, 0x0000000089000000| Complete 
|  69|0x0000000089100000, 0x0000000089200000, 0x0000000089200000|100%| E|CS|TAMS 0x0000000089100000, 0x0000000089100000| Complete 
|  70|0x0000000089200000, 0x0000000089300000, 0x0000000089300000|100%| E|CS|TAMS 0x0000000089200000, 0x0000000089200000| Complete 
|  71|0x0000000089300000, 0x0000000089400000, 0x0000000089400000|100%| E|CS|TAMS 0x0000000089300000, 0x0000000089300000| Complete 
|  72|0x0000000089400000, 0x0000000089500000, 0x0000000089500000|100%| E|CS|TAMS 0x0000000089400000, 0x0000000089400000| Complete 
|  73|0x0000000089500000, 0x0000000089600000, 0x0000000089600000|100%| E|CS|TAMS 0x0000000089500000, 0x0000000089500000| Complete 
| 148|0x000000008e000000, 0x000000008e100000, 0x000000008e100000|100%| E|CS|TAMS 0x000000008e000000, 0x000000008e000000| Complete 

Card table byte_map: [0x000002aa79e00000,0x000002aa7a1e0000] _byte_map_base: 0x000002aa799da000

Marking Bits (Prev, Next): (CMBitMap*) 0x000002aa715706a8, (CMBitMap*) 0x000002aa71570668
 Prev Bits: [0x000002aa7c490000, 0x000002aa7e360000)
 Next Bits: [0x000002aa7a5c0000, 0x000002aa7c490000)

Polling page: 0x000002aa6f3c0000

Metaspace:

Usage:
  Non-class:     51.43 MB capacity,    50.52 MB ( 98%) used,   745.95 KB (  1%) free+waste,   188.75 KB ( <1%) overhead. 
      Class:      8.27 MB capacity,     7.72 MB ( 93%) used,   478.55 KB (  6%) free+waste,    87.88 KB (  1%) overhead. 
       Both:     59.70 MB capacity,    58.24 MB ( 98%) used,     1.20 MB (  2%) free+waste,   276.63 KB ( <1%) overhead. 

Virtual space:
  Non-class space:       52.00 MB reserved,      51.52 MB (>99%) committed 
      Class space:        1.00 GB reserved,       8.38 MB ( <1%) committed 
             Both:        1.05 GB reserved,      59.90 MB (  6%) committed 

Chunk freelists:
   Non-Class:  20.00 KB
       Class:  10.00 KB
        Both:  30.00 KB

MaxMetaspaceSize: 17179869184.00 GB
CompressedClassSpaceSize: 1.00 GB

CodeHeap 'non-profiled nmethods': size=120000Kb used=3181Kb max_used=3524Kb free=116818Kb
 bounds [0x000002aa07ad0000, 0x000002aa07e50000, 0x000002aa0f000000]
CodeHeap 'profiled nmethods': size=120000Kb used=10634Kb max_used=12206Kb free=109365Kb
 bounds [0x000002aa005a0000, 0x000002aa01190000, 0x000002aa07ad0000]
CodeHeap 'non-nmethods': size=5760Kb used=1327Kb max_used=1381Kb free=4432Kb
 bounds [0x000002aa00000000, 0x000002aa00270000, 0x000002aa005a0000]
 total_blobs=7673 nmethods=4947 adapters=520
 compilation: enabled
              stopped_count=0, restarted_count=0
 full_count=0

Compilation events (20 events):
Event: 34.622 Thread 0x000002aa7e96d000 5596   !   3       java.util.concurrent.ConcurrentHashMap::putVal (432 bytes)
Event: 34.624 Thread 0x000002aa7e96d000 nmethod 5596 0x000002aa0065f710 code [0x000002aa0065fa80, 0x000002aa00661d20]
Event: 34.631 Thread 0x000002aa7e96d000 5597       3       org.springframework.core.MethodParameter::<init> (99 bytes)
Event: 34.631 Thread 0x000002aa7e96d000 nmethod 5597 0x000002aa005d4c90 code [0x000002aa005d4e80, 0x000002aa005d5570]
Event: 34.633 Thread 0x000002aa7f59e000 5598       4       org.springframework.core.ResolvableType::resolveType (151 bytes)
Event: 34.633 Thread 0x000002aa7e96d000 5599       3       org.springframework.core.ResolvableType$DefaultVariableResolver::resolveVariable (9 bytes)
Event: 34.633 Thread 0x000002aa7e96d000 nmethod 5599 0x000002aa005d0990 code [0x000002aa005d0b40, 0x000002aa005d0d50]
Event: 34.638 Thread 0x000002aa7e96d000 5603       3       java.util.ResourceBundle$CacheKey::hashCode (23 bytes)
Event: 34.638 Thread 0x000002aa7e96d000 nmethod 5603 0x000002aa00635290 code [0x000002aa00635440, 0x000002aa00635660]
Event: 34.639 Thread 0x000002aa7e96d000 5604       1       org.apache.tomcat.util.http.MimeHeaderField::getName (5 bytes)
Event: 34.640 Thread 0x000002aa7e96d000 nmethod 5604 0x000002aa07bb2310 code [0x000002aa07bb24a0, 0x000002aa07bb25d8]
Event: 34.644 Thread 0x000002aa7e96d000 5605       3       org.apache.tomcat.util.buf.Ascii::toLower (14 bytes)
Event: 34.644 Thread 0x000002aa7e96d000 nmethod 5605 0x000002aa005ac190 code [0x000002aa005ac340, 0x000002aa005ac4b8]
Event: 34.645 Thread 0x000002aa7e96d000 5606       3       java.nio.Buffer::nextPutIndex (31 bytes)
Event: 34.645 Thread 0x000002aa7e96d000 nmethod 5606 0x000002aa005a3190 code [0x000002aa005a3340, 0x000002aa005a35f0]
Event: 34.645 Thread 0x000002aa7e96d000 5607       3       java.nio.HeapByteBuffer::put (16 bytes)
Event: 34.645 Thread 0x000002aa7e96d000 nmethod 5607 0x000002aa005dd690 code [0x000002aa005dd860, 0x000002aa005ddc10]
Event: 34.645 Thread 0x000002aa7e96d000 5608       3       org.apache.tomcat.util.buf.AbstractChunk::getLength (10 bytes)
Event: 34.645 Thread 0x000002aa7e96d000 nmethod 5608 0x000002aa005b0590 code [0x000002aa005b0720, 0x000002aa005b0898]
Event: 34.647 Thread 0x000002aa7e969800 nmethod 5593% 0x000002aa07bd9e10 code [0x000002aa07bda040, 0x000002aa07bdb510]

GC Heap History (20 events):
Event: 4.086 GC heap before
{Heap before GC invocations=12 (full 0):
 garbage-first heap   total 58368K, used 44523K [0x0000000084c00000, 0x0000000100000000)
  region size 1024K, 31 young (31744K), 2 survivors (2048K)
 Metaspace       used 29744K, capacity 30804K, committed 30848K, reserved 1075200K
  class space    used 3790K, capacity 4207K, committed 4224K, reserved 1048576K
}
Event: 4.088 GC heap after
{Heap after GC invocations=13 (full 0):
 garbage-first heap   total 58368K, used 16127K [0x0000000084c00000, 0x0000000100000000)
  region size 1024K, 3 young (3072K), 3 survivors (3072K)
 Metaspace       used 29744K, capacity 30804K, committed 30848K, reserved 1075200K
  class space    used 3790K, capacity 4207K, committed 4224K, reserved 1048576K
}
Event: 4.135 GC heap before
{Heap before GC invocations=13 (full 0):
 garbage-first heap   total 58368K, used 43775K [0x0000000084c00000, 0x0000000100000000)
  region size 1024K, 31 young (31744K), 3 survivors (3072K)
 Metaspace       used 29758K, capacity 30804K, committed 30848K, reserved 1075200K
  class space    used 3790K, capacity 4207K, committed 4224K, reserved 1048576K
}
Event: 4.137 GC heap after
{Heap after GC invocations=14 (full 0):
 garbage-first heap   total 58368K, used 16016K [0x0000000084c00000, 0x0000000100000000)
  region size 1024K, 1 young (1024K), 1 survivors (1024K)
 Metaspace       used 29758K, capacity 30804K, committed 30848K, reserved 1075200K
  class space    used 3790K, capacity 4207K, committed 4224K, reserved 1048576K
}
Event: 4.586 GC heap before
{Heap before GC invocations=14 (full 0):
 garbage-first heap   total 58368K, used 46736K [0x0000000084c00000, 0x0000000100000000)
  region size 1024K, 31 young (31744K), 1 survivors (1024K)
 Metaspace       used 33216K, capacity 34252K, committed 34432K, reserved 1079296K
  class space    used 4198K, capacity 4609K, committed 4736K, reserved 1048576K
}
Event: 4.588 GC heap after
{Heap after GC invocations=15 (full 0):
 garbage-first heap   total 58368K, used 17405K [0x0000000084c00000, 0x0000000100000000)
  region size 1024K, 3 young (3072K), 3 survivors (3072K)
 Metaspace       used 33216K, capacity 34252K, committed 34432K, reserved 1079296K
  class space    used 4198K, capacity 4609K, committed 4736K, reserved 1048576K
}
Event: 4.733 GC heap before
{Heap before GC invocations=15 (full 0):
 garbage-first heap   total 58368K, used 27645K [0x0000000084c00000, 0x0000000100000000)
  region size 1024K, 14 young (14336K), 3 survivors (3072K)
 Metaspace       used 34732K, capacity 35687K, committed 35840K, reserved 1081344K
  class space    used 4466K, capacity 4852K, committed 4864K, reserved 1048576K
}
Event: 4.736 GC heap after
{Heap after GC invocations=16 (full 0):
 garbage-first heap   total 58368K, used 18139K [0x0000000084c00000, 0x0000000100000000)
  region size 1024K, 3 young (3072K), 3 survivors (3072K)
 Metaspace       used 34732K, capacity 35687K, committed 35840K, reserved 1081344K
  class space    used 4466K, capacity 4852K, committed 4864K, reserved 1048576K
}
Event: 5.306 GC heap before
{Heap before GC invocations=17 (full 0):
 garbage-first heap   total 58368K, used 46811K [0x0000000084c00000, 0x0000000100000000)
  region size 1024K, 31 young (31744K), 3 survivors (3072K)
 Metaspace       used 40197K, capacity 41418K, committed 41548K, reserved 1085440K
  class space    used 5229K, capacity 5694K, committed 5760K, reserved 1048576K
}
Event: 5.312 GC heap after
{Heap after GC invocations=18 (full 0):
 garbage-first heap   total 58368K, used 20681K [0x0000000084c00000, 0x0000000100000000)
  region size 1024K, 4 young (4096K), 4 survivors (4096K)
 Metaspace       used 40197K, capacity 41418K, committed 41548K, reserved 1085440K
  class space    used 5229K, capacity 5694K, committed 5760K, reserved 1048576K
}
Event: 5.715 GC heap before
{Heap before GC invocations=18 (full 0):
 garbage-first heap   total 58368K, used 45257K [0x0000000084c00000, 0x0000000100000000)
  region size 1024K, 29 young (29696K), 4 survivors (4096K)
 Metaspace       used 44684K, capacity 45883K, committed 45900K, reserved 1089536K
  class space    used 5815K, capacity 6265K, committed 6272K, reserved 1048576K
}
Event: 5.719 GC heap after
{Heap after GC invocations=19 (full 0):
 garbage-first heap   total 70656K, used 22413K [0x0000000084c00000, 0x0000000100000000)
  region size 1024K, 2 young (2048K), 2 survivors (2048K)
 Metaspace       used 44684K, capacity 45883K, committed 45900K, reserved 1089536K
  class space    used 5815K, capacity 6265K, committed 6272K, reserved 1048576K
}
Event: 6.303 GC heap before
{Heap before GC invocations=19 (full 0):
 garbage-first heap   total 70656K, used 54157K [0x0000000084c00000, 0x0000000100000000)
  region size 1024K, 33 young (33792K), 2 survivors (2048K)
 Metaspace       used 51134K, capacity 52346K, committed 52556K, reserved 1095680K
  class space    used 6781K, capacity 7242K, committed 7296K, reserved 1048576K
}
Event: 6.306 GC heap after
{Heap after GC invocations=20 (full 0):
 garbage-first heap   total 70656K, used 23339K [0x0000000084c00000, 0x0000000100000000)
  region size 1024K, 3 young (3072K), 3 survivors (3072K)
 Metaspace       used 51134K, capacity 52346K, committed 52556K, reserved 1095680K
  class space    used 6781K, capacity 7242K, committed 7296K, reserved 1048576K
}
Event: 6.840 GC heap before
{Heap before GC invocations=20 (full 0):
 garbage-first heap   total 70656K, used 54059K [0x0000000084c00000, 0x0000000100000000)
  region size 1024K, 34 young (34816K), 3 survivors (3072K)
 Metaspace       used 53908K, capacity 55314K, committed 55628K, reserved 1097728K
  class space    used 7150K, capacity 7689K, committed 7808K, reserved 1048576K
}
Event: 6.847 GC heap after
{Heap after GC invocations=21 (full 0):
 garbage-first heap   total 70656K, used 25538K [0x0000000084c00000, 0x0000000100000000)
  region size 1024K, 5 young (5120K), 5 survivors (5120K)
 Metaspace       used 53908K, capacity 55314K, committed 55628K, reserved 1097728K
  class space    used 7150K, capacity 7689K, committed 7808K, reserved 1048576K
}
Event: 7.458 GC heap before
{Heap before GC invocations=21 (full 0):
 garbage-first heap   total 70656K, used 56258K [0x0000000084c00000, 0x0000000100000000)
  region size 1024K, 35 young (35840K), 5 survivors (5120K)
 Metaspace       used 57759K, capacity 59231K, committed 59468K, reserved 1099776K
  class space    used 7661K, capacity 8241K, committed 8320K, reserved 1048576K
}
Event: 7.463 GC heap after
{Heap after GC invocations=22 (full 0):
 garbage-first heap   total 70656K, used 27109K [0x0000000084c00000, 0x0000000100000000)
  region size 1024K, 4 young (4096K), 4 survivors (4096K)
 Metaspace       used 57759K, capacity 59231K, committed 59468K, reserved 1099776K
  class space    used 7661K, capacity 8241K, committed 8320K, reserved 1048576K
}
Event: 34.480 GC heap before
{Heap before GC invocations=22 (full 0):
 garbage-first heap   total 70656K, used 38373K [0x0000000084c00000, 0x0000000100000000)
  region size 1024K, 16 young (16384K), 4 survivors (4096K)
 Metaspace       used 58657K, capacity 60118K, committed 60288K, reserved 1101824K
  class space    used 7767K, capacity 8365K, committed 8448K, reserved 1048576K
}
Event: 34.483 GC heap after
{Heap after GC invocations=23 (full 0):
 garbage-first heap   total 70656K, used 27143K [0x0000000084c00000, 0x0000000100000000)
  region size 1024K, 2 young (2048K), 2 survivors (2048K)
 Metaspace       used 58657K, capacity 60118K, committed 60288K, reserved 1101824K
  class space    used 7767K, capacity 8365K, committed 8448K, reserved 1048576K
}

Deoptimization events (20 events):
Event: 7.563 Thread 0x000002aa7fe61800 DEOPT PACKING pc=0x000002aa07dd24a8 sp=0x000000eb73ffddd0
Event: 7.563 Thread 0x000002aa7fe61800 DEOPT UNPACKING pc=0x000002aa0004912f sp=0x000000eb73ffdd88 mode 2
Event: 7.563 Thread 0x000002aa7fe61800 Uncommon trap: trap_request=0xffffffde fr.pc=0x000002aa07dd24a8 relative=0x0000000000002408
Event: 7.563 Thread 0x000002aa7fe61800 Uncommon trap: reason=class_check action=maybe_recompile pc=0x000002aa07dd24a8 method=org.springframework.util.ConcurrentReferenceHashMap$ReferenceManager.pollForPurge()Lorg/springframework/util/ConcurrentReferenceHashMap$Reference; @ 7 c2
Event: 7.563 Thread 0x000002aa7fe61800 DEOPT PACKING pc=0x000002aa07dd24a8 sp=0x000000eb73ffddd0
Event: 7.563 Thread 0x000002aa7fe61800 DEOPT UNPACKING pc=0x000002aa0004912f sp=0x000000eb73ffdd88 mode 2
Event: 7.563 Thread 0x000002aa7fe61800 Uncommon trap: trap_request=0xffffffde fr.pc=0x000002aa07dd24a8 relative=0x0000000000002408
Event: 7.563 Thread 0x000002aa7fe61800 Uncommon trap: reason=class_check action=maybe_recompile pc=0x000002aa07dd24a8 method=org.springframework.util.ConcurrentReferenceHashMap$ReferenceManager.pollForPurge()Lorg/springframework/util/ConcurrentReferenceHashMap$Reference; @ 7 c2
Event: 7.563 Thread 0x000002aa7fe61800 DEOPT PACKING pc=0x000002aa07dd24a8 sp=0x000000eb73ffddd0
Event: 7.563 Thread 0x000002aa7fe61800 DEOPT UNPACKING pc=0x000002aa0004912f sp=0x000000eb73ffdd88 mode 2
Event: 9.347 Thread 0x000002aa13227000 Uncommon trap: trap_request=0xffffff45 fr.pc=0x000002aa07cc5338 relative=0x00000000000046d8
Event: 9.347 Thread 0x000002aa13227000 Uncommon trap: reason=unstable_if action=reinterpret pc=0x000002aa07cc5338 method=java.net.URL.<init>(Ljava/net/URL;Ljava/lang/String;Ljava/net/URLStreamHandler;)V @ 57 c2
Event: 9.347 Thread 0x000002aa13227000 DEOPT PACKING pc=0x000002aa07cc5338 sp=0x000000eb745fe9a0
Event: 9.347 Thread 0x000002aa13227000 DEOPT UNPACKING pc=0x000002aa0004912f sp=0x000000eb745fe970 mode 2
Event: 34.637 Thread 0x000002aa1881f800 DEOPT PACKING pc=0x000002aa00f153fe sp=0x000000eb74efbe10
Event: 34.637 Thread 0x000002aa1881f800 DEOPT UNPACKING pc=0x000002aa0004964e sp=0x000000eb74efb2c8 mode 0
Event: 34.640 Thread 0x000002aa1881f800 Uncommon trap: trap_request=0xffffff45 fr.pc=0x000002aa07b38c30 relative=0x0000000000000090
Event: 34.640 Thread 0x000002aa1881f800 Uncommon trap: reason=unstable_if action=reinterpret pc=0x000002aa07b38c30 method=java.lang.CharacterDataLatin1.isWhitespace(I)Z @ 14 c2
Event: 34.640 Thread 0x000002aa1881f800 DEOPT PACKING pc=0x000002aa07b38c30 sp=0x000000eb74efc340
Event: 34.640 Thread 0x000002aa1881f800 DEOPT UNPACKING pc=0x000002aa0004912f sp=0x000000eb74efc2b0 mode 2

Classes unloaded (0 events):
No events

Classes redefined (0 events):
No events

Internal exceptions (20 events):
Event: 6.755 Thread 0x000002aa7fe61800 Exception <a 'java/lang/ClassNotFoundException'{0x00000000877aaed0}: org/springframework/security/config/annotation/web/configuration/WebSecurityConfigurerAdapterCustomizer> (0x00000000877aaed0) 
thrown [t:/workspace/open/src/hotspot/share/classfile/systemDictionary.cpp, line 232]
Event: 6.758 Thread 0x000002aa7fe61800 Exception <a 'java/lang/ClassNotFoundException'{0x00000000877cf178}: org/springframework/boot/autoconfigure/security/servlet/SpringBootWebSecurityConfiguration$DefaultConfigurerAdapterCustomizer> (0x00000000877cf178) 
thrown [t:/workspace/open/src/hotspot/share/classfile/systemDictionary.cpp, line 232]
Event: 6.760 Thread 0x000002aa7fe61800 Exception <a 'java/lang/ClassNotFoundException'{0x00000000877e91e0}: org/springframework/security/config/annotation/web/WebSecurityConfigurerCustomizer> (0x00000000877e91e0) 
thrown [t:/workspace/open/src/hotspot/share/classfile/systemDictionary.cpp, line 232]
Event: 6.761 Thread 0x000002aa7fe61800 Exception <a 'java/lang/ClassNotFoundException'{0x00000000877fb940}: org/springframework/security/config/annotation/SecurityConfigurerCustomizer> (0x00000000877fb940) 
thrown [t:/workspace/open/src/hotspot/share/classfile/systemDictionary.cpp, line 232]
Event: 6.762 Thread 0x000002aa7fe61800 Exception <a 'java/lang/ClassNotFoundException'{0x00000000876088a0}: java/lang/ObjectCustomizer> (0x00000000876088a0) 
thrown [t:/workspace/open/src/hotspot/share/classfile/systemDictionary.cpp, line 232]
Event: 6.763 Thread 0x000002aa7fe61800 Exception <a 'java/lang/ClassNotFoundException'{0x0000000087622d20}: org/springframework/security/config/annotation/authentication/configuration/AuthenticationConfigurationCustomizer> (0x0000000087622d20) 
thrown [t:/workspace/open/src/hotspot/share/classfile/systemDictionary.cpp, line 232]
Event: 6.793 Thread 0x000002aa7fe61800 Exception <a 'java/lang/ClassNotFoundException'{0x00000000875a3dc8}: java/lang/ObjectCustomizer> (0x00000000875a3dc8) 
thrown [t:/workspace/open/src/hotspot/share/classfile/systemDictionary.cpp, line 232]
Event: 6.795 Thread 0x000002aa7fe61800 Exception <a 'java/lang/ClassNotFoundException'{0x00000000875bca58}: org/springframework/security/config/annotation/web/configuration/WebSecurityConfigurationCustomizer> (0x00000000875bca58) 
thrown [t:/workspace/open/src/hotspot/share/classfile/systemDictionary.cpp, line 232]
Event: 6.796 Thread 0x000002aa7fe61800 Exception <a 'java/lang/ClassNotFoundException'{0x00000000875d79f8}: org/springframework/context/annotation/ImportAwareCustomizer> (0x00000000875d79f8) 
thrown [t:/workspace/open/src/hotspot/share/classfile/systemDictionary.cpp, line 232]
Event: 6.797 Thread 0x000002aa7fe61800 Exception <a 'java/lang/ClassNotFoundException'{0x00000000875e7258}: org/springframework/beans/factory/AwareCustomizer> (0x00000000875e7258) 
thrown [t:/workspace/open/src/hotspot/share/classfile/systemDictionary.cpp, line 232]
Event: 6.798 Thread 0x000002aa7fe61800 Exception <a 'java/lang/ClassNotFoundException'{0x00000000875f7ab0}: org/springframework/beans/factory/BeanClassLoaderAwareCustomizer> (0x00000000875f7ab0) 
thrown [t:/workspace/open/src/hotspot/share/classfile/systemDictionary.cpp, line 232]
Event: 6.799 Thread 0x000002aa7fe61800 Exception <a 'java/lang/ClassNotFoundException'{0x0000000087407590}: org/springframework/beans/factory/AwareCustomizer> (0x0000000087407590) 
thrown [t:/workspace/open/src/hotspot/share/classfile/systemDictionary.cpp, line 232]
Event: 7.258 Thread 0x000002aa7fe61800 Exception <a 'java/lang/NoSuchMethodError'{0x0000000088118e80}: 'java.lang.Object java.lang.invoke.Invokers$Holder.linkToTargetMethod(java.lang.Object, int, java.lang.Object)'> (0x0000000088118e80) 
thrown [t:/workspace/open/src/hotspot/share/interpreter/linkResolver.cpp, line 767]
Event: 7.277 Thread 0x000002aa7fe61800 Exception <a 'java/lang/IncompatibleClassChangeError'{0x0000000087ff2640}: Found class java.lang.Object, but interface was expected> (0x0000000087ff2640) 
thrown [t:/workspace/open/src/hotspot/share/interpreter/linkResolver.cpp, line 833]
Event: 7.511 Thread 0x000002aa7fe61800 Exception <a 'java/lang/reflect/InvocationTargetException'{0x00000000890a8030}> (0x00000000890a8030) 
thrown [t:/workspace/open/src/hotspot/share/runtime/reflection.cpp, line 1188]
Event: 7.520 Thread 0x000002aa7fe61800 Exception <a 'java/lang/NoSuchMethodError'{0x0000000088912530}: 'int java.lang.invoke.DirectMethodHandle$Holder.invokeStatic(java.lang.Object, java.lang.Object, int)'> (0x0000000088912530) 
thrown [t:/workspace/open/src/hotspot/share/interpreter/linkResolver.cpp, line 767]
Event: 7.527 Thread 0x000002aa7fe61800 Exception <a 'java/lang/IncompatibleClassChangeError'{0x000000008895b518}: Found class java.lang.Object, but interface was expected> (0x000000008895b518) 
thrown [t:/workspace/open/src/hotspot/share/interpreter/linkResolver.cpp, line 833]
Event: 34.627 Thread 0x000002aa1881f800 Exception <a 'java/lang/NoSuchMethodError'{0x000000008906d9f0}: 'void java.lang.invoke.DirectMethodHandle$Holder.invokeStaticInit(java.lang.Object, java.lang.Object, java.lang.Object)'> (0x000000008906d9f0) 
thrown [t:/workspace/open/src/hotspot/share/interpreter/linkResolver.cpp, line 767]
Event: 34.634 Thread 0x000002aa1881f800 Exception <a 'java/lang/NoSuchMethodError'{0x00000000890e62e8}: 'java.lang.Object java.lang.invoke.DirectMethodHandle$Holder.invokeStatic(java.lang.Object, int, java.lang.Object, java.lang.Object)'> (0x00000000890e62e8) 
thrown [t:/workspace/open/src/hotspot/share/interpreter/linkResolver.cpp, line 767]
Event: 34.635 Thread 0x000002aa1881f800 Exception <a 'java/lang/NoSuchMethodError'{0x00000000890ecd40}: 'java.lang.Object java.lang.invoke.DirectMethodHandle$Holder.invokeSpecial(java.lang.Object, java.lang.Object, int, java.lang.Object, java.lang.Object)'> (0x00000000890ecd40) 
thrown [t:/workspace/open/src/hotspot/share/interpreter/linkResolver.cpp, line 767]

Events (20 events):
Event: 34.637 loading class org/springframework/security/messages_en_US
Event: 34.637 loading class org/springframework/security/messages_en_US done
Event: 34.638 loading class org/springframework/web/context/request/ServletWebRequest
Event: 34.638 loading class org/springframework/web/context/request/ServletWebRequest done
Event: 34.641 loading class org/springframework/security/web/util/RedirectUrlBuilder
Event: 34.641 loading class org/springframework/security/web/util/RedirectUrlBuilder done
Event: 34.642 loading class org/apache/tomcat/util/buf/UriUtil
Event: 34.642 loading class org/apache/tomcat/util/buf/UriUtil done
Event: 34.643 loading class org/springframework/web/util/WebUtils
Event: 34.643 loading class org/springframework/web/util/WebUtils done
Event: 34.644 loading class org/apache/coyote/http11/Constants
Event: 34.644 loading class org/apache/coyote/http11/Constants done
Event: 34.645 loading class org/apache/tomcat/util/net/NioBlockingSelector$KeyReference
Event: 34.645 loading class org/apache/tomcat/util/net/NioBlockingSelector$KeyReference done
Event: 34.649 loading class org/apache/tomcat/util/net/NioBlockingSelector$BlockPoller$RunnableRemove
Event: 34.649 loading class org/apache/tomcat/util/net/NioBlockingSelector$BlockPoller$RunnableRemove done
Event: 34.649 Executing VM operation: RevokeBias
Event: 34.649 Executing VM operation: RevokeBias done
Event: 34.650 Executing VM operation: RevokeBias
Event: 34.650 Executing VM operation: RevokeBias done


Dynamic libraries:
0x00007ff7c3a60000 - 0x00007ff7c3a6f000 	C:\Program Files\Java\jdk-13.0.2\bin\java.exe
0x00007ffaba1a0000 - 0x00007ffaba381000 	C:\WINDOWS\SYSTEM32\ntdll.dll
0x00007ffab7e40000 - 0x00007ffab7ef1000 	C:\WINDOWS\System32\KERNEL32.DLL
0x00007ffab7300000 - 0x00007ffab7573000 	C:\WINDOWS\System32\KERNELBASE.dll
0x00007ffab7200000 - 0x00007ffab72f8000 	C:\WINDOWS\System32\ucrtbase.dll
0x00007ffa8d8c0000 - 0x00007ffa8d8d8000 	C:\Program Files\Java\jdk-13.0.2\bin\jli.dll
0x00007ffab77e0000 - 0x00007ffab7881000 	C:\WINDOWS\System32\ADVAPI32.dll
0x00007ffab8740000 - 0x00007ffab87de000 	C:\WINDOWS\System32\msvcrt.dll
0x00007ffab7630000 - 0x00007ffab768b000 	C:\WINDOWS\System32\sechost.dll
0x00007ffab8320000 - 0x00007ffab8444000 	C:\WINDOWS\System32\RPCRT4.dll
0x00007ffab9fe0000 - 0x00007ffaba170000 	C:\WINDOWS\System32\USER32.dll
0x00007ffab6a10000 - 0x00007ffab6a30000 	C:\WINDOWS\System32\win32u.dll
0x00007ffab76c0000 - 0x00007ffab76e8000 	C:\WINDOWS\System32\GDI32.dll
0x00007ffab6870000 - 0x00007ffab6a02000 	C:\WINDOWS\System32\gdi32full.dll
0x00007ffab6560000 - 0x00007ffab65ff000 	C:\WINDOWS\System32\msvcp_win.dll
0x00007ffa8d8a0000 - 0x00007ffa8d8b5000 	C:\Program Files\Java\jdk-13.0.2\bin\VCRUNTIME140.dll
0x00007ffaa4350000 - 0x00007ffaa45b9000 	C:\WINDOWS\WinSxS\amd64_microsoft.windows.common-controls_6595b64144ccf1df_6.0.17134.1550_none_d40142657c8ef2c1\COMCTL32.dll
0x00007ffab7f20000 - 0x00007ffab8240000 	C:\WINDOWS\System32\combase.dll
0x00007ffab6600000 - 0x00007ffab6679000 	C:\WINDOWS\System32\bcryptPrimitives.dll
0x00007ffab1c80000 - 0x00007ffab1c8a000 	C:\WINDOWS\SYSTEM32\VERSION.dll
0x00007ffab7690000 - 0x00007ffab76bd000 	C:\WINDOWS\System32\IMM32.DLL
0x00007ffa78150000 - 0x00007ffa781eb000 	C:\Program Files\Java\jdk-13.0.2\bin\msvcp140.dll
0x00007ffa5f550000 - 0x00007ffa600ad000 	C:\Program Files\Java\jdk-13.0.2\bin\server\jvm.dll
0x00007ffab8310000 - 0x00007ffab8318000 	C:\WINDOWS\System32\PSAPI.DLL
0x00007ffa79eb0000 - 0x00007ffa79eb9000 	C:\WINDOWS\SYSTEM32\WSOCK32.dll
0x00007ffab86c0000 - 0x00007ffab872c000 	C:\WINDOWS\System32\WS2_32.dll
0x00007ffab4720000 - 0x00007ffab4743000 	C:\WINDOWS\SYSTEM32\WINMM.dll
0x00007ffab46f0000 - 0x00007ffab471a000 	C:\WINDOWS\SYSTEM32\WINMMBASE.dll
0x00007ffab7580000 - 0x00007ffab75c9000 	C:\WINDOWS\System32\cfgmgr32.dll
0x00007ffab6540000 - 0x00007ffab6551000 	C:\WINDOWS\System32\kernel.appcore.dll
0x00007ffa8d890000 - 0x00007ffa8d8a0000 	C:\Program Files\Java\jdk-13.0.2\bin\verify.dll
0x00007ffaa7570000 - 0x00007ffaa7739000 	C:\WINDOWS\SYSTEM32\DBGHELP.DLL
0x00007ffaa7260000 - 0x00007ffaa7289000 	C:\WINDOWS\SYSTEM32\dbgcore.DLL
0x00007ffa78120000 - 0x00007ffa78146000 	C:\Program Files\Java\jdk-13.0.2\bin\java.dll
0x00007ffab3150000 - 0x00007ffab315e000 	C:\Program Files\Java\jdk-13.0.2\bin\instrument.dll
0x00007ffa794e0000 - 0x00007ffa794f7000 	C:\Program Files\Java\jdk-13.0.2\bin\zip.dll
0x00007ffa8d880000 - 0x00007ffa8d88a000 	C:\Program Files\Java\jdk-13.0.2\bin\jimage.dll
0x00007ffab8ab0000 - 0x00007ffab9ef5000 	C:\WINDOWS\System32\SHELL32.dll
0x00007ffab8880000 - 0x00007ffab8929000 	C:\WINDOWS\System32\shcore.dll
0x00007ffab6a30000 - 0x00007ffab7141000 	C:\WINDOWS\System32\windows.storage.dll
0x00007ffab9f00000 - 0x00007ffab9f51000 	C:\WINDOWS\System32\shlwapi.dll
0x00007ffab6500000 - 0x00007ffab651f000 	C:\WINDOWS\System32\profapi.dll
0x00007ffab64b0000 - 0x00007ffab64fc000 	C:\WINDOWS\System32\powrprof.dll
0x00007ffab64a0000 - 0x00007ffab64aa000 	C:\WINDOWS\System32\FLTLIB.DLL
0x00007ffa78100000 - 0x00007ffa78119000 	C:\Program Files\Java\jdk-13.0.2\bin\net.dll
0x00007ffab20a0000 - 0x00007ffab217d000 	C:\WINDOWS\SYSTEM32\WINHTTP.dll
0x00007ffab5cc0000 - 0x00007ffab5d26000 	C:\WINDOWS\system32\mswsock.dll
0x00007ffa780e0000 - 0x00007ffa780f3000 	C:\Program Files\Java\jdk-13.0.2\bin\nio.dll
0x00007ffab3130000 - 0x00007ffab314a000 	C:\Program Files\JetBrains\IntelliJ IDEA Community Edition 2019.3.1\bin\breakgen64.dll
0x00007ffa79f20000 - 0x00007ffa79f29000 	C:\Program Files\Java\jdk-13.0.2\bin\management.dll
0x00007ffa782d0000 - 0x00007ffa782db000 	C:\Program Files\Java\jdk-13.0.2\bin\management_ext.dll
0x00007ffaa46f0000 - 0x00007ffaa4706000 	C:\WINDOWS\system32\napinsp.dll
0x00007ffaa46d0000 - 0x00007ffaa46ea000 	C:\WINDOWS\system32\pnrpnsp.dll
0x00007ffab2e90000 - 0x00007ffab2ea9000 	C:\WINDOWS\system32\NLAapi.dll
0x00007ffab5a50000 - 0x00007ffab5b0f000 	C:\WINDOWS\SYSTEM32\DNSAPI.dll
0x00007ffab8300000 - 0x00007ffab8308000 	C:\WINDOWS\System32\NSI.dll
0x00007ffab5a10000 - 0x00007ffab5a48000 	C:\WINDOWS\SYSTEM32\IPHLPAPI.DLL
0x00007ffaa6060000 - 0x00007ffaa606e000 	C:\WINDOWS\System32\winrnr.dll
0x00007ffaadde0000 - 0x00007ffaaddea000 	C:\Windows\System32\rasadhlp.dll
0x00007ffaaf6f0000 - 0x00007ffaaf762000 	C:\WINDOWS\System32\fwpuclnt.dll
0x00007ffab5fa0000 - 0x00007ffab5fc5000 	C:\WINDOWS\SYSTEM32\bcrypt.dll
0x00007ffab5e80000 - 0x00007ffab5e97000 	C:\WINDOWS\SYSTEM32\CRYPTSP.dll
0x00007ffab5870000 - 0x00007ffab58a3000 	C:\WINDOWS\system32\rsaenh.dll
0x00007ffab63a0000 - 0x00007ffab63c8000 	C:\WINDOWS\SYSTEM32\USERENV.dll
0x00007ffab5e70000 - 0x00007ffab5e7b000 	C:\WINDOWS\SYSTEM32\CRYPTBASE.dll
0x00007ffab05f0000 - 0x00007ffab0606000 	C:\WINDOWS\SYSTEM32\dhcpcsvc6.DLL
0x00007ffab0570000 - 0x00007ffab058a000 	C:\WINDOWS\SYSTEM32\dhcpcsvc.DLL

dbghelp: loaded successfully - version: 4.0.5 - missing functions: none
symbol engine: initialized successfully - sym options: 0x614 - pdb path: .;C:\Program Files\Java\jdk-13.0.2\bin;C:\WINDOWS\SYSTEM32;C:\WINDOWS\WinSxS\amd64_microsoft.windows.common-controls_6595b64144ccf1df_6.0.17134.1550_none_d40142657c8ef2c1;C:\Program Files\Java\jdk-13.0.2\bin\server;C:\Program Files\JetBrains\IntelliJ IDEA Community Edition 2019.3.1\bin

VM Arguments:
jvm_args: -javaagent:C:\Program Files\JetBrains\IntelliJ IDEA Community Edition 2019.3.1\lib\idea_rt.jar=50917:C:\Program Files\JetBrains\IntelliJ IDEA Community Edition 2019.3.1\bin -Dfile.encoding=UTF-8 
java_command: com.example.employees.EmployeesApplication
java_class_path (initial): C:\Users\Frane\Documents\employees\target\classes;C:\Users\Frane\.m2\repository\org\springframework\boot\spring-boot-starter-data-jpa\2.3.0.RELEASE\spring-boot-starter-data-jpa-2.3.0.RELEASE.jar;C:\Users\Frane\.m2\repository\org\springframework\boot\spring-boot-starter-aop\2.3.0.RELEASE\spring-boot-starter-aop-2.3.0.RELEASE.jar;C:\Users\Frane\.m2\repository\org\aspectj\aspectjweaver\1.9.5\aspectjweaver-1.9.5.jar;C:\Users\Frane\.m2\repository\org\springframework\boot\spring-boot-starter-jdbc\2.3.0.RELEASE\spring-boot-starter-jdbc-2.3.0.RELEASE.jar;C:\Users\Frane\.m2\repository\com\zaxxer\HikariCP\3.4.5\HikariCP-3.4.5.jar;C:\Users\Frane\.m2\repository\org\springframework\spring-jdbc\5.2.6.RELEASE\spring-jdbc-5.2.6.RELEASE.jar;C:\Users\Frane\.m2\repository\jakarta\transaction\jakarta.transaction-api\1.3.3\jakarta.transaction-api-1.3.3.jar;C:\Users\Frane\.m2\repository\jakarta\persistence\jakarta.persistence-api\2.2.3\jakarta.persistence-api-2.2.3.jar;C:\Users\Frane\.m2\repository\org\hibernate\hibernate-core\5.4.15.Final\hibernate-core-5.4.15.Final.jar;C:\Users\Frane\.m2\repository\org\jboss\logging\jboss-logging\3.4.1.Final\jboss-logging-3.4.1.Final.jar;C:\Users\Frane\.m2\repository\org\javassist\javassist\3.24.0-GA\javassist-3.24.0-GA.jar;C:\Users\Frane\.m2\repository\net\bytebuddy\byte-buddy\1.10.10\byte-buddy-1.10.10.jar;C:\Users\Frane\.m2\repository\antlr\antlr\2.7.7\antlr-2.7.7.jar;C:\Users\Frane\.m2\repository\org\jboss\jandex\2.1.3.Final\jandex-2.1.3.Final.jar;C:\Users\Frane\.m2\repository\com\fasterxml\classmate\1.5.1\classmate-1.5.1.jar;C:\Users\Frane\.m2\repository\org\dom4j\dom4j\2.1.3\dom4j-2.1.3.jar;C:\Users\Frane\.m2\repository\org\hibernate\common\hibernate-commons-annotations\5.1.0.Final\hibernate-commons-annotations-5.1.0.Final.jar;C:\Users\Frane\.m2\repository\org\glassfish\jaxb\jaxb-runtime\2.3.3\jaxb-runtime-2.3.3.jar;C:\Users\Frane\.m2\repository\org\glassfish\jaxb\txw2\2.3.3\txw2-2.3.3.jar;C:\Users\Frane\.m2\repositor
Launcher Type: SUN_STANDARD

[Global flags]
     intx CICompilerCount                          = 3                                         {product} {ergonomic}
     uint ConcGCThreads                            = 1                                         {product} {ergonomic}
     uint G1ConcRefinementThreads                  = 4                                         {product} {ergonomic}
   size_t G1HeapRegionSize                         = 1048576                                   {product} {ergonomic}
    uintx GCDrainStackTargetSize                   = 64                                        {product} {ergonomic}
   size_t InitialHeapSize                          = 130023424                                 {product} {ergonomic}
   size_t MarkStackSize                            = 4194304                                   {product} {ergonomic}
   size_t MaxHeapSize                              = 2067791872                                {product} {ergonomic}
   size_t MaxNewSize                               = 1240465408                                {product} {ergonomic}
   size_t MinHeapDeltaBytes                        = 1048576                                   {product} {ergonomic}
   size_t MinHeapSize                              = 8388608                                   {product} {ergonomic}
    uintx NonNMethodCodeHeapSize                   = 5832780                                {pd product} {ergonomic}
    uintx NonProfiledCodeHeapSize                  = 122912730                              {pd product} {ergonomic}
    uintx ProfiledCodeHeapSize                     = 122912730                              {pd product} {ergonomic}
    uintx ReservedCodeCacheSize                    = 251658240                              {pd product} {ergonomic}
     bool SegmentedCodeCache                       = true                                      {product} {ergonomic}
   size_t SoftMaxHeapSize                          = 2067791872                             {manageable} {ergonomic}
     bool UseCompressedClassPointers               = true                                 {lp64_product} {ergonomic}
     bool UseCompressedOops                        = true                                 {lp64_product} {ergonomic}
     bool UseG1GC                                  = true                                      {product} {ergonomic}
     bool UseLargePagesIndividualAllocation        = false                                  {pd product} {ergonomic}

Logging:
Log output configuration:
 #0: stdout all=warning uptime,level,tags
 #1: stderr all=off uptime,level,tags

Environment Variables:
JAVA_HOME=C:\Program Files\Java\jdk-13.0.2
CLASSPATH=.;
PATH=C:\Users\Frane\Downloads\ffmpeg\bin;%PATH;C:\Program Files\Microsoft SQL Server\Client SDK\ODBC\170\Tools\Binn\;C:\Program Files (x86)\Microsoft SQL Server\150\Tools\Binn\;C:\Program Files\Microsoft SQL Server\150\Tools\Binn\;C:\Program Files\Microsoft SQL Server\150\DTS\Binn\;C:\Program Files\dotnet\;C:\Program Files\PostgreSQL\12\bin;C:\Go\bin;C:\Program Files\apache-maven-3.6.3\bin;C:\Program Files\Java\jdk-13.0.2\bin;;C:\Program Files\Microsoft VS Code\bin;C:\Users\Frane\AppData\Local\Programs\Python\Python38-32\Scripts\;C:\Users\Frane\AppData\Local\Programs\Python\Python38-32\;C:\Ruby26-x64\bin;C:\Users\Frane\.windows-build-tools\python27\;C:\Program Files\nodejs\node_modules\npm\bin\node-gyp-bin;C:\Users\Frane\AppData\Roaming\npm\node_modules\windows-build-tools\node_modules\.bin;C:\Users\Frane\AppData\Roaming\npm\node_modules\.bin;C:\ProgramData\DockerDesktop\version-bin;C:\Program Files\Docker\Docker\Resources\bin;C:\WINDOWS\system32;C:\WINDOWS;C:\WINDOWS\System32\Wbem;C:\WINDOWS\System32\WindowsPowerShell\v1.0\;C:\Program Files\nodejs\;C:\xampp\php;C:\ProgramData\ComposerSetup\bin;C:\WINDOWS\System32\OpenSSH\;C:\Program Files\Git\cmd;C:\Program Files\Microsoft VS Code\bin;C:\Program Files\Java\jdk1.8.0_181\bin;C:\Program Files\dotnet\;C:\Program Files\Microsoft SQL Server\Client SDK\ODBC\130\Tools\Binn\;C:\Program Files (x86)\Microsoft SQL Server\140\Tools\Binn\;C:\Program Files\Microsoft SQL Server\140\Tools\Binn\;C:\Program Files\Microsoft SQL Server\140\DTS\Binn\;C:\Program Files\Microsoft SQL Server\130\Tools\Binn\;C:\Program Files (x86)\Microsoft SQL Server\Client SDK\ODBC\130\Tools\Binn\;C:\Program Files (x86)\Microsoft SQL Server\140\DTS\Binn\;C:\Program Files (x86)\Microsoft SQL Server\140\Tools\Binn\ManagementStudio\;C:\Users\Frane\AppData\Local\Programs\Python\Python37-32\Scripts\;C:\Users\Frane\AppData\Local\Programs\Python\Python37-32\;C:\Users\Frane\AppData\Local\Microsoft\WindowsApps;C:\Users\Frane\AppData\Roaming\Composer\vendor\bin;C:\Prog
USERNAME=Frane
OS=Windows_NT
PROCESSOR_IDENTIFIER=Intel64 Family 6 Model 158 Stepping 9, GenuineIntel



---------------  S Y S T E M  ---------------

OS: Windows 10 , 64 bit Build 17134 (10.0.17134.1425)

CPU:total 4 (initial active 4) (4 cores per cpu, 1 threads per core) family 6 model 158 stepping 9, cmov, cx8, fxsr, mmx, sse, sse2, sse3, ssse3, sse4.1, sse4.2, popcnt, avx, avx2, aes, clmul, erms, rtm, 3dnowpref, lzcnt, tsc, tscinvbit, bmi1, bmi2, adx, fma

Memory: 4k page, system-wide physical 7883M (895M free)
TotalPageFile size 9935M (AvailPageFile size 18M)
current process WorkingSet (physical memory assigned to process): 238M, peak: 277M
current process commit charge ("private bytes"): 275M, peak: 311M

vm_info: Java HotSpot(TM) 64-Bit Server VM (13.0.2+8) for windows-amd64 JRE (13.0.2+8), built on Dec 11 2019 09:20:33 by "mach5one" with unknown MS VC++:1916

END.
